Analysis & Synthesis report for atv04
Fri Jun 21 13:43:27 2024
Quartus Prime Version 17.0.0 Build 595 04/25/2017 SJ Lite Edition


---------------------
; Table of Contents ;
---------------------
  1. Legal Notice
  2. Analysis & Synthesis Summary
  3. Analysis & Synthesis Settings
  4. Parallel Compilation
  5. Analysis & Synthesis Source Files Read
  6. Analysis & Synthesis Resource Usage Summary
  7. Analysis & Synthesis Resource Utilization by Entity
  8. State Machine - |sistema|controle:controle01|PrState
  9. Registers Removed During Synthesis
 10. General Register Statistics
 11. Inverted Register Statistics
 12. Multiplexer Restructuring Statistics (Restructuring Performed)
 13. Parameter Settings for User Entity Instance: controle:controle01
 14. Parameter Settings for Inferred Entity Instance: operacional:op01|ALU2bits:alu01|lpm_divide:Div0
 15. Parameter Settings for Inferred Entity Instance: operacional:op01|ALU2bits:alu01|lpm_divide:Mod0
 16. Post-Synthesis Netlist Statistics for Top Partition
 17. Elapsed Time Per Partition
 18. Analysis & Synthesis Messages



----------------
; Legal Notice ;
----------------
Copyright (C) 2017  Intel Corporation. All rights reserved.
Your use of Intel Corporation's design tools, logic functions 
and other software and tools, and its AMPP partner logic 
functions, and any output files from any of the foregoing 
(including device programming or simulation files), and any 
associated documentation or information are expressly subject 
to the terms and conditions of the Intel Program License 
Subscription Agreement, the Intel Quartus Prime License Agreement,
the Intel MegaCore Function License Agreement, or other 
applicable license agreement, including, without limitation, 
that your use is for the sole purpose of programming logic 
devices manufactured by Intel and sold by Intel or its 
authorized distributors.  Please refer to the applicable 
agreement for further details.



+----------------------------------------------------------------------------------+
; Analysis & Synthesis Summary                                                     ;
+------------------------------------+---------------------------------------------+
; Analysis & Synthesis Status        ; Successful - Fri Jun 21 13:43:27 2024       ;
; Quartus Prime Version              ; 17.0.0 Build 595 04/25/2017 SJ Lite Edition ;
; Revision Name                      ; atv04                                       ;
; Top-level Entity Name              ; sistema                                     ;
; Family                             ; Cyclone IV E                                ;
; Total logic elements               ; 67                                          ;
;     Total combinational functions  ; 63                                          ;
;     Dedicated logic registers      ; 17                                          ;
; Total registers                    ; 17                                          ;
; Total pins                         ; 20                                          ;
; Total virtual pins                 ; 0                                           ;
; Total memory bits                  ; 0                                           ;
; Embedded Multiplier 9-bit elements ; 0                                           ;
; Total PLLs                         ; 0                                           ;
+------------------------------------+---------------------------------------------+


+----------------------------------------------------------------------------------------------------------------------+
; Analysis & Synthesis Settings                                                                                        ;
+----------------------------------------------------------------------------+--------------------+--------------------+
; Option                                                                     ; Setting            ; Default Value      ;
+----------------------------------------------------------------------------+--------------------+--------------------+
; Device                                                                     ; EP4CE115F29C7      ;                    ;
; Top-level entity name                                                      ; sistema            ; atv04              ;
; Family name                                                                ; Cyclone IV E       ; Cyclone V          ;
; Use smart compilation                                                      ; Off                ; Off                ;
; Enable parallel Assembler and TimeQuest Timing Analyzer during compilation ; On                 ; On                 ;
; Enable compact report table                                                ; Off                ; Off                ;
; Restructure Multiplexers                                                   ; Auto               ; Auto               ;
; Create Debugging Nodes for IP Cores                                        ; Off                ; Off                ;
; Preserve fewer node names                                                  ; On                 ; On                 ;
; OpenCore Plus hardware evaluation                                          ; Enable             ; Enable             ;
; Verilog Version                                                            ; Verilog_2001       ; Verilog_2001       ;
; VHDL Version                                                               ; VHDL_1993          ; VHDL_1993          ;
; State Machine Processing                                                   ; Auto               ; Auto               ;
; Safe State Machine                                                         ; Off                ; Off                ;
; Extract Verilog State Machines                                             ; On                 ; On                 ;
; Extract VHDL State Machines                                                ; On                 ; On                 ;
; Ignore Verilog initial constructs                                          ; Off                ; Off                ;
; Iteration limit for constant Verilog loops                                 ; 5000               ; 5000               ;
; Iteration limit for non-constant Verilog loops                             ; 250                ; 250                ;
; Add Pass-Through Logic to Inferred RAMs                                    ; On                 ; On                 ;
; Infer RAMs from Raw Logic                                                  ; On                 ; On                 ;
; Parallel Synthesis                                                         ; On                 ; On                 ;
; DSP Block Balancing                                                        ; Auto               ; Auto               ;
; NOT Gate Push-Back                                                         ; On                 ; On                 ;
; Power-Up Don't Care                                                        ; On                 ; On                 ;
; Remove Redundant Logic Cells                                               ; Off                ; Off                ;
; Remove Duplicate Registers                                                 ; On                 ; On                 ;
; Ignore CARRY Buffers                                                       ; Off                ; Off                ;
; Ignore CASCADE Buffers                                                     ; Off                ; Off                ;
; Ignore GLOBAL Buffers                                                      ; Off                ; Off                ;
; Ignore ROW GLOBAL Buffers                                                  ; Off                ; Off                ;
; Ignore LCELL Buffers                                                       ; Off                ; Off                ;
; Ignore SOFT Buffers                                                        ; On                 ; On                 ;
; Limit AHDL Integers to 32 Bits                                             ; Off                ; Off                ;
; Optimization Technique                                                     ; Balanced           ; Balanced           ;
; Carry Chain Length                                                         ; 70                 ; 70                 ;
; Auto Carry Chains                                                          ; On                 ; On                 ;
; Auto Open-Drain Pins                                                       ; On                 ; On                 ;
; Perform WYSIWYG Primitive Resynthesis                                      ; Off                ; Off                ;
; Auto ROM Replacement                                                       ; On                 ; On                 ;
; Auto RAM Replacement                                                       ; On                 ; On                 ;
; Auto DSP Block Replacement                                                 ; On                 ; On                 ;
; Auto Shift Register Replacement                                            ; Auto               ; Auto               ;
; Allow Shift Register Merging across Hierarchies                            ; Auto               ; Auto               ;
; Auto Clock Enable Replacement                                              ; On                 ; On                 ;
; Strict RAM Replacement                                                     ; Off                ; Off                ;
; Allow Synchronous Control Signals                                          ; On                 ; On                 ;
; Force Use of Synchronous Clear Signals                                     ; Off                ; Off                ;
; Auto RAM Block Balancing                                                   ; On                 ; On                 ;
; Auto RAM to Logic Cell Conversion                                          ; Off                ; Off                ;
; Auto Resource Sharing                                                      ; Off                ; Off                ;
; Allow Any RAM Size For Recognition                                         ; Off                ; Off                ;
; Allow Any ROM Size For Recognition                                         ; Off                ; Off                ;
; Allow Any Shift Register Size For Recognition                              ; Off                ; Off                ;
; Use LogicLock Constraints during Resource Balancing                        ; On                 ; On                 ;
; Ignore translate_off and synthesis_off directives                          ; Off                ; Off                ;
; Timing-Driven Synthesis                                                    ; On                 ; On                 ;
; Report Parameter Settings                                                  ; On                 ; On                 ;
; Report Source Assignments                                                  ; On                 ; On                 ;
; Report Connectivity Checks                                                 ; On                 ; On                 ;
; Ignore Maximum Fan-Out Assignments                                         ; Off                ; Off                ;
; Synchronization Register Chain Length                                      ; 2                  ; 2                  ;
; PowerPlay Power Optimization During Synthesis                              ; Normal compilation ; Normal compilation ;
; HDL message level                                                          ; Level2             ; Level2             ;
; Suppress Register Optimization Related Messages                            ; Off                ; Off                ;
; Number of Removed Registers Reported in Synthesis Report                   ; 5000               ; 5000               ;
; Number of Swept Nodes Reported in Synthesis Report                         ; 5000               ; 5000               ;
; Number of Inverted Registers Reported in Synthesis Report                  ; 100                ; 100                ;
; Clock MUX Protection                                                       ; On                 ; On                 ;
; Auto Gated Clock Conversion                                                ; Off                ; Off                ;
; Block Design Naming                                                        ; Auto               ; Auto               ;
; SDC constraint protection                                                  ; Off                ; Off                ;
; Synthesis Effort                                                           ; Auto               ; Auto               ;
; Shift Register Replacement - Allow Asynchronous Clear Signal               ; On                 ; On                 ;
; Pre-Mapping Resynthesis Optimization                                       ; Off                ; Off                ;
; Analysis & Synthesis Message Level                                         ; Medium             ; Medium             ;
; Disable Register Merging Across Hierarchies                                ; Auto               ; Auto               ;
; Resource Aware Inference For Block RAM                                     ; On                 ; On                 ;
+----------------------------------------------------------------------------+--------------------+--------------------+


+------------------------------------------+
; Parallel Compilation                     ;
+----------------------------+-------------+
; Processors                 ; Number      ;
+----------------------------+-------------+
; Number detected on machine ; 12          ;
; Maximum allowed            ; 6           ;
;                            ;             ;
; Average used               ; 1.00        ;
; Maximum used               ; 6           ;
;                            ;             ;
; Usage by Processor         ; % Time Used ;
;     Processor 1            ; 100.0%      ;
;     Processors 2-6         ;   0.0%      ;
+----------------------------+-------------+


+--------------------------------------------------------------------------------------------------------------------------------------------------------------------------+
; Analysis & Synthesis Source Files Read                                                                                                                                   ;
+----------------------------------+-----------------+------------------------------+----------------------------------------------------------------------------+---------+
; File Name with User-Entered Path ; Used in Netlist ; File Type                    ; File Name with Absolute Path                                               ; Library ;
+----------------------------------+-----------------+------------------------------+----------------------------------------------------------------------------+---------+
; sistema.v                        ; yes             ; User Verilog HDL File        ; C:/Users/welly/Documents/GitHub/LT39A/pratica04/sistema.v                  ;         ;
; mod8counter.v                    ; yes             ; User Verilog HDL File        ; C:/Users/welly/Documents/GitHub/LT39A/pratica04/mod8counter.v              ;         ;
; registrador.v                    ; yes             ; User Verilog HDL File        ; C:/Users/welly/Documents/GitHub/LT39A/pratica04/registrador.v              ;         ;
; operacional.v                    ; yes             ; User Verilog HDL File        ; C:/Users/welly/Documents/GitHub/LT39A/pratica04/operacional.v              ;         ;
; muxIn.v                          ; yes             ; User Verilog HDL File        ; C:/Users/welly/Documents/GitHub/LT39A/pratica04/muxIn.v                    ;         ;
; ALU2bits.v                       ; yes             ; User Verilog HDL File        ; C:/Users/welly/Documents/GitHub/LT39A/pratica04/ALU2bits.v                 ;         ;
; controle.v                       ; yes             ; User Verilog HDL File        ; C:/Users/welly/Documents/GitHub/LT39A/pratica04/controle.v                 ;         ;
; lpm_divide.tdf                   ; yes             ; Megafunction                 ; c:/intelfpga_lite/17.0/quartus/libraries/megafunctions/lpm_divide.tdf      ;         ;
; abs_divider.inc                  ; yes             ; Megafunction                 ; c:/intelfpga_lite/17.0/quartus/libraries/megafunctions/abs_divider.inc     ;         ;
; sign_div_unsign.inc              ; yes             ; Megafunction                 ; c:/intelfpga_lite/17.0/quartus/libraries/megafunctions/sign_div_unsign.inc ;         ;
; aglobal170.inc                   ; yes             ; Megafunction                 ; c:/intelfpga_lite/17.0/quartus/libraries/megafunctions/aglobal170.inc      ;         ;
; db/lpm_divide_fhm.tdf            ; yes             ; Auto-Generated Megafunction  ; C:/Users/welly/Documents/GitHub/LT39A/pratica04/db/lpm_divide_fhm.tdf      ;         ;
; db/sign_div_unsign_7kh.tdf       ; yes             ; Auto-Generated Megafunction  ; C:/Users/welly/Documents/GitHub/LT39A/pratica04/db/sign_div_unsign_7kh.tdf ;         ;
; db/alt_u_div_24f.tdf             ; yes             ; Auto-Generated Megafunction  ; C:/Users/welly/Documents/GitHub/LT39A/pratica04/db/alt_u_div_24f.tdf       ;         ;
; db/add_sub_7pc.tdf               ; yes             ; Auto-Generated Megafunction  ; C:/Users/welly/Documents/GitHub/LT39A/pratica04/db/add_sub_7pc.tdf         ;         ;
; db/add_sub_8pc.tdf               ; yes             ; Auto-Generated Megafunction  ; C:/Users/welly/Documents/GitHub/LT39A/pratica04/db/add_sub_8pc.tdf         ;         ;
; db/lpm_divide_i9m.tdf            ; yes             ; Auto-Generated Megafunction  ; C:/Users/welly/Documents/GitHub/LT39A/pratica04/db/lpm_divide_i9m.tdf      ;         ;
+----------------------------------+-----------------+------------------------------+----------------------------------------------------------------------------+---------+


+---------------------------------------------------------+
; Analysis & Synthesis Resource Usage Summary             ;
+---------------------------------------------+-----------+
; Resource                                    ; Usage     ;
+---------------------------------------------+-----------+
; Estimated Total logic elements              ; 67        ;
;                                             ;           ;
; Total combinational functions               ; 63        ;
; Logic element usage by number of LUT inputs ;           ;
;     -- 4 input functions                    ; 20        ;
;     -- 3 input functions                    ; 32        ;
;     -- <=2 input functions                  ; 11        ;
;                                             ;           ;
; Logic elements by mode                      ;           ;
;     -- normal mode                          ; 49        ;
;     -- arithmetic mode                      ; 14        ;
;                                             ;           ;
; Total registers                             ; 17        ;
;     -- Dedicated logic registers            ; 17        ;
;     -- I/O registers                        ; 0         ;
;                                             ;           ;
; I/O pins                                    ; 20        ;
;                                             ;           ;
; Embedded Multiplier 9-bit elements          ; 0         ;
;                                             ;           ;
; Maximum fan-out node                        ; clk~input ;
; Maximum fan-out                             ; 17        ;
; Total fan-out                               ; 268       ;
; Average fan-out                             ; 2.23      ;
+---------------------------------------------+-----------+


+---------------------------------------------------------------------------------------------------------------------------------------------------------------------------------------------------------------------------------------------------------------------------------------------------------------------------------------------------------+
; Analysis & Synthesis Resource Utilization by Entity                                                                                                                                                                                                                                                                                                     ;
+----------------------------------------------+---------------------+---------------------------+-------------+--------------+---------+-----------+------+--------------+------------------------------------------------------------------------------------------------------------------------------------------+---------------------+--------------+
; Compilation Hierarchy Node                   ; Combinational ALUTs ; Dedicated Logic Registers ; Memory Bits ; DSP Elements ; DSP 9x9 ; DSP 18x18 ; Pins ; Virtual Pins ; Full Hierarchy Name                                                                                                                      ; Entity Name         ; Library Name ;
+----------------------------------------------+---------------------+---------------------------+-------------+--------------+---------+-----------+------+--------------+------------------------------------------------------------------------------------------------------------------------------------------+---------------------+--------------+
; |sistema                                     ; 63 (0)              ; 17 (0)                    ; 0           ; 0            ; 0       ; 0         ; 20   ; 0            ; |sistema                                                                                                                                 ; sistema             ; work         ;
;    |controle:controle01|                     ; 11 (11)             ; 5 (5)                     ; 0           ; 0            ; 0       ; 0         ; 0    ; 0            ; |sistema|controle:controle01                                                                                                             ; controle            ; work         ;
;    |mod8counter:mod01|                       ; 4 (4)               ; 4 (4)                     ; 0           ; 0            ; 0       ; 0         ; 0    ; 0            ; |sistema|mod8counter:mod01                                                                                                               ; mod8counter         ; work         ;
;    |operacional:op01|                        ; 48 (0)              ; 8 (0)                     ; 0           ; 0            ; 0       ; 0         ; 0    ; 0            ; |sistema|operacional:op01                                                                                                                ; operacional         ; work         ;
;       |ALU2bits:alu01|                       ; 44 (8)              ; 0 (0)                     ; 0           ; 0            ; 0       ; 0         ; 0    ; 0            ; |sistema|operacional:op01|ALU2bits:alu01                                                                                                 ; ALU2bits            ; work         ;
;          |lpm_divide:Div0|                   ; 17 (0)              ; 0 (0)                     ; 0           ; 0            ; 0       ; 0         ; 0    ; 0            ; |sistema|operacional:op01|ALU2bits:alu01|lpm_divide:Div0                                                                                 ; lpm_divide          ; work         ;
;             |lpm_divide_fhm:auto_generated|  ; 17 (0)              ; 0 (0)                     ; 0           ; 0            ; 0       ; 0         ; 0    ; 0            ; |sistema|operacional:op01|ALU2bits:alu01|lpm_divide:Div0|lpm_divide_fhm:auto_generated                                                   ; lpm_divide_fhm      ; work         ;
;                |sign_div_unsign_7kh:divider| ; 17 (0)              ; 0 (0)                     ; 0           ; 0            ; 0       ; 0         ; 0    ; 0            ; |sistema|operacional:op01|ALU2bits:alu01|lpm_divide:Div0|lpm_divide_fhm:auto_generated|sign_div_unsign_7kh:divider                       ; sign_div_unsign_7kh ; work         ;
;                   |alt_u_div_24f:divider|    ; 17 (17)             ; 0 (0)                     ; 0           ; 0            ; 0       ; 0         ; 0    ; 0            ; |sistema|operacional:op01|ALU2bits:alu01|lpm_divide:Div0|lpm_divide_fhm:auto_generated|sign_div_unsign_7kh:divider|alt_u_div_24f:divider ; alt_u_div_24f       ; work         ;
;          |lpm_divide:Mod0|                   ; 19 (0)              ; 0 (0)                     ; 0           ; 0            ; 0       ; 0         ; 0    ; 0            ; |sistema|operacional:op01|ALU2bits:alu01|lpm_divide:Mod0                                                                                 ; lpm_divide          ; work         ;
;             |lpm_divide_i9m:auto_generated|  ; 19 (0)              ; 0 (0)                     ; 0           ; 0            ; 0       ; 0         ; 0    ; 0            ; |sistema|operacional:op01|ALU2bits:alu01|lpm_divide:Mod0|lpm_divide_i9m:auto_generated                                                   ; lpm_divide_i9m      ; work         ;
;                |sign_div_unsign_7kh:divider| ; 19 (0)              ; 0 (0)                     ; 0           ; 0            ; 0       ; 0         ; 0    ; 0            ; |sistema|operacional:op01|ALU2bits:alu01|lpm_divide:Mod0|lpm_divide_i9m:auto_generated|sign_div_unsign_7kh:divider                       ; sign_div_unsign_7kh ; work         ;
;                   |alt_u_div_24f:divider|    ; 19 (19)             ; 0 (0)                     ; 0           ; 0            ; 0       ; 0         ; 0    ; 0            ; |sistema|operacional:op01|ALU2bits:alu01|lpm_divide:Mod0|lpm_divide_i9m:auto_generated|sign_div_unsign_7kh:divider|alt_u_div_24f:divider ; alt_u_div_24f       ; work         ;
;       |muxIn:mux01|                          ; 4 (4)               ; 0 (0)                     ; 0           ; 0            ; 0       ; 0         ; 0    ; 0            ; |sistema|operacional:op01|muxIn:mux01                                                                                                    ; muxIn               ; work         ;
;       |registrador:reg01|                    ; 0 (0)               ; 4 (4)                     ; 0           ; 0            ; 0       ; 0         ; 0    ; 0            ; |sistema|operacional:op01|registrador:reg01                                                                                              ; registrador         ; work         ;
;       |registrador:reg02|                    ; 0 (0)               ; 4 (4)                     ; 0           ; 0            ; 0       ; 0         ; 0    ; 0            ; |sistema|operacional:op01|registrador:reg02                                                                                              ; registrador         ; work         ;
+----------------------------------------------+---------------------+---------------------------+-------------+--------------+---------+-----------+------+--------------+------------------------------------------------------------------------------------------------------------------------------------------+---------------------+--------------+
Note: For table entries with two numbers listed, the numbers in parentheses indicate the number of resources of the given type used by the specific entity alone. The numbers listed outside of parentheses indicate the total resources of the given type used by the specific entity and all of its sub-entities in the hierarchy.


Encoding Type:  One-Hot
+-----------------------------------------------------------------------------------------------------+
; State Machine - |sistema|controle:controle01|PrState                                                ;
+------------------+----------------+------------------+--------------+--------------+----------------+
; Name             ; PrState.storeQ ; PrState.displayB ; PrState.load ; PrState.idle ; PrState.storeR ;
+------------------+----------------+------------------+--------------+--------------+----------------+
; PrState.idle     ; 0              ; 0                ; 0            ; 0            ; 0              ;
; PrState.load     ; 0              ; 0                ; 1            ; 1            ; 0              ;
; PrState.displayB ; 0              ; 1                ; 0            ; 1            ; 0              ;
; PrState.storeQ   ; 1              ; 0                ; 0            ; 1            ; 0              ;
; PrState.storeR   ; 0              ; 0                ; 0            ; 1            ; 1              ;
+------------------+----------------+------------------+--------------+--------------+----------------+


+------------------------------------------------------------+
; Registers Removed During Synthesis                         ;
+---------------------------------------+--------------------+
; Register name                         ; Reason for Removal ;
+---------------------------------------+--------------------+
; controle:controle01|PrState~4         ; Lost fanout        ;
; controle:controle01|PrState~5         ; Lost fanout        ;
; Total Number of Removed Registers = 2 ;                    ;
+---------------------------------------+--------------------+


+------------------------------------------------------+
; General Register Statistics                          ;
+----------------------------------------------+-------+
; Statistic                                    ; Value ;
+----------------------------------------------+-------+
; Total registers                              ; 17    ;
; Number of registers using Synchronous Clear  ; 0     ;
; Number of registers using Synchronous Load   ; 0     ;
; Number of registers using Asynchronous Clear ; 14    ;
; Number of registers using Asynchronous Load  ; 0     ;
; Number of registers using Clock Enable       ; 0     ;
; Number of registers using Preset             ; 0     ;
+----------------------------------------------+-------+


+--------------------------------------------------+
; Inverted Register Statistics                     ;
+----------------------------------------+---------+
; Inverted Register                      ; Fan out ;
+----------------------------------------+---------+
; mod8counter:mod01|counter[0]           ; 4       ;
; Total number of inverted registers = 1 ;         ;
+----------------------------------------+---------+


+-------------------------------------------------------------------------------------------------------------------------------------------------------------+
; Multiplexer Restructuring Statistics (Restructuring Performed)                                                                                              ;
+--------------------+-----------+---------------+----------------------+------------------------+------------+-----------------------------------------------+
; Multiplexer Inputs ; Bus Width ; Baseline Area ; Area if Restructured ; Saving if Restructured ; Registered ; Example Multiplexer Output                    ;
+--------------------+-----------+---------------+----------------------+------------------------+------------+-----------------------------------------------+
; 4:1                ; 4 bits    ; 8 LEs         ; 8 LEs                ; 0 LEs                  ; No         ; |sistema|operacional:op01|ALU2bits:alu01|Mux3 ;
+--------------------+-----------+---------------+----------------------+------------------------+------------+-----------------------------------------------+


+------------------------------------------------------------------+
; Parameter Settings for User Entity Instance: controle:controle01 ;
+----------------+-------+-----------------------------------------+
; Parameter Name ; Value ; Type                                    ;
+----------------+-------+-----------------------------------------+
; idle           ; 000   ; Unsigned Binary                         ;
; load           ; 001   ; Unsigned Binary                         ;
; displayB       ; 010   ; Unsigned Binary                         ;
; storeQ         ; 011   ; Unsigned Binary                         ;
; storeR         ; 100   ; Unsigned Binary                         ;
+----------------+-------+-----------------------------------------+
Note: In order to hide this table in the UI and the text report file, please set the "Show Parameter Settings in Synthesis Report" option in "Analysis and Synthesis Settings -> More Settings" to "Off".


+--------------------------------------------------------------------------------------------------+
; Parameter Settings for Inferred Entity Instance: operacional:op01|ALU2bits:alu01|lpm_divide:Div0 ;
+------------------------+----------------+--------------------------------------------------------+
; Parameter Name         ; Value          ; Type                                                   ;
+------------------------+----------------+--------------------------------------------------------+
; LPM_WIDTHN             ; 4              ; Untyped                                                ;
; LPM_WIDTHD             ; 4              ; Untyped                                                ;
; LPM_NREPRESENTATION    ; UNSIGNED       ; Untyped                                                ;
; LPM_DREPRESENTATION    ; UNSIGNED       ; Untyped                                                ;
; LPM_PIPELINE           ; 0              ; Untyped                                                ;
; LPM_REMAINDERPOSITIVE  ; TRUE           ; Untyped                                                ;
; MAXIMIZE_SPEED         ; 5              ; Untyped                                                ;
; CBXI_PARAMETER         ; lpm_divide_fhm ; Untyped                                                ;
; CARRY_CHAIN            ; MANUAL         ; Untyped                                                ;
; OPTIMIZE_FOR_SPEED     ; 5              ; Untyped                                                ;
; AUTO_CARRY_CHAINS      ; ON             ; AUTO_CARRY                                             ;
; IGNORE_CARRY_BUFFERS   ; OFF            ; IGNORE_CARRY                                           ;
; AUTO_CASCADE_CHAINS    ; ON             ; AUTO_CASCADE                                           ;
; IGNORE_CASCADE_BUFFERS ; OFF            ; IGNORE_CASCADE                                         ;
+------------------------+----------------+--------------------------------------------------------+
Note: In order to hide this table in the UI and the text report file, please set the "Show Parameter Settings in Synthesis Report" option in "Analysis and Synthesis Settings -> More Settings" to "Off".


+--------------------------------------------------------------------------------------------------+
; Parameter Settings for Inferred Entity Instance: operacional:op01|ALU2bits:alu01|lpm_divide:Mod0 ;
+------------------------+----------------+--------------------------------------------------------+
; Parameter Name         ; Value          ; Type                                                   ;
+------------------------+----------------+--------------------------------------------------------+
; LPM_WIDTHN             ; 4              ; Untyped                                                ;
; LPM_WIDTHD             ; 4              ; Untyped                                                ;
; LPM_NREPRESENTATION    ; UNSIGNED       ; Untyped                                                ;
; LPM_DREPRESENTATION    ; UNSIGNED       ; Untyped                                                ;
; LPM_PIPELINE           ; 0              ; Untyped                                                ;
; LPM_REMAINDERPOSITIVE  ; TRUE           ; Untyped                                                ;
; MAXIMIZE_SPEED         ; 5              ; Untyped                                                ;
; CBXI_PARAMETER         ; lpm_divide_i9m ; Untyped                                                ;
; CARRY_CHAIN            ; MANUAL         ; Untyped                                                ;
; OPTIMIZE_FOR_SPEED     ; 5              ; Untyped                                                ;
; AUTO_CARRY_CHAINS      ; ON             ; AUTO_CARRY                                             ;
; IGNORE_CARRY_BUFFERS   ; OFF            ; IGNORE_CARRY                                           ;
; AUTO_CASCADE_CHAINS    ; ON             ; AUTO_CASCADE                                           ;
; IGNORE_CASCADE_BUFFERS ; OFF            ; IGNORE_CASCADE                                         ;
+------------------------+----------------+--------------------------------------------------------+
Note: In order to hide this table in the UI and the text report file, please set the "Show Parameter Settings in Synthesis Report" option in "Analysis and Synthesis Settings -> More Settings" to "Off".


+-----------------------------------------------------+
; Post-Synthesis Netlist Statistics for Top Partition ;
+-----------------------+-----------------------------+
; Type                  ; Count                       ;
+-----------------------+-----------------------------+
; boundary_port         ; 20                          ;
; cycloneiii_ff         ; 17                          ;
;     CLR               ; 14                          ;
;     plain             ; 3                           ;
; cycloneiii_lcell_comb ; 63                          ;
;     arith             ; 14                          ;
;         3 data inputs ; 14                          ;
;     normal            ; 49                          ;
;         0 data inputs ; 4                           ;
;         2 data inputs ; 7                           ;
;         3 data inputs ; 18                          ;
;         4 data inputs ; 20                          ;
;                       ;                             ;
; Max LUT depth         ; 8.50                        ;
; Average LUT depth     ; 5.37                        ;
+-----------------------+-----------------------------+


+-------------------------------+
; Elapsed Time Per Partition    ;
+----------------+--------------+
; Partition Name ; Elapsed Time ;
+----------------+--------------+
; Top            ; 00:00:00     ;
+----------------+--------------+


+-------------------------------+
; Analysis & Synthesis Messages ;
+-------------------------------+
Info: *******************************************************************
Info: Running Quartus Prime Analysis & Synthesis
    Info: Version 17.0.0 Build 595 04/25/2017 SJ Lite Edition
    Info: Processing started: Fri Jun 21 13:43:20 2024
Info: Command: quartus_map --read_settings_files=on --write_settings_files=off atv04 -c atv04
Warning (18236): Number of processors has not been specified which may cause overloading on shared machines.  Set the global assignment NUM_PARALLEL_PROCESSORS in your QSF to an appropriate value for best performance.
Info (20030): Parallel compilation is enabled and will use 6 of the 6 processors detected
Info (12021): Found 1 design units, including 1 entities, in source file sistema.v
    Info (12023): Found entity 1: sistema File: C:/Users/welly/Documents/GitHub/LT39A/pratica04/sistema.v Line: 1
Info (12021): Found 1 design units, including 1 entities, in source file mod8counter.v
    Info (12023): Found entity 1: mod8counter File: C:/Users/welly/Documents/GitHub/LT39A/pratica04/mod8counter.v Line: 1
Info (12021): Found 1 design units, including 1 entities, in source file registrador.v
    Info (12023): Found entity 1: registrador File: C:/Users/welly/Documents/GitHub/LT39A/pratica04/registrador.v Line: 1
Info (12021): Found 1 design units, including 1 entities, in source file operacional.v
    Info (12023): Found entity 1: operacional File: C:/Users/welly/Documents/GitHub/LT39A/pratica04/operacional.v Line: 1
Info (12021): Found 1 design units, including 1 entities, in source file muxin.v
    Info (12023): Found entity 1: muxIn File: C:/Users/welly/Documents/GitHub/LT39A/pratica04/muxIn.v Line: 1
Info (12021): Found 1 design units, including 1 entities, in source file alu2bits.v
    Info (12023): Found entity 1: ALU2bits File: C:/Users/welly/Documents/GitHub/LT39A/pratica04/ALU2bits.v Line: 1
Info (12021): Found 1 design units, including 1 entities, in source file entrada.v
    Info (12023): Found entity 1: entrada File: C:/Users/welly/Documents/GitHub/LT39A/pratica04/entrada.v Line: 1
Info (12021): Found 1 design units, including 1 entities, in source file controle.v
    Info (12023): Found entity 1: controle File: C:/Users/welly/Documents/GitHub/LT39A/pratica04/controle.v Line: 1
Info (12021): Found 1 design units, including 1 entities, in source file clockdivider.v
    Info (12023): Found entity 1: clockDivider File: C:/Users/welly/Documents/GitHub/LT39A/pratica04/clockDivider.v Line: 1
Info (12127): Elaborating entity "sistema" for the top level hierarchy
Info (12128): Elaborating entity "controle" for hierarchy "controle:controle01" File: C:/Users/welly/Documents/GitHub/LT39A/pratica04/sistema.v Line: 14
Info (12128): Elaborating entity "operacional" for hierarchy "operacional:op01" File: C:/Users/welly/Documents/GitHub/LT39A/pratica04/sistema.v Line: 16
Info (12128): Elaborating entity "muxIn" for hierarchy "operacional:op01|muxIn:mux01" File: C:/Users/welly/Documents/GitHub/LT39A/pratica04/operacional.v Line: 12
Warning (10235): Verilog HDL Always Construct warning at muxIn.v(8): variable "one" is read inside the Always Construct but isn't in the Always Construct's Event Control File: C:/Users/welly/Documents/GitHub/LT39A/pratica04/muxIn.v Line: 8
Warning (10235): Verilog HDL Always Construct warning at muxIn.v(10): variable "zero" is read inside the Always Construct but isn't in the Always Construct's Event Control File: C:/Users/welly/Documents/GitHub/LT39A/pratica04/muxIn.v Line: 10
Info (12128): Elaborating entity "registrador" for hierarchy "operacional:op01|registrador:reg01" File: C:/Users/welly/Documents/GitHub/LT39A/pratica04/operacional.v Line: 15
Info (12128): Elaborating entity "ALU2bits" for hierarchy "operacional:op01|ALU2bits:alu01" File: C:/Users/welly/Documents/GitHub/LT39A/pratica04/operacional.v Line: 18
Info (12128): Elaborating entity "mod8counter" for hierarchy "mod8counter:mod01" File: C:/Users/welly/Documents/GitHub/LT39A/pratica04/sistema.v Line: 18
Warning (10230): Verilog HDL assignment warning at mod8counter.v(12): truncated value with size 32 to match size of target (3) File: C:/Users/welly/Documents/GitHub/LT39A/pratica04/mod8counter.v Line: 12
Info (278001): Inferred 2 megafunctions from design logic
    Info (278004): Inferred divider/modulo megafunction ("lpm_divide") from the following logic: "operacional:op01|ALU2bits:alu01|Div0" File: C:/Users/welly/Documents/GitHub/LT39A/pratica04/ALU2bits.v Line: 12
    Info (278004): Inferred divider/modulo megafunction ("lpm_divide") from the following logic: "operacional:op01|ALU2bits:alu01|Mod0" File: C:/Users/welly/Documents/GitHub/LT39A/pratica04/ALU2bits.v Line: 13
Info (12130): Elaborated megafunction instantiation "operacional:op01|ALU2bits:alu01|lpm_divide:Div0" File: C:/Users/welly/Documents/GitHub/LT39A/pratica04/ALU2bits.v Line: 12
Info (12133): Instantiated megafunction "operacional:op01|ALU2bits:alu01|lpm_divide:Div0" with the following parameter: File: C:/Users/welly/Documents/GitHub/LT39A/pratica04/ALU2bits.v Line: 12
    Info (12134): Parameter "LPM_WIDTHN" = "4"
    Info (12134): Parameter "LPM_WIDTHD" = "4"
    Info (12134): Parameter "LPM_NREPRESENTATION" = "UNSIGNED"
    Info (12134): Parameter "LPM_DREPRESENTATION" = "UNSIGNED"
Info (12021): Found 1 design units, including 1 entities, in source file db/lpm_divide_fhm.tdf
    Info (12023): Found entity 1: lpm_divide_fhm File: C:/Users/welly/Documents/GitHub/LT39A/pratica04/db/lpm_divide_fhm.tdf Line: 25
Info (12021): Found 1 design units, including 1 entities, in source file db/sign_div_unsign_7kh.tdf
    Info (12023): Found entity 1: sign_div_unsign_7kh File: C:/Users/welly/Documents/GitHub/LT39A/pratica04/db/sign_div_unsign_7kh.tdf Line: 25
Info (12021): Found 1 design units, including 1 entities, in source file db/alt_u_div_24f.tdf
    Info (12023): Found entity 1: alt_u_div_24f File: C:/Users/welly/Documents/GitHub/LT39A/pratica04/db/alt_u_div_24f.tdf Line: 27
Info (12021): Found 1 design units, including 1 entities, in source file db/add_sub_7pc.tdf
    Info (12023): Found entity 1: add_sub_7pc File: C:/Users/welly/Documents/GitHub/LT39A/pratica04/db/add_sub_7pc.tdf Line: 23
Info (12021): Found 1 design units, including 1 entities, in source file db/add_sub_8pc.tdf
    Info (12023): Found entity 1: add_sub_8pc File: C:/Users/welly/Documents/GitHub/LT39A/pratica04/db/add_sub_8pc.tdf Line: 23
Info (12130): Elaborated megafunction instantiation "operacional:op01|ALU2bits:alu01|lpm_divide:Mod0" File: C:/Users/welly/Documents/GitHub/LT39A/pratica04/ALU2bits.v Line: 13
Info (12133): Instantiated megafunction "operacional:op01|ALU2bits:alu01|lpm_divide:Mod0" with the following parameter: File: C:/Users/welly/Documents/GitHub/LT39A/pratica04/ALU2bits.v Line: 13
    Info (12134): Parameter "LPM_WIDTHN" = "4"
    Info (12134): Parameter "LPM_WIDTHD" = "4"
    Info (12134): Parameter "LPM_NREPRESENTATION" = "UNSIGNED"
    Info (12134): Parameter "LPM_DREPRESENTATION" = "UNSIGNED"
Info (12021): Found 1 design units, including 1 entities, in source file db/lpm_divide_i9m.tdf
    Info (12023): Found entity 1: lpm_divide_i9m File: C:/Users/welly/Documents/GitHub/LT39A/pratica04/db/lpm_divide_i9m.tdf Line: 25
Info (286030): Timing-Driven Synthesis is running
Info (17049): 2 registers lost all their fanouts during netlist optimizations.
Info (16010): Generating hard_block partition "hard_block:auto_generated_inst"
    Info (16011): Adding 0 node(s), including 0 DDIO, 0 PLL, 0 transceiver and 0 LCELL
Info (21057): Implemented 89 device resources after synthesis - the final resource count might be different
    Info (21058): Implemented 10 input pins
    Info (21059): Implemented 10 output pins
    Info (21061): Implemented 69 logic cells
Info: Quartus Prime Analysis & Synthesis was successful. 0 errors, 4 warnings
    Info: Peak virtual memory: 4795 megabytes
    Info: Processing ended: Fri Jun 21 13:43:27 2024
    Info: Elapsed time: 00:00:07
    Info: Total CPU time (on all processors): 00:00:04


