Analysis & Synthesis report for atv07
Tue Sep 03 21:26:29 2024
Quartus Prime Version 17.0.0 Build 595 04/25/2017 SJ Lite Edition


---------------------
; Table of Contents ;
---------------------
  1. Legal Notice
  2. Analysis & Synthesis Summary
  3. Analysis & Synthesis Settings
  4. Parallel Compilation
  5. Analysis & Synthesis Source Files Read
  6. Analysis & Synthesis Resource Usage Summary
  7. Analysis & Synthesis Resource Utilization by Entity
  8. Analysis & Synthesis DSP Block Usage Summary
  9. General Register Statistics
 10. Inverted Register Statistics
 11. Multiplexer Restructuring Statistics (Restructuring Performed)
 12. Parameter Settings for User Entity Instance: Sistema:inst02|CircleTracker:CT01|ClockDivider:CD
 13. Parameter Settings for Inferred Entity Instance: Sistema:inst02|ControleVGA:CVGA01|GeradorImagem:gI|lpm_mult:Mult1
 14. Parameter Settings for Inferred Entity Instance: Sistema:inst02|ControleVGA:CVGA01|GeradorImagem:gI|lpm_mult:Mult0
 15. lpm_mult Parameter Settings by Entity Instance
 16. Post-Synthesis Netlist Statistics for Top Partition
 17. Elapsed Time Per Partition
 18. Analysis & Synthesis Messages
 19. Analysis & Synthesis Suppressed Messages



----------------
; Legal Notice ;
----------------
Copyright (C) 2017  Intel Corporation. All rights reserved.
Your use of Intel Corporation's design tools, logic functions 
and other software and tools, and its AMPP partner logic 
functions, and any output files from any of the foregoing 
(including device programming or simulation files), and any 
associated documentation or information are expressly subject 
to the terms and conditions of the Intel Program License 
Subscription Agreement, the Intel Quartus Prime License Agreement,
the Intel MegaCore Function License Agreement, or other 
applicable license agreement, including, without limitation, 
that your use is for the sole purpose of programming logic 
devices manufactured by Intel and sold by Intel or its 
authorized distributors.  Please refer to the applicable 
agreement for further details.



+----------------------------------------------------------------------------------+
; Analysis & Synthesis Summary                                                     ;
+------------------------------------+---------------------------------------------+
; Analysis & Synthesis Status        ; Successful - Tue Sep 03 21:26:29 2024       ;
; Quartus Prime Version              ; 17.0.0 Build 595 04/25/2017 SJ Lite Edition ;
; Revision Name                      ; atv07                                       ;
; Top-level Entity Name              ; Arquitetura                                 ;
; Family                             ; Cyclone IV E                                ;
; Total logic elements               ; 287                                         ;
;     Total combinational functions  ; 287                                         ;
;     Dedicated logic registers      ; 85                                          ;
; Total registers                    ; 85                                          ;
; Total pins                         ; 34                                          ;
; Total virtual pins                 ; 0                                           ;
; Total memory bits                  ; 0                                           ;
; Embedded Multiplier 9-bit elements ; 3                                           ;
; Total PLLs                         ; 0                                           ;
+------------------------------------+---------------------------------------------+


+----------------------------------------------------------------------------------------------------------------------+
; Analysis & Synthesis Settings                                                                                        ;
+----------------------------------------------------------------------------+--------------------+--------------------+
; Option                                                                     ; Setting            ; Default Value      ;
+----------------------------------------------------------------------------+--------------------+--------------------+
; Device                                                                     ; EP4CE115F29C7      ;                    ;
; Top-level entity name                                                      ; Arquitetura        ; atv07              ;
; Family name                                                                ; Cyclone IV E       ; Cyclone V          ;
; Use smart compilation                                                      ; Off                ; Off                ;
; Enable parallel Assembler and TimeQuest Timing Analyzer during compilation ; On                 ; On                 ;
; Enable compact report table                                                ; Off                ; Off                ;
; Restructure Multiplexers                                                   ; Auto               ; Auto               ;
; Create Debugging Nodes for IP Cores                                        ; Off                ; Off                ;
; Preserve fewer node names                                                  ; On                 ; On                 ;
; OpenCore Plus hardware evaluation                                          ; Enable             ; Enable             ;
; Verilog Version                                                            ; Verilog_2001       ; Verilog_2001       ;
; VHDL Version                                                               ; VHDL_1993          ; VHDL_1993          ;
; State Machine Processing                                                   ; Auto               ; Auto               ;
; Safe State Machine                                                         ; Off                ; Off                ;
; Extract Verilog State Machines                                             ; On                 ; On                 ;
; Extract VHDL State Machines                                                ; On                 ; On                 ;
; Ignore Verilog initial constructs                                          ; Off                ; Off                ;
; Iteration limit for constant Verilog loops                                 ; 5000               ; 5000               ;
; Iteration limit for non-constant Verilog loops                             ; 250                ; 250                ;
; Add Pass-Through Logic to Inferred RAMs                                    ; On                 ; On                 ;
; Infer RAMs from Raw Logic                                                  ; On                 ; On                 ;
; Parallel Synthesis                                                         ; On                 ; On                 ;
; DSP Block Balancing                                                        ; Auto               ; Auto               ;
; NOT Gate Push-Back                                                         ; On                 ; On                 ;
; Power-Up Don't Care                                                        ; On                 ; On                 ;
; Remove Redundant Logic Cells                                               ; Off                ; Off                ;
; Remove Duplicate Registers                                                 ; On                 ; On                 ;
; Ignore CARRY Buffers                                                       ; Off                ; Off                ;
; Ignore CASCADE Buffers                                                     ; Off                ; Off                ;
; Ignore GLOBAL Buffers                                                      ; Off                ; Off                ;
; Ignore ROW GLOBAL Buffers                                                  ; Off                ; Off                ;
; Ignore LCELL Buffers                                                       ; Off                ; Off                ;
; Ignore SOFT Buffers                                                        ; On                 ; On                 ;
; Limit AHDL Integers to 32 Bits                                             ; Off                ; Off                ;
; Optimization Technique                                                     ; Balanced           ; Balanced           ;
; Carry Chain Length                                                         ; 70                 ; 70                 ;
; Auto Carry Chains                                                          ; On                 ; On                 ;
; Auto Open-Drain Pins                                                       ; On                 ; On                 ;
; Perform WYSIWYG Primitive Resynthesis                                      ; Off                ; Off                ;
; Auto ROM Replacement                                                       ; On                 ; On                 ;
; Auto RAM Replacement                                                       ; On                 ; On                 ;
; Auto DSP Block Replacement                                                 ; On                 ; On                 ;
; Auto Shift Register Replacement                                            ; Auto               ; Auto               ;
; Allow Shift Register Merging across Hierarchies                            ; Auto               ; Auto               ;
; Auto Clock Enable Replacement                                              ; On                 ; On                 ;
; Strict RAM Replacement                                                     ; Off                ; Off                ;
; Allow Synchronous Control Signals                                          ; On                 ; On                 ;
; Force Use of Synchronous Clear Signals                                     ; Off                ; Off                ;
; Auto RAM Block Balancing                                                   ; On                 ; On                 ;
; Auto RAM to Logic Cell Conversion                                          ; Off                ; Off                ;
; Auto Resource Sharing                                                      ; Off                ; Off                ;
; Allow Any RAM Size For Recognition                                         ; Off                ; Off                ;
; Allow Any ROM Size For Recognition                                         ; Off                ; Off                ;
; Allow Any Shift Register Size For Recognition                              ; Off                ; Off                ;
; Use LogicLock Constraints during Resource Balancing                        ; On                 ; On                 ;
; Ignore translate_off and synthesis_off directives                          ; Off                ; Off                ;
; Timing-Driven Synthesis                                                    ; On                 ; On                 ;
; Report Parameter Settings                                                  ; On                 ; On                 ;
; Report Source Assignments                                                  ; On                 ; On                 ;
; Report Connectivity Checks                                                 ; On                 ; On                 ;
; Ignore Maximum Fan-Out Assignments                                         ; Off                ; Off                ;
; Synchronization Register Chain Length                                      ; 2                  ; 2                  ;
; PowerPlay Power Optimization During Synthesis                              ; Normal compilation ; Normal compilation ;
; HDL message level                                                          ; Level2             ; Level2             ;
; Suppress Register Optimization Related Messages                            ; Off                ; Off                ;
; Number of Removed Registers Reported in Synthesis Report                   ; 5000               ; 5000               ;
; Number of Swept Nodes Reported in Synthesis Report                         ; 5000               ; 5000               ;
; Number of Inverted Registers Reported in Synthesis Report                  ; 100                ; 100                ;
; Clock MUX Protection                                                       ; On                 ; On                 ;
; Auto Gated Clock Conversion                                                ; Off                ; Off                ;
; Block Design Naming                                                        ; Auto               ; Auto               ;
; SDC constraint protection                                                  ; Off                ; Off                ;
; Synthesis Effort                                                           ; Auto               ; Auto               ;
; Shift Register Replacement - Allow Asynchronous Clear Signal               ; On                 ; On                 ;
; Pre-Mapping Resynthesis Optimization                                       ; Off                ; Off                ;
; Analysis & Synthesis Message Level                                         ; Medium             ; Medium             ;
; Disable Register Merging Across Hierarchies                                ; Auto               ; Auto               ;
; Resource Aware Inference For Block RAM                                     ; On                 ; On                 ;
+----------------------------------------------------------------------------+--------------------+--------------------+


+------------------------------------------+
; Parallel Compilation                     ;
+----------------------------+-------------+
; Processors                 ; Number      ;
+----------------------------+-------------+
; Number detected on machine ; 12          ;
; Maximum allowed            ; 6           ;
;                            ;             ;
; Average used               ; 1.00        ;
; Maximum used               ; 6           ;
;                            ;             ;
; Usage by Processor         ; % Time Used ;
;     Processor 1            ; 100.0%      ;
;     Processors 2-6         ;   0.0%      ;
+----------------------------+-------------+


+----------------------------------------------------------------------------------------------------------------------------------------------------------------------+
; Analysis & Synthesis Source Files Read                                                                                                                               ;
+----------------------------------+-----------------+------------------------------+------------------------------------------------------------------------+---------+
; File Name with User-Entered Path ; Used in Netlist ; File Type                    ; File Name with Absolute Path                                           ; Library ;
+----------------------------------+-----------------+------------------------------+------------------------------------------------------------------------+---------+
; Arquitetura.v                    ; yes             ; User Verilog HDL File        ; C:/Users/welly/Documents/GitHub/LT39A/pratica07/Arquitetura.v          ;         ;
; Entrada.v                        ; yes             ; User Verilog HDL File        ; C:/Users/welly/Documents/GitHub/LT39A/pratica07/Entrada.v              ;         ;
; Sistema.v                        ; yes             ; User Verilog HDL File        ; C:/Users/welly/Documents/GitHub/LT39A/pratica07/Sistema.v              ;         ;
; ClockDivider.v                   ; yes             ; User Verilog HDL File        ; C:/Users/welly/Documents/GitHub/LT39A/pratica07/ClockDivider.v         ;         ;
; CircleTracker.v                  ; yes             ; User Verilog HDL File        ; C:/Users/welly/Documents/GitHub/LT39A/pratica07/CircleTracker.v        ;         ;
; GeradorVertical.v                ; yes             ; User Verilog HDL File        ; C:/Users/welly/Documents/GitHub/LT39A/pratica07/GeradorVertical.v      ;         ;
; GeradorSync.v                    ; yes             ; User Verilog HDL File        ; C:/Users/welly/Documents/GitHub/LT39A/pratica07/GeradorSync.v          ;         ;
; GeradorImagem.v                  ; yes             ; User Verilog HDL File        ; C:/Users/welly/Documents/GitHub/LT39A/pratica07/GeradorImagem.v        ;         ;
; GeradorHorizontal.v              ; yes             ; User Verilog HDL File        ; C:/Users/welly/Documents/GitHub/LT39A/pratica07/GeradorHorizontal.v    ;         ;
; GeradorControle.v                ; yes             ; User Verilog HDL File        ; C:/Users/welly/Documents/GitHub/LT39A/pratica07/GeradorControle.v      ;         ;
; Counter.v                        ; yes             ; User Verilog HDL File        ; C:/Users/welly/Documents/GitHub/LT39A/pratica07/Counter.v              ;         ;
; ControleVGA.v                    ; yes             ; User Verilog HDL File        ; C:/Users/welly/Documents/GitHub/LT39A/pratica07/ControleVGA.v          ;         ;
; ContadorLinha.v                  ; yes             ; User Verilog HDL File        ; C:/Users/welly/Documents/GitHub/LT39A/pratica07/ContadorLinha.v        ;         ;
; ContadorColuna.v                 ; yes             ; User Verilog HDL File        ; C:/Users/welly/Documents/GitHub/LT39A/pratica07/ContadorColuna.v       ;         ;
; lpm_mult.tdf                     ; yes             ; Megafunction                 ; c:/intelfpga_lite/17.0/quartus/libraries/megafunctions/lpm_mult.tdf    ;         ;
; aglobal170.inc                   ; yes             ; Megafunction                 ; c:/intelfpga_lite/17.0/quartus/libraries/megafunctions/aglobal170.inc  ;         ;
; lpm_add_sub.inc                  ; yes             ; Megafunction                 ; c:/intelfpga_lite/17.0/quartus/libraries/megafunctions/lpm_add_sub.inc ;         ;
; multcore.inc                     ; yes             ; Megafunction                 ; c:/intelfpga_lite/17.0/quartus/libraries/megafunctions/multcore.inc    ;         ;
; bypassff.inc                     ; yes             ; Megafunction                 ; c:/intelfpga_lite/17.0/quartus/libraries/megafunctions/bypassff.inc    ;         ;
; altshift.inc                     ; yes             ; Megafunction                 ; c:/intelfpga_lite/17.0/quartus/libraries/megafunctions/altshift.inc    ;         ;
; db/mult_eat.tdf                  ; yes             ; Auto-Generated Megafunction  ; C:/Users/welly/Documents/GitHub/LT39A/pratica07/db/mult_eat.tdf        ;         ;
; db/mult_oct.tdf                  ; yes             ; Auto-Generated Megafunction  ; C:/Users/welly/Documents/GitHub/LT39A/pratica07/db/mult_oct.tdf        ;         ;
+----------------------------------+-----------------+------------------------------+------------------------------------------------------------------------+---------+


+----------------------------------------------------------------------------------------------------------------------------------------------+
; Analysis & Synthesis Resource Usage Summary                                                                                                  ;
+---------------------------------------------+------------------------------------------------------------------------------------------------+
; Resource                                    ; Usage                                                                                          ;
+---------------------------------------------+------------------------------------------------------------------------------------------------+
; Estimated Total logic elements              ; 287                                                                                            ;
;                                             ;                                                                                                ;
; Total combinational functions               ; 287                                                                                            ;
; Logic element usage by number of LUT inputs ;                                                                                                ;
;     -- 4 input functions                    ; 65                                                                                             ;
;     -- 3 input functions                    ; 104                                                                                            ;
;     -- <=2 input functions                  ; 118                                                                                            ;
;                                             ;                                                                                                ;
; Logic elements by mode                      ;                                                                                                ;
;     -- normal mode                          ; 128                                                                                            ;
;     -- arithmetic mode                      ; 159                                                                                            ;
;                                             ;                                                                                                ;
; Total registers                             ; 85                                                                                             ;
;     -- Dedicated logic registers            ; 85                                                                                             ;
;     -- I/O registers                        ; 0                                                                                              ;
;                                             ;                                                                                                ;
; I/O pins                                    ; 34                                                                                             ;
;                                             ;                                                                                                ;
; Embedded Multiplier 9-bit elements          ; 3                                                                                              ;
;                                             ;                                                                                                ;
; Maximum fan-out node                        ; Sistema:inst02|ControleVGA:CVGA01|GeradorControle:gC|GeradorSync:gS|GeradorHorizontal:gH|Hsync ;
; Maximum fan-out                             ; 33                                                                                             ;
; Total fan-out                               ; 1087                                                                                           ;
; Average fan-out                             ; 2.45                                                                                           ;
+---------------------------------------------+------------------------------------------------------------------------------------------------+


+-----------------------------------------------------------------------------------------------------------------------------------------------------------------------------------------------------------------------------------------------------------------------------------------------------------------+
; Analysis & Synthesis Resource Utilization by Entity                                                                                                                                                                                                                                                             ;
+------------------------------------------+---------------------+---------------------------+-------------+--------------+---------+-----------+------+--------------+--------------------------------------------------------------------------------------------------------+-------------------+--------------+
; Compilation Hierarchy Node               ; Combinational ALUTs ; Dedicated Logic Registers ; Memory Bits ; DSP Elements ; DSP 9x9 ; DSP 18x18 ; Pins ; Virtual Pins ; Full Hierarchy Name                                                                                    ; Entity Name       ; Library Name ;
+------------------------------------------+---------------------+---------------------------+-------------+--------------+---------+-----------+------+--------------+--------------------------------------------------------------------------------------------------------+-------------------+--------------+
; |Arquitetura                             ; 287 (0)             ; 85 (0)                    ; 0           ; 3            ; 1       ; 1         ; 34   ; 0            ; |Arquitetura                                                                                           ; Arquitetura       ; work         ;
;    |Sistema:inst02|                      ; 287 (0)             ; 85 (0)                    ; 0           ; 3            ; 1       ; 1         ; 0    ; 0            ; |Arquitetura|Sistema:inst02                                                                            ; Sistema           ; work         ;
;       |CircleTracker:CT01|               ; 116 (80)            ; 41 (19)                   ; 0           ; 0            ; 0       ; 0         ; 0    ; 0            ; |Arquitetura|Sistema:inst02|CircleTracker:CT01                                                         ; CircleTracker     ; work         ;
;          |ClockDivider:CD|               ; 36 (36)             ; 22 (22)                   ; 0           ; 0            ; 0       ; 0         ; 0    ; 0            ; |Arquitetura|Sistema:inst02|CircleTracker:CT01|ClockDivider:CD                                         ; ClockDivider      ; work         ;
;       |ControleVGA:CVGA01|               ; 171 (0)             ; 44 (0)                    ; 0           ; 3            ; 1       ; 1         ; 0    ; 0            ; |Arquitetura|Sistema:inst02|ControleVGA:CVGA01                                                         ; ControleVGA       ; work         ;
;          |GeradorControle:gC|            ; 48 (0)              ; 25 (0)                    ; 0           ; 0            ; 0       ; 0         ; 0    ; 0            ; |Arquitetura|Sistema:inst02|ControleVGA:CVGA01|GeradorControle:gC                                      ; GeradorControle   ; work         ;
;             |Counter:gF|                 ; 1 (1)               ; 1 (1)                     ; 0           ; 0            ; 0       ; 0         ; 0    ; 0            ; |Arquitetura|Sistema:inst02|ControleVGA:CVGA01|GeradorControle:gC|Counter:gF                           ; Counter           ; work         ;
;             |GeradorSync:gS|             ; 47 (1)              ; 24 (0)                    ; 0           ; 0            ; 0       ; 0         ; 0    ; 0            ; |Arquitetura|Sistema:inst02|ControleVGA:CVGA01|GeradorControle:gC|GeradorSync:gS                       ; GeradorSync       ; work         ;
;                |GeradorHorizontal:gH|    ; 23 (23)             ; 12 (12)                   ; 0           ; 0            ; 0       ; 0         ; 0    ; 0            ; |Arquitetura|Sistema:inst02|ControleVGA:CVGA01|GeradorControle:gC|GeradorSync:gS|GeradorHorizontal:gH  ; GeradorHorizontal ; work         ;
;                |GeradorVertical:gV|      ; 23 (23)             ; 12 (12)                   ; 0           ; 0            ; 0       ; 0         ; 0    ; 0            ; |Arquitetura|Sistema:inst02|ControleVGA:CVGA01|GeradorControle:gC|GeradorSync:gS|GeradorVertical:gV    ; GeradorVertical   ; work         ;
;          |GeradorImagem:gI|              ; 123 (104)           ; 19 (0)                    ; 0           ; 3            ; 1       ; 1         ; 0    ; 0            ; |Arquitetura|Sistema:inst02|ControleVGA:CVGA01|GeradorImagem:gI                                        ; GeradorImagem     ; work         ;
;             |ContadorColuna:contColuna|  ; 10 (10)             ; 10 (10)                   ; 0           ; 0            ; 0       ; 0         ; 0    ; 0            ; |Arquitetura|Sistema:inst02|ControleVGA:CVGA01|GeradorImagem:gI|ContadorColuna:contColuna              ; ContadorColuna    ; work         ;
;             |ContadorLinha:contLinha|    ; 9 (9)               ; 9 (9)                     ; 0           ; 0            ; 0       ; 0         ; 0    ; 0            ; |Arquitetura|Sistema:inst02|ControleVGA:CVGA01|GeradorImagem:gI|ContadorLinha:contLinha                ; ContadorLinha     ; work         ;
;             |lpm_mult:Mult0|             ; 0 (0)               ; 0 (0)                     ; 0           ; 2            ; 0       ; 1         ; 0    ; 0            ; |Arquitetura|Sistema:inst02|ControleVGA:CVGA01|GeradorImagem:gI|lpm_mult:Mult0                         ; lpm_mult          ; work         ;
;                |mult_oct:auto_generated| ; 0 (0)               ; 0 (0)                     ; 0           ; 2            ; 0       ; 1         ; 0    ; 0            ; |Arquitetura|Sistema:inst02|ControleVGA:CVGA01|GeradorImagem:gI|lpm_mult:Mult0|mult_oct:auto_generated ; mult_oct          ; work         ;
;             |lpm_mult:Mult1|             ; 0 (0)               ; 0 (0)                     ; 0           ; 1            ; 1       ; 0         ; 0    ; 0            ; |Arquitetura|Sistema:inst02|ControleVGA:CVGA01|GeradorImagem:gI|lpm_mult:Mult1                         ; lpm_mult          ; work         ;
;                |mult_eat:auto_generated| ; 0 (0)               ; 0 (0)                     ; 0           ; 1            ; 1       ; 0         ; 0    ; 0            ; |Arquitetura|Sistema:inst02|ControleVGA:CVGA01|GeradorImagem:gI|lpm_mult:Mult1|mult_eat:auto_generated ; mult_eat          ; work         ;
+------------------------------------------+---------------------+---------------------------+-------------+--------------+---------+-----------+------+--------------+--------------------------------------------------------------------------------------------------------+-------------------+--------------+
Note: For table entries with two numbers listed, the numbers in parentheses indicate the number of resources of the given type used by the specific entity alone. The numbers listed outside of parentheses indicate the total resources of the given type used by the specific entity and all of its sub-entities in the hierarchy.


+-----------------------------------------------------+
; Analysis & Synthesis DSP Block Usage Summary        ;
+---------------------------------------+-------------+
; Statistic                             ; Number Used ;
+---------------------------------------+-------------+
; Simple Multipliers (9-bit)            ; 1           ;
; Simple Multipliers (18-bit)           ; 1           ;
; Embedded Multiplier Blocks            ; --          ;
; Embedded Multiplier 9-bit elements    ; 3           ;
; Signed Embedded Multipliers           ; 0           ;
; Unsigned Embedded Multipliers         ; 2           ;
; Mixed Sign Embedded Multipliers       ; 0           ;
; Variable Sign Embedded Multipliers    ; 0           ;
; Dedicated Input Shift Register Chains ; 0           ;
+---------------------------------------+-------------+
Note: number of Embedded Multiplier Blocks used is only available after a successful fit.


+------------------------------------------------------+
; General Register Statistics                          ;
+----------------------------------------------+-------+
; Statistic                                    ; Value ;
+----------------------------------------------+-------+
; Total registers                              ; 85    ;
; Number of registers using Synchronous Clear  ; 19    ;
; Number of registers using Synchronous Load   ; 11    ;
; Number of registers using Asynchronous Clear ; 0     ;
; Number of registers using Asynchronous Load  ; 0     ;
; Number of registers using Clock Enable       ; 0     ;
; Number of registers using Preset             ; 0     ;
+----------------------------------------------+-------+


+----------------------------------------------------------+
; Inverted Register Statistics                             ;
+------------------------------------------------+---------+
; Inverted Register                              ; Fan out ;
+------------------------------------------------+---------+
; Sistema:inst02|CircleTracker:CT01|CircleRow[7] ; 8       ;
; Sistema:inst02|CircleTracker:CT01|CircleRow[6] ; 8       ;
; Sistema:inst02|CircleTracker:CT01|CircleRow[5] ; 8       ;
; Sistema:inst02|CircleTracker:CT01|CircleRow[4] ; 8       ;
; Sistema:inst02|CircleTracker:CT01|CircleCol[8] ; 8       ;
; Sistema:inst02|CircleTracker:CT01|CircleCol[6] ; 8       ;
; Total number of inverted registers = 6         ;         ;
+------------------------------------------------+---------+


+---------------------------------------------------------------------------------------------------------------------------------------------------------------------------+
; Multiplexer Restructuring Statistics (Restructuring Performed)                                                                                                            ;
+--------------------+-----------+---------------+----------------------+------------------------+------------+-------------------------------------------------------------+
; Multiplexer Inputs ; Bus Width ; Baseline Area ; Area if Restructured ; Saving if Restructured ; Registered ; Example Multiplexer Output                                  ;
+--------------------+-----------+---------------+----------------------+------------------------+------------+-------------------------------------------------------------+
; 3:1                ; 8 bits    ; 16 LEs        ; 8 LEs                ; 8 LEs                  ; Yes        ; |Arquitetura|Sistema:inst02|CircleTracker:CT01|CircleCol[7] ;
; 3:1                ; 5 bits    ; 10 LEs        ; 5 LEs                ; 5 LEs                  ; Yes        ; |Arquitetura|Sistema:inst02|CircleTracker:CT01|CircleRow[3] ;
; 3:1                ; 2 bits    ; 4 LEs         ; 2 LEs                ; 2 LEs                  ; Yes        ; |Arquitetura|Sistema:inst02|CircleTracker:CT01|CircleCol[6] ;
; 3:1                ; 4 bits    ; 8 LEs         ; 4 LEs                ; 4 LEs                  ; Yes        ; |Arquitetura|Sistema:inst02|CircleTracker:CT01|CircleRow[5] ;
+--------------------+-----------+---------------+----------------------+------------------------+------------+-------------------------------------------------------------+


+------------------------------------------------------------------------------------------------+
; Parameter Settings for User Entity Instance: Sistema:inst02|CircleTracker:CT01|ClockDivider:CD ;
+----------------+---------+---------------------------------------------------------------------+
; Parameter Name ; Value   ; Type                                                                ;
+----------------+---------+---------------------------------------------------------------------+
; DIV20HZ        ; 1250000 ; Signed Integer                                                      ;
+----------------+---------+---------------------------------------------------------------------+
Note: In order to hide this table in the UI and the text report file, please set the "Show Parameter Settings in Synthesis Report" option in "Analysis and Synthesis Settings -> More Settings" to "Off".


+--------------------------------------------------------------------------------------------------------------------+
; Parameter Settings for Inferred Entity Instance: Sistema:inst02|ControleVGA:CVGA01|GeradorImagem:gI|lpm_mult:Mult1 ;
+------------------------------------------------+--------------+----------------------------------------------------+
; Parameter Name                                 ; Value        ; Type                                               ;
+------------------------------------------------+--------------+----------------------------------------------------+
; AUTO_CARRY_CHAINS                              ; ON           ; AUTO_CARRY                                         ;
; IGNORE_CARRY_BUFFERS                           ; OFF          ; IGNORE_CARRY                                       ;
; AUTO_CASCADE_CHAINS                            ; ON           ; AUTO_CASCADE                                       ;
; IGNORE_CASCADE_BUFFERS                         ; OFF          ; IGNORE_CASCADE                                     ;
; LPM_WIDTHA                                     ; 9            ; Untyped                                            ;
; LPM_WIDTHB                                     ; 9            ; Untyped                                            ;
; LPM_WIDTHP                                     ; 18           ; Untyped                                            ;
; LPM_WIDTHR                                     ; 18           ; Untyped                                            ;
; LPM_WIDTHS                                     ; 1            ; Untyped                                            ;
; LPM_REPRESENTATION                             ; UNSIGNED     ; Untyped                                            ;
; LPM_PIPELINE                                   ; 0            ; Untyped                                            ;
; LATENCY                                        ; 0            ; Untyped                                            ;
; INPUT_A_IS_CONSTANT                            ; NO           ; Untyped                                            ;
; INPUT_B_IS_CONSTANT                            ; NO           ; Untyped                                            ;
; USE_EAB                                        ; OFF          ; Untyped                                            ;
; MAXIMIZE_SPEED                                 ; 5            ; Untyped                                            ;
; DEVICE_FAMILY                                  ; Cyclone IV E ; Untyped                                            ;
; CARRY_CHAIN                                    ; MANUAL       ; Untyped                                            ;
; APEX20K_TECHNOLOGY_MAPPER                      ; LUT          ; TECH_MAPPER_APEX20K                                ;
; DEDICATED_MULTIPLIER_CIRCUITRY                 ; AUTO         ; Untyped                                            ;
; DEDICATED_MULTIPLIER_MIN_INPUT_WIDTH_FOR_AUTO  ; 0            ; Untyped                                            ;
; DEDICATED_MULTIPLIER_MIN_OUTPUT_WIDTH_FOR_AUTO ; 0            ; Untyped                                            ;
; CBXI_PARAMETER                                 ; mult_eat     ; Untyped                                            ;
; INPUT_A_FIXED_VALUE                            ; Bx           ; Untyped                                            ;
; INPUT_B_FIXED_VALUE                            ; Bx           ; Untyped                                            ;
; USE_AHDL_IMPLEMENTATION                        ; OFF          ; Untyped                                            ;
+------------------------------------------------+--------------+----------------------------------------------------+
Note: In order to hide this table in the UI and the text report file, please set the "Show Parameter Settings in Synthesis Report" option in "Analysis and Synthesis Settings -> More Settings" to "Off".


+--------------------------------------------------------------------------------------------------------------------+
; Parameter Settings for Inferred Entity Instance: Sistema:inst02|ControleVGA:CVGA01|GeradorImagem:gI|lpm_mult:Mult0 ;
+------------------------------------------------+--------------+----------------------------------------------------+
; Parameter Name                                 ; Value        ; Type                                               ;
+------------------------------------------------+--------------+----------------------------------------------------+
; AUTO_CARRY_CHAINS                              ; ON           ; AUTO_CARRY                                         ;
; IGNORE_CARRY_BUFFERS                           ; OFF          ; IGNORE_CARRY                                       ;
; AUTO_CASCADE_CHAINS                            ; ON           ; AUTO_CASCADE                                       ;
; IGNORE_CASCADE_BUFFERS                         ; OFF          ; IGNORE_CASCADE                                     ;
; LPM_WIDTHA                                     ; 10           ; Untyped                                            ;
; LPM_WIDTHB                                     ; 10           ; Untyped                                            ;
; LPM_WIDTHP                                     ; 20           ; Untyped                                            ;
; LPM_WIDTHR                                     ; 20           ; Untyped                                            ;
; LPM_WIDTHS                                     ; 1            ; Untyped                                            ;
; LPM_REPRESENTATION                             ; UNSIGNED     ; Untyped                                            ;
; LPM_PIPELINE                                   ; 0            ; Untyped                                            ;
; LATENCY                                        ; 0            ; Untyped                                            ;
; INPUT_A_IS_CONSTANT                            ; NO           ; Untyped                                            ;
; INPUT_B_IS_CONSTANT                            ; NO           ; Untyped                                            ;
; USE_EAB                                        ; OFF          ; Untyped                                            ;
; MAXIMIZE_SPEED                                 ; 6            ; Untyped                                            ;
; DEVICE_FAMILY                                  ; Cyclone IV E ; Untyped                                            ;
; CARRY_CHAIN                                    ; MANUAL       ; Untyped                                            ;
; APEX20K_TECHNOLOGY_MAPPER                      ; LUT          ; TECH_MAPPER_APEX20K                                ;
; DEDICATED_MULTIPLIER_CIRCUITRY                 ; AUTO         ; Untyped                                            ;
; DEDICATED_MULTIPLIER_MIN_INPUT_WIDTH_FOR_AUTO  ; 0            ; Untyped                                            ;
; DEDICATED_MULTIPLIER_MIN_OUTPUT_WIDTH_FOR_AUTO ; 0            ; Untyped                                            ;
; CBXI_PARAMETER                                 ; mult_oct     ; Untyped                                            ;
; INPUT_A_FIXED_VALUE                            ; Bx           ; Untyped                                            ;
; INPUT_B_FIXED_VALUE                            ; Bx           ; Untyped                                            ;
; USE_AHDL_IMPLEMENTATION                        ; OFF          ; Untyped                                            ;
+------------------------------------------------+--------------+----------------------------------------------------+
Note: In order to hide this table in the UI and the text report file, please set the "Show Parameter Settings in Synthesis Report" option in "Analysis and Synthesis Settings -> More Settings" to "Off".


+-----------------------------------------------------------------------------------------------------------+
; lpm_mult Parameter Settings by Entity Instance                                                            ;
+---------------------------------------+-------------------------------------------------------------------+
; Name                                  ; Value                                                             ;
+---------------------------------------+-------------------------------------------------------------------+
; Number of entity instances            ; 2                                                                 ;
; Entity Instance                       ; Sistema:inst02|ControleVGA:CVGA01|GeradorImagem:gI|lpm_mult:Mult1 ;
;     -- LPM_WIDTHA                     ; 9                                                                 ;
;     -- LPM_WIDTHB                     ; 9                                                                 ;
;     -- LPM_WIDTHP                     ; 18                                                                ;
;     -- LPM_REPRESENTATION             ; UNSIGNED                                                          ;
;     -- INPUT_A_IS_CONSTANT            ; NO                                                                ;
;     -- INPUT_B_IS_CONSTANT            ; NO                                                                ;
;     -- USE_EAB                        ; OFF                                                               ;
;     -- DEDICATED_MULTIPLIER_CIRCUITRY ; AUTO                                                              ;
;     -- INPUT_A_FIXED_VALUE            ; Bx                                                                ;
;     -- INPUT_B_FIXED_VALUE            ; Bx                                                                ;
; Entity Instance                       ; Sistema:inst02|ControleVGA:CVGA01|GeradorImagem:gI|lpm_mult:Mult0 ;
;     -- LPM_WIDTHA                     ; 10                                                                ;
;     -- LPM_WIDTHB                     ; 10                                                                ;
;     -- LPM_WIDTHP                     ; 20                                                                ;
;     -- LPM_REPRESENTATION             ; UNSIGNED                                                          ;
;     -- INPUT_A_IS_CONSTANT            ; NO                                                                ;
;     -- INPUT_B_IS_CONSTANT            ; NO                                                                ;
;     -- USE_EAB                        ; OFF                                                               ;
;     -- DEDICATED_MULTIPLIER_CIRCUITRY ; AUTO                                                              ;
;     -- INPUT_A_FIXED_VALUE            ; Bx                                                                ;
;     -- INPUT_B_FIXED_VALUE            ; Bx                                                                ;
+---------------------------------------+-------------------------------------------------------------------+


+-----------------------------------------------------+
; Post-Synthesis Netlist Statistics for Top Partition ;
+-----------------------+-----------------------------+
; Type                  ; Count                       ;
+-----------------------+-----------------------------+
; boundary_port         ; 34                          ;
; cycloneiii_ff         ; 85                          ;
;     SCLR              ; 19                          ;
;     SLD               ; 11                          ;
;     plain             ; 55                          ;
; cycloneiii_lcell_comb ; 289                         ;
;     arith             ; 159                         ;
;         2 data inputs ; 89                          ;
;         3 data inputs ; 70                          ;
;     normal            ; 130                         ;
;         0 data inputs ; 4                           ;
;         1 data inputs ; 10                          ;
;         2 data inputs ; 17                          ;
;         3 data inputs ; 34                          ;
;         4 data inputs ; 65                          ;
; cycloneiii_mac_mult   ; 2                           ;
; cycloneiii_mac_out    ; 2                           ;
;                       ;                             ;
; Max LUT depth         ; 8.00                        ;
; Average LUT depth     ; 3.46                        ;
+-----------------------+-----------------------------+


+-------------------------------+
; Elapsed Time Per Partition    ;
+----------------+--------------+
; Partition Name ; Elapsed Time ;
+----------------+--------------+
; Top            ; 00:00:00     ;
+----------------+--------------+


+-------------------------------+
; Analysis & Synthesis Messages ;
+-------------------------------+
Info: *******************************************************************
Info: Running Quartus Prime Analysis & Synthesis
    Info: Version 17.0.0 Build 595 04/25/2017 SJ Lite Edition
    Info: Processing started: Tue Sep 03 21:26:22 2024
Info: Command: quartus_map --read_settings_files=on --write_settings_files=off atv07 -c atv07
Warning (18236): Number of processors has not been specified which may cause overloading on shared machines.  Set the global assignment NUM_PARALLEL_PROCESSORS in your QSF to an appropriate value for best performance.
Info (20030): Parallel compilation is enabled and will use 6 of the 6 processors detected
Info (12021): Found 1 design units, including 1 entities, in source file arquitetura.v
    Info (12023): Found entity 1: Arquitetura File: C:/Users/welly/Documents/GitHub/LT39A/pratica07/Arquitetura.v Line: 1
Info (12021): Found 1 design units, including 1 entities, in source file entrada.v
    Info (12023): Found entity 1: Entrada File: C:/Users/welly/Documents/GitHub/LT39A/pratica07/Entrada.v Line: 1
Info (12021): Found 1 design units, including 1 entities, in source file sistema.v
    Info (12023): Found entity 1: Sistema File: C:/Users/welly/Documents/GitHub/LT39A/pratica07/Sistema.v Line: 1
Info (12021): Found 1 design units, including 1 entities, in source file clockdivider.v
    Info (12023): Found entity 1: ClockDivider File: C:/Users/welly/Documents/GitHub/LT39A/pratica07/ClockDivider.v Line: 1
Info (12021): Found 1 design units, including 1 entities, in source file circletracker.v
    Info (12023): Found entity 1: CircleTracker File: C:/Users/welly/Documents/GitHub/LT39A/pratica07/CircleTracker.v Line: 1
Info (12021): Found 1 design units, including 1 entities, in source file geradorvertical.v
    Info (12023): Found entity 1: GeradorVertical File: C:/Users/welly/Documents/GitHub/LT39A/pratica07/GeradorVertical.v Line: 1
Info (12021): Found 1 design units, including 1 entities, in source file geradorsync.v
    Info (12023): Found entity 1: GeradorSync File: C:/Users/welly/Documents/GitHub/LT39A/pratica07/GeradorSync.v Line: 1
Info (12021): Found 1 design units, including 1 entities, in source file geradorimagem.v
    Info (12023): Found entity 1: GeradorImagem File: C:/Users/welly/Documents/GitHub/LT39A/pratica07/GeradorImagem.v Line: 1
Info (12021): Found 1 design units, including 1 entities, in source file geradorhorizontal.v
    Info (12023): Found entity 1: GeradorHorizontal File: C:/Users/welly/Documents/GitHub/LT39A/pratica07/GeradorHorizontal.v Line: 1
Info (12021): Found 1 design units, including 1 entities, in source file geradorcontrole.v
    Info (12023): Found entity 1: GeradorControle File: C:/Users/welly/Documents/GitHub/LT39A/pratica07/GeradorControle.v Line: 1
Info (12021): Found 1 design units, including 1 entities, in source file counter.v
    Info (12023): Found entity 1: Counter File: C:/Users/welly/Documents/GitHub/LT39A/pratica07/Counter.v Line: 1
Info (12021): Found 1 design units, including 1 entities, in source file controlevga.v
    Info (12023): Found entity 1: ControleVGA File: C:/Users/welly/Documents/GitHub/LT39A/pratica07/ControleVGA.v Line: 1
Info (12021): Found 1 design units, including 1 entities, in source file contadorlinha.v
    Info (12023): Found entity 1: ContadorLinha File: C:/Users/welly/Documents/GitHub/LT39A/pratica07/ContadorLinha.v Line: 1
Info (12021): Found 1 design units, including 1 entities, in source file contadorcoluna.v
    Info (12023): Found entity 1: ContadorColuna File: C:/Users/welly/Documents/GitHub/LT39A/pratica07/ContadorColuna.v Line: 1
Info (12127): Elaborating entity "Arquitetura" for the top level hierarchy
Info (12128): Elaborating entity "Entrada" for hierarchy "Entrada:inst01" File: C:/Users/welly/Documents/GitHub/LT39A/pratica07/Arquitetura.v Line: 13
Info (12128): Elaborating entity "Sistema" for hierarchy "Sistema:inst02" File: C:/Users/welly/Documents/GitHub/LT39A/pratica07/Arquitetura.v Line: 15
Info (12128): Elaborating entity "CircleTracker" for hierarchy "Sistema:inst02|CircleTracker:CT01" File: C:/Users/welly/Documents/GitHub/LT39A/pratica07/Sistema.v Line: 13
Warning (10230): Verilog HDL assignment warning at CircleTracker.v(21): truncated value with size 32 to match size of target (9) File: C:/Users/welly/Documents/GitHub/LT39A/pratica07/CircleTracker.v Line: 21
Warning (10230): Verilog HDL assignment warning at CircleTracker.v(25): truncated value with size 32 to match size of target (9) File: C:/Users/welly/Documents/GitHub/LT39A/pratica07/CircleTracker.v Line: 25
Warning (10230): Verilog HDL assignment warning at CircleTracker.v(29): truncated value with size 32 to match size of target (10) File: C:/Users/welly/Documents/GitHub/LT39A/pratica07/CircleTracker.v Line: 29
Warning (10230): Verilog HDL assignment warning at CircleTracker.v(33): truncated value with size 32 to match size of target (10) File: C:/Users/welly/Documents/GitHub/LT39A/pratica07/CircleTracker.v Line: 33
Info (12128): Elaborating entity "ClockDivider" for hierarchy "Sistema:inst02|CircleTracker:CT01|ClockDivider:CD" File: C:/Users/welly/Documents/GitHub/LT39A/pratica07/CircleTracker.v Line: 16
Info (12128): Elaborating entity "ControleVGA" for hierarchy "Sistema:inst02|ControleVGA:CVGA01" File: C:/Users/welly/Documents/GitHub/LT39A/pratica07/Sistema.v Line: 15
Info (12128): Elaborating entity "GeradorControle" for hierarchy "Sistema:inst02|ControleVGA:CVGA01|GeradorControle:gC" File: C:/Users/welly/Documents/GitHub/LT39A/pratica07/ControleVGA.v Line: 15
Info (12128): Elaborating entity "Counter" for hierarchy "Sistema:inst02|ControleVGA:CVGA01|GeradorControle:gC|Counter:gF" File: C:/Users/welly/Documents/GitHub/LT39A/pratica07/GeradorControle.v Line: 9
Info (12128): Elaborating entity "GeradorSync" for hierarchy "Sistema:inst02|ControleVGA:CVGA01|GeradorControle:gC|GeradorSync:gS" File: C:/Users/welly/Documents/GitHub/LT39A/pratica07/GeradorControle.v Line: 10
Info (12128): Elaborating entity "GeradorHorizontal" for hierarchy "Sistema:inst02|ControleVGA:CVGA01|GeradorControle:gC|GeradorSync:gS|GeradorHorizontal:gH" File: C:/Users/welly/Documents/GitHub/LT39A/pratica07/GeradorSync.v Line: 8
Info (12128): Elaborating entity "GeradorVertical" for hierarchy "Sistema:inst02|ControleVGA:CVGA01|GeradorControle:gC|GeradorSync:gS|GeradorVertical:gV" File: C:/Users/welly/Documents/GitHub/LT39A/pratica07/GeradorSync.v Line: 9
Info (12128): Elaborating entity "GeradorImagem" for hierarchy "Sistema:inst02|ControleVGA:CVGA01|GeradorImagem:gI" File: C:/Users/welly/Documents/GitHub/LT39A/pratica07/ControleVGA.v Line: 16
Warning (10036): Verilog HDL or VHDL warning at GeradorImagem.v(18): object "RowInferior" assigned a value but never read File: C:/Users/welly/Documents/GitHub/LT39A/pratica07/GeradorImagem.v Line: 18
Warning (10036): Verilog HDL or VHDL warning at GeradorImagem.v(18): object "RowSuperior" assigned a value but never read File: C:/Users/welly/Documents/GitHub/LT39A/pratica07/GeradorImagem.v Line: 18
Warning (10036): Verilog HDL or VHDL warning at GeradorImagem.v(19): object "ColInferior" assigned a value but never read File: C:/Users/welly/Documents/GitHub/LT39A/pratica07/GeradorImagem.v Line: 19
Warning (10036): Verilog HDL or VHDL warning at GeradorImagem.v(19): object "ColSuperior" assigned a value but never read File: C:/Users/welly/Documents/GitHub/LT39A/pratica07/GeradorImagem.v Line: 19
Warning (10240): Verilog HDL Always Construct warning at GeradorImagem.v(42): inferring latch(es) for variable "x_diff", which holds its previous value in one or more paths through the always construct File: C:/Users/welly/Documents/GitHub/LT39A/pratica07/GeradorImagem.v Line: 42
Warning (10240): Verilog HDL Always Construct warning at GeradorImagem.v(42): inferring latch(es) for variable "y_diff", which holds its previous value in one or more paths through the always construct File: C:/Users/welly/Documents/GitHub/LT39A/pratica07/GeradorImagem.v Line: 42
Warning (10240): Verilog HDL Always Construct warning at GeradorImagem.v(42): inferring latch(es) for variable "CircleEquation", which holds its previous value in one or more paths through the always construct File: C:/Users/welly/Documents/GitHub/LT39A/pratica07/GeradorImagem.v Line: 42
Warning (10240): Verilog HDL Always Construct warning at GeradorImagem.v(42): inferring latch(es) for variable "RadiusSquared", which holds its previous value in one or more paths through the always construct File: C:/Users/welly/Documents/GitHub/LT39A/pratica07/GeradorImagem.v Line: 42
Info (12128): Elaborating entity "ContadorLinha" for hierarchy "Sistema:inst02|ControleVGA:CVGA01|GeradorImagem:gI|ContadorLinha:contLinha" File: C:/Users/welly/Documents/GitHub/LT39A/pratica07/GeradorImagem.v Line: 15
Info (12128): Elaborating entity "ContadorColuna" for hierarchy "Sistema:inst02|ControleVGA:CVGA01|GeradorImagem:gI|ContadorColuna:contColuna" File: C:/Users/welly/Documents/GitHub/LT39A/pratica07/GeradorImagem.v Line: 16
Info (278001): Inferred 2 megafunctions from design logic
    Info (278003): Inferred multiplier megafunction ("lpm_mult") from the following logic: "Sistema:inst02|ControleVGA:CVGA01|GeradorImagem:gI|Mult1" File: C:/Users/welly/Documents/GitHub/LT39A/pratica07/GeradorImagem.v Line: 48
    Info (278003): Inferred multiplier megafunction ("lpm_mult") from the following logic: "Sistema:inst02|ControleVGA:CVGA01|GeradorImagem:gI|Mult0" File: C:/Users/welly/Documents/GitHub/LT39A/pratica07/GeradorImagem.v Line: 48
Info (12130): Elaborated megafunction instantiation "Sistema:inst02|ControleVGA:CVGA01|GeradorImagem:gI|lpm_mult:Mult1" File: C:/Users/welly/Documents/GitHub/LT39A/pratica07/GeradorImagem.v Line: 48
Info (12133): Instantiated megafunction "Sistema:inst02|ControleVGA:CVGA01|GeradorImagem:gI|lpm_mult:Mult1" with the following parameter: File: C:/Users/welly/Documents/GitHub/LT39A/pratica07/GeradorImagem.v Line: 48
    Info (12134): Parameter "LPM_WIDTHA" = "9"
    Info (12134): Parameter "LPM_WIDTHB" = "9"
    Info (12134): Parameter "LPM_WIDTHP" = "18"
    Info (12134): Parameter "LPM_WIDTHR" = "18"
    Info (12134): Parameter "LPM_WIDTHS" = "1"
    Info (12134): Parameter "LPM_REPRESENTATION" = "UNSIGNED"
    Info (12134): Parameter "INPUT_A_IS_CONSTANT" = "NO"
    Info (12134): Parameter "INPUT_B_IS_CONSTANT" = "NO"
    Info (12134): Parameter "MAXIMIZE_SPEED" = "5"
Info (12021): Found 1 design units, including 1 entities, in source file db/mult_eat.tdf
    Info (12023): Found entity 1: mult_eat File: C:/Users/welly/Documents/GitHub/LT39A/pratica07/db/mult_eat.tdf Line: 29
Info (12130): Elaborated megafunction instantiation "Sistema:inst02|ControleVGA:CVGA01|GeradorImagem:gI|lpm_mult:Mult0" File: C:/Users/welly/Documents/GitHub/LT39A/pratica07/GeradorImagem.v Line: 48
Info (12133): Instantiated megafunction "Sistema:inst02|ControleVGA:CVGA01|GeradorImagem:gI|lpm_mult:Mult0" with the following parameter: File: C:/Users/welly/Documents/GitHub/LT39A/pratica07/GeradorImagem.v Line: 48
    Info (12134): Parameter "LPM_WIDTHA" = "10"
    Info (12134): Parameter "LPM_WIDTHB" = "10"
    Info (12134): Parameter "LPM_WIDTHP" = "20"
    Info (12134): Parameter "LPM_WIDTHR" = "20"
    Info (12134): Parameter "LPM_WIDTHS" = "1"
    Info (12134): Parameter "LPM_REPRESENTATION" = "UNSIGNED"
    Info (12134): Parameter "INPUT_A_IS_CONSTANT" = "NO"
    Info (12134): Parameter "INPUT_B_IS_CONSTANT" = "NO"
    Info (12134): Parameter "MAXIMIZE_SPEED" = "6"
Info (12021): Found 1 design units, including 1 entities, in source file db/mult_oct.tdf
    Info (12023): Found entity 1: mult_oct File: C:/Users/welly/Documents/GitHub/LT39A/pratica07/db/mult_oct.tdf Line: 29
Warning (13024): Output pins are stuck at VCC or GND
    Warning (13410): Pin "syncVGA" is stuck at GND File: C:/Users/welly/Documents/GitHub/LT39A/pratica07/Arquitetura.v Line: 6
    Warning (13410): Pin "blankVGA" is stuck at VCC File: C:/Users/welly/Documents/GitHub/LT39A/pratica07/Arquitetura.v Line: 6
Info (286030): Timing-Driven Synthesis is running
Info (144001): Generated suppressed messages file C:/Users/welly/Documents/GitHub/LT39A/pratica07/output_files/atv07.map.smsg
Info (16010): Generating hard_block partition "hard_block:auto_generated_inst"
    Info (16011): Adding 0 node(s), including 0 DDIO, 0 PLL, 0 transceiver and 0 LCELL
Info (21057): Implemented 324 device resources after synthesis - the final resource count might be different
    Info (21058): Implemented 5 input pins
    Info (21059): Implemented 29 output pins
    Info (21061): Implemented 287 logic cells
    Info (21062): Implemented 3 DSP elements
Info: Quartus Prime Analysis & Synthesis was successful. 0 errors, 16 warnings
    Info: Peak virtual memory: 4797 megabytes
    Info: Processing ended: Tue Sep 03 21:26:29 2024
    Info: Elapsed time: 00:00:07
    Info: Total CPU time (on all processors): 00:00:05


+------------------------------------------+
; Analysis & Synthesis Suppressed Messages ;
+------------------------------------------+
The suppressed messages can be found in C:/Users/welly/Documents/GitHub/LT39A/pratica07/output_files/atv07.map.smsg.


