Analysis & Synthesis report for projeto01
Sun Aug 04 21:53:44 2024
Quartus Prime Version 17.0.0 Build 595 04/25/2017 SJ Lite Edition


---------------------
; Table of Contents ;
---------------------
  1. Legal Notice
  2. Analysis & Synthesis Summary
  3. Analysis & Synthesis Settings
  4. Parallel Compilation
  5. Analysis & Synthesis Source Files Read
  6. Analysis & Synthesis Resource Usage Summary
  7. Analysis & Synthesis Resource Utilization by Entity
  8. State Machine - |test|DisplayControlUnit:inst|PresentState
  9. State Machine - |test|DisplayControlUnit:inst|PresentPhrase
 10. User-Specified and Inferred Latches
 11. Registers Removed During Synthesis
 12. General Register Statistics
 13. Parameter Settings for User Entity Instance: DisplayControlUnit:inst
 14. Post-Synthesis Netlist Statistics for Top Partition
 15. Elapsed Time Per Partition
 16. Analysis & Synthesis Messages
 17. Analysis & Synthesis Suppressed Messages



----------------
; Legal Notice ;
----------------
Copyright (C) 2017  Intel Corporation. All rights reserved.
Your use of Intel Corporation's design tools, logic functions 
and other software and tools, and its AMPP partner logic 
functions, and any output files from any of the foregoing 
(including device programming or simulation files), and any 
associated documentation or information are expressly subject 
to the terms and conditions of the Intel Program License 
Subscription Agreement, the Intel Quartus Prime License Agreement,
the Intel MegaCore Function License Agreement, or other 
applicable license agreement, including, without limitation, 
that your use is for the sole purpose of programming logic 
devices manufactured by Intel and sold by Intel or its 
authorized distributors.  Please refer to the applicable 
agreement for further details.



+----------------------------------------------------------------------------------+
; Analysis & Synthesis Summary                                                     ;
+------------------------------------+---------------------------------------------+
; Analysis & Synthesis Status        ; Successful - Sun Aug 04 21:53:44 2024       ;
; Quartus Prime Version              ; 17.0.0 Build 595 04/25/2017 SJ Lite Edition ;
; Revision Name                      ; projeto01                                   ;
; Top-level Entity Name              ; test                                        ;
; Family                             ; Cyclone IV E                                ;
; Total logic elements               ; 85                                          ;
;     Total combinational functions  ; 78                                          ;
;     Dedicated logic registers      ; 14                                          ;
; Total registers                    ; 14                                          ;
; Total pins                         ; 31                                          ;
; Total virtual pins                 ; 0                                           ;
; Total memory bits                  ; 0                                           ;
; Embedded Multiplier 9-bit elements ; 0                                           ;
; Total PLLs                         ; 0                                           ;
+------------------------------------+---------------------------------------------+


+----------------------------------------------------------------------------------------------------------------------+
; Analysis & Synthesis Settings                                                                                        ;
+----------------------------------------------------------------------------+--------------------+--------------------+
; Option                                                                     ; Setting            ; Default Value      ;
+----------------------------------------------------------------------------+--------------------+--------------------+
; Device                                                                     ; EP4CE115F29C7      ;                    ;
; Top-level entity name                                                      ; test               ; projeto01          ;
; Family name                                                                ; Cyclone IV E       ; Cyclone V          ;
; Use smart compilation                                                      ; Off                ; Off                ;
; Enable parallel Assembler and TimeQuest Timing Analyzer during compilation ; On                 ; On                 ;
; Enable compact report table                                                ; Off                ; Off                ;
; Restructure Multiplexers                                                   ; Auto               ; Auto               ;
; Create Debugging Nodes for IP Cores                                        ; Off                ; Off                ;
; Preserve fewer node names                                                  ; On                 ; On                 ;
; OpenCore Plus hardware evaluation                                          ; Enable             ; Enable             ;
; Verilog Version                                                            ; Verilog_2001       ; Verilog_2001       ;
; VHDL Version                                                               ; VHDL_1993          ; VHDL_1993          ;
; State Machine Processing                                                   ; Auto               ; Auto               ;
; Safe State Machine                                                         ; Off                ; Off                ;
; Extract Verilog State Machines                                             ; On                 ; On                 ;
; Extract VHDL State Machines                                                ; On                 ; On                 ;
; Ignore Verilog initial constructs                                          ; Off                ; Off                ;
; Iteration limit for constant Verilog loops                                 ; 5000               ; 5000               ;
; Iteration limit for non-constant Verilog loops                             ; 250                ; 250                ;
; Add Pass-Through Logic to Inferred RAMs                                    ; On                 ; On                 ;
; Infer RAMs from Raw Logic                                                  ; On                 ; On                 ;
; Parallel Synthesis                                                         ; On                 ; On                 ;
; DSP Block Balancing                                                        ; Auto               ; Auto               ;
; NOT Gate Push-Back                                                         ; On                 ; On                 ;
; Power-Up Don't Care                                                        ; On                 ; On                 ;
; Remove Redundant Logic Cells                                               ; Off                ; Off                ;
; Remove Duplicate Registers                                                 ; On                 ; On                 ;
; Ignore CARRY Buffers                                                       ; Off                ; Off                ;
; Ignore CASCADE Buffers                                                     ; Off                ; Off                ;
; Ignore GLOBAL Buffers                                                      ; Off                ; Off                ;
; Ignore ROW GLOBAL Buffers                                                  ; Off                ; Off                ;
; Ignore LCELL Buffers                                                       ; Off                ; Off                ;
; Ignore SOFT Buffers                                                        ; On                 ; On                 ;
; Limit AHDL Integers to 32 Bits                                             ; Off                ; Off                ;
; Optimization Technique                                                     ; Balanced           ; Balanced           ;
; Carry Chain Length                                                         ; 70                 ; 70                 ;
; Auto Carry Chains                                                          ; On                 ; On                 ;
; Auto Open-Drain Pins                                                       ; On                 ; On                 ;
; Perform WYSIWYG Primitive Resynthesis                                      ; Off                ; Off                ;
; Auto ROM Replacement                                                       ; On                 ; On                 ;
; Auto RAM Replacement                                                       ; On                 ; On                 ;
; Auto DSP Block Replacement                                                 ; On                 ; On                 ;
; Auto Shift Register Replacement                                            ; Auto               ; Auto               ;
; Allow Shift Register Merging across Hierarchies                            ; Auto               ; Auto               ;
; Auto Clock Enable Replacement                                              ; On                 ; On                 ;
; Strict RAM Replacement                                                     ; Off                ; Off                ;
; Allow Synchronous Control Signals                                          ; On                 ; On                 ;
; Force Use of Synchronous Clear Signals                                     ; Off                ; Off                ;
; Auto RAM Block Balancing                                                   ; On                 ; On                 ;
; Auto RAM to Logic Cell Conversion                                          ; Off                ; Off                ;
; Auto Resource Sharing                                                      ; Off                ; Off                ;
; Allow Any RAM Size For Recognition                                         ; Off                ; Off                ;
; Allow Any ROM Size For Recognition                                         ; Off                ; Off                ;
; Allow Any Shift Register Size For Recognition                              ; Off                ; Off                ;
; Use LogicLock Constraints during Resource Balancing                        ; On                 ; On                 ;
; Ignore translate_off and synthesis_off directives                          ; Off                ; Off                ;
; Timing-Driven Synthesis                                                    ; On                 ; On                 ;
; Report Parameter Settings                                                  ; On                 ; On                 ;
; Report Source Assignments                                                  ; On                 ; On                 ;
; Report Connectivity Checks                                                 ; On                 ; On                 ;
; Ignore Maximum Fan-Out Assignments                                         ; Off                ; Off                ;
; Synchronization Register Chain Length                                      ; 2                  ; 2                  ;
; PowerPlay Power Optimization During Synthesis                              ; Normal compilation ; Normal compilation ;
; HDL message level                                                          ; Level2             ; Level2             ;
; Suppress Register Optimization Related Messages                            ; Off                ; Off                ;
; Number of Removed Registers Reported in Synthesis Report                   ; 5000               ; 5000               ;
; Number of Swept Nodes Reported in Synthesis Report                         ; 5000               ; 5000               ;
; Number of Inverted Registers Reported in Synthesis Report                  ; 100                ; 100                ;
; Clock MUX Protection                                                       ; On                 ; On                 ;
; Auto Gated Clock Conversion                                                ; Off                ; Off                ;
; Block Design Naming                                                        ; Auto               ; Auto               ;
; SDC constraint protection                                                  ; Off                ; Off                ;
; Synthesis Effort                                                           ; Auto               ; Auto               ;
; Shift Register Replacement - Allow Asynchronous Clear Signal               ; On                 ; On                 ;
; Pre-Mapping Resynthesis Optimization                                       ; Off                ; Off                ;
; Analysis & Synthesis Message Level                                         ; Medium             ; Medium             ;
; Disable Register Merging Across Hierarchies                                ; Auto               ; Auto               ;
; Resource Aware Inference For Block RAM                                     ; On                 ; On                 ;
+----------------------------------------------------------------------------+--------------------+--------------------+


+------------------------------------------+
; Parallel Compilation                     ;
+----------------------------+-------------+
; Processors                 ; Number      ;
+----------------------------+-------------+
; Number detected on machine ; 12          ;
; Maximum allowed            ; 6           ;
;                            ;             ;
; Average used               ; 1.00        ;
; Maximum used               ; 6           ;
;                            ;             ;
; Usage by Processor         ; % Time Used ;
;     Processor 1            ; 100.0%      ;
;     Processors 2-6         ;   0.0%      ;
+----------------------------+-------------+


+--------------------------------------------------------------------------------------------------------------------------------------------------------------------------+
; Analysis & Synthesis Source Files Read                                                                                                                                   ;
+----------------------------------+-----------------+------------------------------------+----------------------------------------------------------------------+---------+
; File Name with User-Entered Path ; Used in Netlist ; File Type                          ; File Name with Absolute Path                                         ; Library ;
+----------------------------------+-----------------+------------------------------------+----------------------------------------------------------------------+---------+
; DisplayControlUnit.v             ; yes             ; User Verilog HDL File              ; C:/Users/welly/Documents/GitHub/LT39A/projeto01/DisplayControlUnit.v ;         ;
; test.bdf                         ; yes             ; User Block Diagram/Schematic File  ; C:/Users/welly/Documents/GitHub/LT39A/projeto01/test.bdf             ;         ;
+----------------------------------+-----------------+------------------------------------+----------------------------------------------------------------------+---------+


+-------------------------------------------------------------------------------------+
; Analysis & Synthesis Resource Usage Summary                                         ;
+---------------------------------------------+---------------------------------------+
; Resource                                    ; Usage                                 ;
+---------------------------------------------+---------------------------------------+
; Estimated Total logic elements              ; 85                                    ;
;                                             ;                                       ;
; Total combinational functions               ; 78                                    ;
; Logic element usage by number of LUT inputs ;                                       ;
;     -- 4 input functions                    ; 34                                    ;
;     -- 3 input functions                    ; 22                                    ;
;     -- <=2 input functions                  ; 22                                    ;
;                                             ;                                       ;
; Logic elements by mode                      ;                                       ;
;     -- normal mode                          ; 72                                    ;
;     -- arithmetic mode                      ; 6                                     ;
;                                             ;                                       ;
; Total registers                             ; 14                                    ;
;     -- Dedicated logic registers            ; 14                                    ;
;     -- I/O registers                        ; 0                                     ;
;                                             ;                                       ;
; I/O pins                                    ; 31                                    ;
;                                             ;                                       ;
; Embedded Multiplier 9-bit elements          ; 0                                     ;
;                                             ;                                       ;
; Maximum fan-out node                        ; DisplayControlUnit:inst|char_index[3] ;
; Maximum fan-out                             ; 22                                    ;
; Total fan-out                               ; 340                                   ;
; Average fan-out                             ; 2.21                                  ;
+---------------------------------------------+---------------------------------------+


+-----------------------------------------------------------------------------------------------------------------------------------------------------------------------------------------------------------------------------+
; Analysis & Synthesis Resource Utilization by Entity                                                                                                                                                                         ;
+------------------------------+---------------------+---------------------------+-------------+--------------+---------+-----------+------+--------------+-------------------------------+--------------------+--------------+
; Compilation Hierarchy Node   ; Combinational ALUTs ; Dedicated Logic Registers ; Memory Bits ; DSP Elements ; DSP 9x9 ; DSP 18x18 ; Pins ; Virtual Pins ; Full Hierarchy Name           ; Entity Name        ; Library Name ;
+------------------------------+---------------------+---------------------------+-------------+--------------+---------+-----------+------+--------------+-------------------------------+--------------------+--------------+
; |test                        ; 78 (0)              ; 14 (0)                    ; 0           ; 0            ; 0       ; 0         ; 31   ; 0            ; |test                         ; test               ; work         ;
;    |DisplayControlUnit:inst| ; 78 (78)             ; 14 (14)                   ; 0           ; 0            ; 0       ; 0         ; 0    ; 0            ; |test|DisplayControlUnit:inst ; DisplayControlUnit ; work         ;
+------------------------------+---------------------+---------------------------+-------------+--------------+---------+-----------+------+--------------+-------------------------------+--------------------+--------------+
Note: For table entries with two numbers listed, the numbers in parentheses indicate the number of resources of the given type used by the specific entity alone. The numbers listed outside of parentheses indicate the total resources of the given type used by the specific entity and all of its sub-entities in the hierarchy.


Encoding Type:  One-Hot
+-------------------------------------------------------------------------------------------------------------------------------------------------------------------------------------------------------------------------------------------------------------------------+
; State Machine - |test|DisplayControlUnit:inst|PresentState                                                                                                                                                                                                              ;
+-----------------------------+------------------------+-------------------------+-------------------------+------------------------+-----------------------------+---------------------------+------------------+------------------+------------------+------------------+
; Name                        ; PresentState.WriteChar ; PresentState.SetAddress ; PresentState.ReturnHome ; PresentState.EntryMode ; PresentState.DisplayControl ; PresentState.ClearDisplay ; PresentState.FS4 ; PresentState.FS3 ; PresentState.FS2 ; PresentState.FS1 ;
+-----------------------------+------------------------+-------------------------+-------------------------+------------------------+-----------------------------+---------------------------+------------------+------------------+------------------+------------------+
; PresentState.FS1            ; 0                      ; 0                       ; 0                       ; 0                      ; 0                           ; 0                         ; 0                ; 0                ; 0                ; 0                ;
; PresentState.FS2            ; 0                      ; 0                       ; 0                       ; 0                      ; 0                           ; 0                         ; 0                ; 0                ; 1                ; 1                ;
; PresentState.FS3            ; 0                      ; 0                       ; 0                       ; 0                      ; 0                           ; 0                         ; 0                ; 1                ; 0                ; 1                ;
; PresentState.FS4            ; 0                      ; 0                       ; 0                       ; 0                      ; 0                           ; 0                         ; 1                ; 0                ; 0                ; 1                ;
; PresentState.ClearDisplay   ; 0                      ; 0                       ; 0                       ; 0                      ; 0                           ; 1                         ; 0                ; 0                ; 0                ; 1                ;
; PresentState.DisplayControl ; 0                      ; 0                       ; 0                       ; 0                      ; 1                           ; 0                         ; 0                ; 0                ; 0                ; 1                ;
; PresentState.EntryMode      ; 0                      ; 0                       ; 0                       ; 1                      ; 0                           ; 0                         ; 0                ; 0                ; 0                ; 1                ;
; PresentState.ReturnHome     ; 0                      ; 0                       ; 1                       ; 0                      ; 0                           ; 0                         ; 0                ; 0                ; 0                ; 1                ;
; PresentState.SetAddress     ; 0                      ; 1                       ; 0                       ; 0                      ; 0                           ; 0                         ; 0                ; 0                ; 0                ; 1                ;
; PresentState.WriteChar      ; 1                      ; 0                       ; 0                       ; 0                      ; 0                           ; 0                         ; 0                ; 0                ; 0                ; 1                ;
+-----------------------------+------------------------+-------------------------+-------------------------+------------------------+-----------------------------+---------------------------+------------------+------------------+------------------+------------------+


Encoding Type:  One-Hot
+----------------------------------------------------------------------------------------------------------------------------------------------------------+
; State Machine - |test|DisplayControlUnit:inst|PresentPhrase                                                                                              ;
+---------------------------------+------------------------------+---------------------------------+--------------------------------+----------------------+
; Name                            ; PresentPhrase.DefinirAmarelo ; PresentPhrase.DefinirSecundario ; PresentPhrase.DefinirPrincipal ; PresentPhrase.Padrao ;
+---------------------------------+------------------------------+---------------------------------+--------------------------------+----------------------+
; PresentPhrase.Padrao            ; 0                            ; 0                               ; 0                              ; 0                    ;
; PresentPhrase.DefinirPrincipal  ; 0                            ; 0                               ; 1                              ; 1                    ;
; PresentPhrase.DefinirSecundario ; 0                            ; 1                               ; 0                              ; 1                    ;
; PresentPhrase.DefinirAmarelo    ; 1                            ; 0                               ; 0                              ; 1                    ;
+---------------------------------+------------------------------+---------------------------------+--------------------------------+----------------------+


+----------------------------------------------------------------------------------------------------------------+
; User-Specified and Inferred Latches                                                                            ;
+----------------------------------------------------+----------------------------------+------------------------+
; Latch Name                                         ; Latch Enable Signal              ; Free of Timing Hazards ;
+----------------------------------------------------+----------------------------------+------------------------+
; DisplayControlUnit:inst|char_index[1]              ; DisplayControlUnit:inst|WideOr21 ; yes                    ;
; DisplayControlUnit:inst|char_index[0]              ; DisplayControlUnit:inst|WideOr21 ; yes                    ;
; DisplayControlUnit:inst|char_index[3]              ; DisplayControlUnit:inst|WideOr21 ; yes                    ;
; DisplayControlUnit:inst|char_index[4]              ; DisplayControlUnit:inst|WideOr21 ; yes                    ;
; DisplayControlUnit:inst|char_index[2]              ; DisplayControlUnit:inst|WideOr21 ; yes                    ;
; DisplayControlUnit:inst|char_index[6]              ; DisplayControlUnit:inst|WideOr21 ; yes                    ;
; DisplayControlUnit:inst|char_index[5]              ; DisplayControlUnit:inst|WideOr21 ; yes                    ;
; Number of user-specified and inferred latches = 7  ;                                  ;                        ;
+----------------------------------------------------+----------------------------------+------------------------+
Note: All latches listed above may not be present at the end of synthesis due to various synthesis optimizations.


+-----------------------------------------------------------------------------------------------------+
; Registers Removed During Synthesis                                                                  ;
+-------------------------------------------------+---------------------------------------------------+
; Register name                                   ; Reason for Removal                                ;
+-------------------------------------------------+---------------------------------------------------+
; DisplayControlUnit:inst|phrase[30][2]           ; Stuck at GND due to stuck port data_in            ;
; DisplayControlUnit:inst|phrase[30][1]           ; Stuck at GND due to stuck port data_in            ;
; DisplayControlUnit:inst|phrase[31][7]           ; Stuck at GND due to stuck port data_in            ;
; DisplayControlUnit:inst|phrase[31][3]           ; Stuck at GND due to stuck port data_in            ;
; DisplayControlUnit:inst|phrase[31][2]           ; Stuck at GND due to stuck port data_in            ;
; DisplayControlUnit:inst|phrase[30][5]           ; Stuck at GND due to stuck port data_in            ;
; DisplayControlUnit:inst|phrase[30][7]           ; Stuck at GND due to stuck port data_in            ;
; DisplayControlUnit:inst|phrase[29][0]           ; Stuck at GND due to stuck port data_in            ;
; DisplayControlUnit:inst|phrase[29][1]           ; Stuck at GND due to stuck port data_in            ;
; DisplayControlUnit:inst|phrase[29][2]           ; Stuck at GND due to stuck port data_in            ;
; DisplayControlUnit:inst|phrase[29][5]           ; Stuck at GND due to stuck port data_in            ;
; DisplayControlUnit:inst|phrase[29][7]           ; Stuck at GND due to stuck port data_in            ;
; DisplayControlUnit:inst|phrase[28][0]           ; Stuck at GND due to stuck port data_in            ;
; DisplayControlUnit:inst|phrase[28][1]           ; Stuck at GND due to stuck port data_in            ;
; DisplayControlUnit:inst|phrase[28][2]           ; Stuck at GND due to stuck port data_in            ;
; DisplayControlUnit:inst|phrase[28][3]           ; Stuck at GND due to stuck port data_in            ;
; DisplayControlUnit:inst|phrase[28][4]           ; Stuck at GND due to stuck port data_in            ;
; DisplayControlUnit:inst|phrase[28][5]           ; Stuck at GND due to stuck port data_in            ;
; DisplayControlUnit:inst|phrase[28][6]           ; Stuck at GND due to stuck port data_in            ;
; DisplayControlUnit:inst|phrase[28][7]           ; Stuck at GND due to stuck port data_in            ;
; DisplayControlUnit:inst|phrase[27][0]           ; Stuck at GND due to stuck port data_in            ;
; DisplayControlUnit:inst|phrase[27][1]           ; Stuck at GND due to stuck port data_in            ;
; DisplayControlUnit:inst|phrase[27][2]           ; Stuck at GND due to stuck port data_in            ;
; DisplayControlUnit:inst|phrase[27][3]           ; Stuck at GND due to stuck port data_in            ;
; DisplayControlUnit:inst|phrase[27][4]           ; Stuck at GND due to stuck port data_in            ;
; DisplayControlUnit:inst|phrase[27][5]           ; Stuck at GND due to stuck port data_in            ;
; DisplayControlUnit:inst|phrase[27][6]           ; Stuck at GND due to stuck port data_in            ;
; DisplayControlUnit:inst|phrase[27][7]           ; Stuck at GND due to stuck port data_in            ;
; DisplayControlUnit:inst|phrase[26][0]           ; Stuck at GND due to stuck port data_in            ;
; DisplayControlUnit:inst|phrase[26][4]           ; Stuck at GND due to stuck port data_in            ;
; DisplayControlUnit:inst|phrase[26][5]           ; Stuck at GND due to stuck port data_in            ;
; DisplayControlUnit:inst|phrase[26][7]           ; Stuck at GND due to stuck port data_in            ;
; DisplayControlUnit:inst|phrase[25][0]           ; Stuck at GND due to stuck port data_in            ;
; DisplayControlUnit:inst|phrase[25][2]           ; Stuck at GND due to stuck port data_in            ;
; DisplayControlUnit:inst|phrase[25][3]           ; Stuck at GND due to stuck port data_in            ;
; DisplayControlUnit:inst|phrase[25][5]           ; Stuck at GND due to stuck port data_in            ;
; DisplayControlUnit:inst|phrase[25][7]           ; Stuck at GND due to stuck port data_in            ;
; DisplayControlUnit:inst|phrase[24][3]           ; Stuck at GND due to stuck port data_in            ;
; DisplayControlUnit:inst|phrase[24][4]           ; Stuck at GND due to stuck port data_in            ;
; DisplayControlUnit:inst|phrase[24][5]           ; Stuck at GND due to stuck port data_in            ;
; DisplayControlUnit:inst|phrase[24][7]           ; Stuck at GND due to stuck port data_in            ;
; DisplayControlUnit:inst|phrase[23][0]           ; Stuck at GND due to stuck port data_in            ;
; DisplayControlUnit:inst|phrase[23][1]           ; Stuck at GND due to stuck port data_in            ;
; DisplayControlUnit:inst|phrase[23][2]           ; Stuck at GND due to stuck port data_in            ;
; DisplayControlUnit:inst|phrase[23][3]           ; Stuck at GND due to stuck port data_in            ;
; DisplayControlUnit:inst|phrase[23][4]           ; Stuck at GND due to stuck port data_in            ;
; DisplayControlUnit:inst|phrase[23][6]           ; Stuck at GND due to stuck port data_in            ;
; DisplayControlUnit:inst|phrase[23][7]           ; Stuck at GND due to stuck port data_in            ;
; DisplayControlUnit:inst|phrase[22][0]           ; Stuck at GND due to stuck port data_in            ;
; DisplayControlUnit:inst|phrase[22][2]           ; Stuck at GND due to stuck port data_in            ;
; DisplayControlUnit:inst|phrase[22][6]           ; Stuck at GND due to stuck port data_in            ;
; DisplayControlUnit:inst|phrase[22][7]           ; Stuck at GND due to stuck port data_in            ;
; DisplayControlUnit:inst|phrase[21][0]           ; Stuck at GND due to stuck port data_in            ;
; DisplayControlUnit:inst|phrase[21][4]           ; Stuck at GND due to stuck port data_in            ;
; DisplayControlUnit:inst|phrase[21][6]           ; Stuck at GND due to stuck port data_in            ;
; DisplayControlUnit:inst|phrase[21][7]           ; Stuck at GND due to stuck port data_in            ;
; DisplayControlUnit:inst|phrase[20][0]           ; Stuck at GND due to stuck port data_in            ;
; DisplayControlUnit:inst|phrase[20][4]           ; Stuck at GND due to stuck port data_in            ;
; DisplayControlUnit:inst|phrase[20][7]           ; Stuck at GND due to stuck port data_in            ;
; DisplayControlUnit:inst|phrase[19][1]           ; Stuck at GND due to stuck port data_in            ;
; DisplayControlUnit:inst|phrase[19][3]           ; Stuck at GND due to stuck port data_in            ;
; DisplayControlUnit:inst|phrase[19][7]           ; Stuck at GND due to stuck port data_in            ;
; DisplayControlUnit:inst|phrase[18][2]           ; Stuck at GND due to stuck port data_in            ;
; DisplayControlUnit:inst|phrase[18][3]           ; Stuck at GND due to stuck port data_in            ;
; DisplayControlUnit:inst|phrase[18][4]           ; Stuck at GND due to stuck port data_in            ;
; DisplayControlUnit:inst|phrase[18][7]           ; Stuck at GND due to stuck port data_in            ;
; DisplayControlUnit:inst|phrase[17][1]           ; Stuck at GND due to stuck port data_in            ;
; DisplayControlUnit:inst|phrase[17][3]           ; Stuck at GND due to stuck port data_in            ;
; DisplayControlUnit:inst|phrase[17][4]           ; Stuck at GND due to stuck port data_in            ;
; DisplayControlUnit:inst|phrase[17][7]           ; Stuck at GND due to stuck port data_in            ;
; DisplayControlUnit:inst|phrase[16][2]           ; Stuck at GND due to stuck port data_in            ;
; DisplayControlUnit:inst|phrase[16][3]           ; Stuck at GND due to stuck port data_in            ;
; DisplayControlUnit:inst|phrase[16][5]           ; Stuck at GND due to stuck port data_in            ;
; DisplayControlUnit:inst|phrase[16][7]           ; Stuck at GND due to stuck port data_in            ;
; DisplayControlUnit:inst|phrase[15][2]           ; Stuck at GND due to stuck port data_in            ;
; DisplayControlUnit:inst|phrase[15][3]           ; Stuck at GND due to stuck port data_in            ;
; DisplayControlUnit:inst|phrase[15][7]           ; Stuck at GND due to stuck port data_in            ;
; DisplayControlUnit:inst|phrase[14][1]           ; Stuck at GND due to stuck port data_in            ;
; DisplayControlUnit:inst|phrase[14][2]           ; Stuck at GND due to stuck port data_in            ;
; DisplayControlUnit:inst|phrase[14][5]           ; Stuck at GND due to stuck port data_in            ;
; DisplayControlUnit:inst|phrase[14][7]           ; Stuck at GND due to stuck port data_in            ;
; DisplayControlUnit:inst|phrase[13][0]           ; Stuck at GND due to stuck port data_in            ;
; DisplayControlUnit:inst|phrase[13][1]           ; Stuck at GND due to stuck port data_in            ;
; DisplayControlUnit:inst|phrase[13][2]           ; Stuck at GND due to stuck port data_in            ;
; DisplayControlUnit:inst|phrase[13][5]           ; Stuck at GND due to stuck port data_in            ;
; DisplayControlUnit:inst|phrase[13][7]           ; Stuck at GND due to stuck port data_in            ;
; DisplayControlUnit:inst|phrase[12][0]           ; Stuck at GND due to stuck port data_in            ;
; DisplayControlUnit:inst|phrase[12][1]           ; Stuck at GND due to stuck port data_in            ;
; DisplayControlUnit:inst|phrase[12][2]           ; Stuck at GND due to stuck port data_in            ;
; DisplayControlUnit:inst|phrase[12][3]           ; Stuck at GND due to stuck port data_in            ;
; DisplayControlUnit:inst|phrase[12][4]           ; Stuck at GND due to stuck port data_in            ;
; DisplayControlUnit:inst|phrase[12][5]           ; Stuck at GND due to stuck port data_in            ;
; DisplayControlUnit:inst|phrase[12][6]           ; Stuck at GND due to stuck port data_in            ;
; DisplayControlUnit:inst|phrase[12][7]           ; Stuck at GND due to stuck port data_in            ;
; DisplayControlUnit:inst|phrase[11][0]           ; Stuck at GND due to stuck port data_in            ;
; DisplayControlUnit:inst|phrase[11][1]           ; Stuck at GND due to stuck port data_in            ;
; DisplayControlUnit:inst|phrase[11][2]           ; Stuck at GND due to stuck port data_in            ;
; DisplayControlUnit:inst|phrase[11][3]           ; Stuck at GND due to stuck port data_in            ;
; DisplayControlUnit:inst|phrase[11][4]           ; Stuck at GND due to stuck port data_in            ;
; DisplayControlUnit:inst|phrase[11][5]           ; Stuck at GND due to stuck port data_in            ;
; DisplayControlUnit:inst|phrase[11][6]           ; Stuck at GND due to stuck port data_in            ;
; DisplayControlUnit:inst|phrase[11][7]           ; Stuck at GND due to stuck port data_in            ;
; DisplayControlUnit:inst|phrase[10][0]           ; Stuck at GND due to stuck port data_in            ;
; DisplayControlUnit:inst|phrase[10][1]           ; Stuck at GND due to stuck port data_in            ;
; DisplayControlUnit:inst|phrase[10][3]           ; Stuck at GND due to stuck port data_in            ;
; DisplayControlUnit:inst|phrase[10][4]           ; Stuck at GND due to stuck port data_in            ;
; DisplayControlUnit:inst|phrase[10][5]           ; Stuck at GND due to stuck port data_in            ;
; DisplayControlUnit:inst|phrase[10][7]           ; Stuck at GND due to stuck port data_in            ;
; DisplayControlUnit:inst|phrase[9][1]            ; Stuck at GND due to stuck port data_in            ;
; DisplayControlUnit:inst|phrase[9][3]            ; Stuck at GND due to stuck port data_in            ;
; DisplayControlUnit:inst|phrase[9][4]            ; Stuck at GND due to stuck port data_in            ;
; DisplayControlUnit:inst|phrase[9][5]            ; Stuck at GND due to stuck port data_in            ;
; DisplayControlUnit:inst|phrase[9][7]            ; Stuck at GND due to stuck port data_in            ;
; DisplayControlUnit:inst|phrase[8][0]            ; Stuck at GND due to stuck port data_in            ;
; DisplayControlUnit:inst|phrase[8][2]            ; Stuck at GND due to stuck port data_in            ;
; DisplayControlUnit:inst|phrase[8][3]            ; Stuck at GND due to stuck port data_in            ;
; DisplayControlUnit:inst|phrase[8][5]            ; Stuck at GND due to stuck port data_in            ;
; DisplayControlUnit:inst|phrase[8][7]            ; Stuck at GND due to stuck port data_in            ;
; DisplayControlUnit:inst|phrase[7][0]            ; Stuck at GND due to stuck port data_in            ;
; DisplayControlUnit:inst|phrase[7][1]            ; Stuck at GND due to stuck port data_in            ;
; DisplayControlUnit:inst|phrase[7][2]            ; Stuck at GND due to stuck port data_in            ;
; DisplayControlUnit:inst|phrase[7][3]            ; Stuck at GND due to stuck port data_in            ;
; DisplayControlUnit:inst|phrase[7][4]            ; Stuck at GND due to stuck port data_in            ;
; DisplayControlUnit:inst|phrase[7][6]            ; Stuck at GND due to stuck port data_in            ;
; DisplayControlUnit:inst|phrase[7][7]            ; Stuck at GND due to stuck port data_in            ;
; DisplayControlUnit:inst|phrase[6][0]            ; Stuck at GND due to stuck port data_in            ;
; DisplayControlUnit:inst|phrase[6][2]            ; Stuck at GND due to stuck port data_in            ;
; DisplayControlUnit:inst|phrase[6][6]            ; Stuck at GND due to stuck port data_in            ;
; DisplayControlUnit:inst|phrase[6][7]            ; Stuck at GND due to stuck port data_in            ;
; DisplayControlUnit:inst|phrase[5][0]            ; Stuck at GND due to stuck port data_in            ;
; DisplayControlUnit:inst|phrase[5][4]            ; Stuck at GND due to stuck port data_in            ;
; DisplayControlUnit:inst|phrase[5][6]            ; Stuck at GND due to stuck port data_in            ;
; DisplayControlUnit:inst|phrase[5][7]            ; Stuck at GND due to stuck port data_in            ;
; DisplayControlUnit:inst|phrase[4][0]            ; Stuck at GND due to stuck port data_in            ;
; DisplayControlUnit:inst|phrase[4][1]            ; Stuck at GND due to stuck port data_in            ;
; DisplayControlUnit:inst|phrase[4][2]            ; Stuck at GND due to stuck port data_in            ;
; DisplayControlUnit:inst|phrase[4][3]            ; Stuck at GND due to stuck port data_in            ;
; DisplayControlUnit:inst|phrase[4][4]            ; Stuck at GND due to stuck port data_in            ;
; DisplayControlUnit:inst|phrase[4][5]            ; Stuck at GND due to stuck port data_in            ;
; DisplayControlUnit:inst|phrase[4][6]            ; Stuck at GND due to stuck port data_in            ;
; DisplayControlUnit:inst|phrase[4][7]            ; Stuck at GND due to stuck port data_in            ;
; DisplayControlUnit:inst|phrase[3][0]            ; Stuck at GND due to stuck port data_in            ;
; DisplayControlUnit:inst|phrase[3][1]            ; Stuck at GND due to stuck port data_in            ;
; DisplayControlUnit:inst|phrase[3][2]            ; Stuck at GND due to stuck port data_in            ;
; DisplayControlUnit:inst|phrase[3][3]            ; Stuck at GND due to stuck port data_in            ;
; DisplayControlUnit:inst|phrase[3][4]            ; Stuck at GND due to stuck port data_in            ;
; DisplayControlUnit:inst|phrase[3][5]            ; Stuck at GND due to stuck port data_in            ;
; DisplayControlUnit:inst|phrase[3][6]            ; Stuck at GND due to stuck port data_in            ;
; DisplayControlUnit:inst|phrase[3][7]            ; Stuck at GND due to stuck port data_in            ;
; DisplayControlUnit:inst|phrase[2][0]            ; Stuck at GND due to stuck port data_in            ;
; DisplayControlUnit:inst|phrase[2][1]            ; Stuck at GND due to stuck port data_in            ;
; DisplayControlUnit:inst|phrase[2][2]            ; Stuck at GND due to stuck port data_in            ;
; DisplayControlUnit:inst|phrase[2][3]            ; Stuck at GND due to stuck port data_in            ;
; DisplayControlUnit:inst|phrase[2][4]            ; Stuck at GND due to stuck port data_in            ;
; DisplayControlUnit:inst|phrase[2][5]            ; Stuck at GND due to stuck port data_in            ;
; DisplayControlUnit:inst|phrase[2][6]            ; Stuck at GND due to stuck port data_in            ;
; DisplayControlUnit:inst|phrase[2][7]            ; Stuck at GND due to stuck port data_in            ;
; DisplayControlUnit:inst|phrase[1][0]            ; Stuck at GND due to stuck port data_in            ;
; DisplayControlUnit:inst|phrase[1][1]            ; Stuck at GND due to stuck port data_in            ;
; DisplayControlUnit:inst|phrase[1][2]            ; Stuck at GND due to stuck port data_in            ;
; DisplayControlUnit:inst|phrase[1][3]            ; Stuck at GND due to stuck port data_in            ;
; DisplayControlUnit:inst|phrase[1][4]            ; Stuck at GND due to stuck port data_in            ;
; DisplayControlUnit:inst|phrase[1][5]            ; Stuck at GND due to stuck port data_in            ;
; DisplayControlUnit:inst|phrase[1][6]            ; Stuck at GND due to stuck port data_in            ;
; DisplayControlUnit:inst|phrase[1][7]            ; Stuck at GND due to stuck port data_in            ;
; DisplayControlUnit:inst|phrase[0][0]            ; Stuck at GND due to stuck port data_in            ;
; DisplayControlUnit:inst|phrase[0][1]            ; Stuck at GND due to stuck port data_in            ;
; DisplayControlUnit:inst|phrase[0][2]            ; Stuck at GND due to stuck port data_in            ;
; DisplayControlUnit:inst|phrase[0][3]            ; Stuck at GND due to stuck port data_in            ;
; DisplayControlUnit:inst|phrase[0][4]            ; Stuck at GND due to stuck port data_in            ;
; DisplayControlUnit:inst|phrase[0][5]            ; Stuck at GND due to stuck port data_in            ;
; DisplayControlUnit:inst|phrase[0][6]            ; Stuck at GND due to stuck port data_in            ;
; DisplayControlUnit:inst|phrase[0][7]            ; Stuck at GND due to stuck port data_in            ;
; DisplayControlUnit:inst|phrase[10][6]           ; Merged with DisplayControlUnit:inst|phrase[10][2] ;
; DisplayControlUnit:inst|phrase[13][3]           ; Merged with DisplayControlUnit:inst|phrase[10][2] ;
; DisplayControlUnit:inst|phrase[13][4]           ; Merged with DisplayControlUnit:inst|phrase[10][2] ;
; DisplayControlUnit:inst|phrase[13][6]           ; Merged with DisplayControlUnit:inst|phrase[10][2] ;
; DisplayControlUnit:inst|phrase[14][0]           ; Merged with DisplayControlUnit:inst|phrase[10][2] ;
; DisplayControlUnit:inst|phrase[14][3]           ; Merged with DisplayControlUnit:inst|phrase[10][2] ;
; DisplayControlUnit:inst|phrase[14][4]           ; Merged with DisplayControlUnit:inst|phrase[10][2] ;
; DisplayControlUnit:inst|phrase[14][6]           ; Merged with DisplayControlUnit:inst|phrase[10][2] ;
; DisplayControlUnit:inst|phrase[15][0]           ; Merged with DisplayControlUnit:inst|phrase[10][2] ;
; DisplayControlUnit:inst|phrase[15][1]           ; Merged with DisplayControlUnit:inst|phrase[10][2] ;
; DisplayControlUnit:inst|phrase[15][4]           ; Merged with DisplayControlUnit:inst|phrase[10][2] ;
; DisplayControlUnit:inst|phrase[15][5]           ; Merged with DisplayControlUnit:inst|phrase[10][2] ;
; DisplayControlUnit:inst|phrase[15][6]           ; Merged with DisplayControlUnit:inst|phrase[10][2] ;
; DisplayControlUnit:inst|phrase[16][0]           ; Merged with DisplayControlUnit:inst|phrase[10][2] ;
; DisplayControlUnit:inst|phrase[16][1]           ; Merged with DisplayControlUnit:inst|phrase[10][2] ;
; DisplayControlUnit:inst|phrase[16][4]           ; Merged with DisplayControlUnit:inst|phrase[10][2] ;
; DisplayControlUnit:inst|phrase[16][6]           ; Merged with DisplayControlUnit:inst|phrase[10][2] ;
; DisplayControlUnit:inst|phrase[17][0]           ; Merged with DisplayControlUnit:inst|phrase[10][2] ;
; DisplayControlUnit:inst|phrase[17][2]           ; Merged with DisplayControlUnit:inst|phrase[10][2] ;
; DisplayControlUnit:inst|phrase[17][5]           ; Merged with DisplayControlUnit:inst|phrase[10][2] ;
; DisplayControlUnit:inst|phrase[17][6]           ; Merged with DisplayControlUnit:inst|phrase[10][2] ;
; DisplayControlUnit:inst|phrase[18][0]           ; Merged with DisplayControlUnit:inst|phrase[10][2] ;
; DisplayControlUnit:inst|phrase[18][1]           ; Merged with DisplayControlUnit:inst|phrase[10][2] ;
; DisplayControlUnit:inst|phrase[18][5]           ; Merged with DisplayControlUnit:inst|phrase[10][2] ;
; DisplayControlUnit:inst|phrase[18][6]           ; Merged with DisplayControlUnit:inst|phrase[10][2] ;
; DisplayControlUnit:inst|phrase[19][0]           ; Merged with DisplayControlUnit:inst|phrase[10][2] ;
; DisplayControlUnit:inst|phrase[19][2]           ; Merged with DisplayControlUnit:inst|phrase[10][2] ;
; DisplayControlUnit:inst|phrase[19][4]           ; Merged with DisplayControlUnit:inst|phrase[10][2] ;
; DisplayControlUnit:inst|phrase[19][5]           ; Merged with DisplayControlUnit:inst|phrase[10][2] ;
; DisplayControlUnit:inst|phrase[19][6]           ; Merged with DisplayControlUnit:inst|phrase[10][2] ;
; DisplayControlUnit:inst|phrase[20][1]           ; Merged with DisplayControlUnit:inst|phrase[10][2] ;
; DisplayControlUnit:inst|phrase[20][2]           ; Merged with DisplayControlUnit:inst|phrase[10][2] ;
; DisplayControlUnit:inst|phrase[20][3]           ; Merged with DisplayControlUnit:inst|phrase[10][2] ;
; DisplayControlUnit:inst|phrase[20][5]           ; Merged with DisplayControlUnit:inst|phrase[10][2] ;
; DisplayControlUnit:inst|phrase[20][6]           ; Merged with DisplayControlUnit:inst|phrase[10][2] ;
; DisplayControlUnit:inst|phrase[21][1]           ; Merged with DisplayControlUnit:inst|phrase[10][2] ;
; DisplayControlUnit:inst|phrase[21][2]           ; Merged with DisplayControlUnit:inst|phrase[10][2] ;
; DisplayControlUnit:inst|phrase[21][3]           ; Merged with DisplayControlUnit:inst|phrase[10][2] ;
; DisplayControlUnit:inst|phrase[21][5]           ; Merged with DisplayControlUnit:inst|phrase[10][2] ;
; DisplayControlUnit:inst|phrase[22][1]           ; Merged with DisplayControlUnit:inst|phrase[10][2] ;
; DisplayControlUnit:inst|phrase[22][3]           ; Merged with DisplayControlUnit:inst|phrase[10][2] ;
; DisplayControlUnit:inst|phrase[22][4]           ; Merged with DisplayControlUnit:inst|phrase[10][2] ;
; DisplayControlUnit:inst|phrase[22][5]           ; Merged with DisplayControlUnit:inst|phrase[10][2] ;
; DisplayControlUnit:inst|phrase[23][5]           ; Merged with DisplayControlUnit:inst|phrase[10][2] ;
; DisplayControlUnit:inst|phrase[24][0]           ; Merged with DisplayControlUnit:inst|phrase[10][2] ;
; DisplayControlUnit:inst|phrase[24][1]           ; Merged with DisplayControlUnit:inst|phrase[10][2] ;
; DisplayControlUnit:inst|phrase[24][2]           ; Merged with DisplayControlUnit:inst|phrase[10][2] ;
; DisplayControlUnit:inst|phrase[24][6]           ; Merged with DisplayControlUnit:inst|phrase[10][2] ;
; DisplayControlUnit:inst|phrase[25][1]           ; Merged with DisplayControlUnit:inst|phrase[10][2] ;
; DisplayControlUnit:inst|phrase[25][4]           ; Merged with DisplayControlUnit:inst|phrase[10][2] ;
; DisplayControlUnit:inst|phrase[25][6]           ; Merged with DisplayControlUnit:inst|phrase[10][2] ;
; DisplayControlUnit:inst|phrase[26][1]           ; Merged with DisplayControlUnit:inst|phrase[10][2] ;
; DisplayControlUnit:inst|phrase[26][2]           ; Merged with DisplayControlUnit:inst|phrase[10][2] ;
; DisplayControlUnit:inst|phrase[26][3]           ; Merged with DisplayControlUnit:inst|phrase[10][2] ;
; DisplayControlUnit:inst|phrase[26][6]           ; Merged with DisplayControlUnit:inst|phrase[10][2] ;
; DisplayControlUnit:inst|phrase[29][3]           ; Merged with DisplayControlUnit:inst|phrase[10][2] ;
; DisplayControlUnit:inst|phrase[29][4]           ; Merged with DisplayControlUnit:inst|phrase[10][2] ;
; DisplayControlUnit:inst|phrase[29][6]           ; Merged with DisplayControlUnit:inst|phrase[10][2] ;
; DisplayControlUnit:inst|phrase[30][0]           ; Merged with DisplayControlUnit:inst|phrase[10][2] ;
; DisplayControlUnit:inst|phrase[30][3]           ; Merged with DisplayControlUnit:inst|phrase[10][2] ;
; DisplayControlUnit:inst|phrase[30][4]           ; Merged with DisplayControlUnit:inst|phrase[10][2] ;
; DisplayControlUnit:inst|phrase[30][6]           ; Merged with DisplayControlUnit:inst|phrase[10][2] ;
; DisplayControlUnit:inst|phrase[31][0]           ; Merged with DisplayControlUnit:inst|phrase[10][2] ;
; DisplayControlUnit:inst|phrase[31][1]           ; Merged with DisplayControlUnit:inst|phrase[10][2] ;
; DisplayControlUnit:inst|phrase[31][4]           ; Merged with DisplayControlUnit:inst|phrase[10][2] ;
; DisplayControlUnit:inst|phrase[31][5]           ; Merged with DisplayControlUnit:inst|phrase[10][2] ;
; DisplayControlUnit:inst|phrase[31][6]           ; Merged with DisplayControlUnit:inst|phrase[10][2] ;
; DisplayControlUnit:inst|phrase[5][1]            ; Merged with DisplayControlUnit:inst|phrase[10][2] ;
; DisplayControlUnit:inst|phrase[5][2]            ; Merged with DisplayControlUnit:inst|phrase[10][2] ;
; DisplayControlUnit:inst|phrase[5][3]            ; Merged with DisplayControlUnit:inst|phrase[10][2] ;
; DisplayControlUnit:inst|phrase[5][5]            ; Merged with DisplayControlUnit:inst|phrase[10][2] ;
; DisplayControlUnit:inst|phrase[6][1]            ; Merged with DisplayControlUnit:inst|phrase[10][2] ;
; DisplayControlUnit:inst|phrase[6][3]            ; Merged with DisplayControlUnit:inst|phrase[10][2] ;
; DisplayControlUnit:inst|phrase[6][4]            ; Merged with DisplayControlUnit:inst|phrase[10][2] ;
; DisplayControlUnit:inst|phrase[6][5]            ; Merged with DisplayControlUnit:inst|phrase[10][2] ;
; DisplayControlUnit:inst|phrase[7][5]            ; Merged with DisplayControlUnit:inst|phrase[10][2] ;
; DisplayControlUnit:inst|phrase[8][1]            ; Merged with DisplayControlUnit:inst|phrase[10][2] ;
; DisplayControlUnit:inst|phrase[8][4]            ; Merged with DisplayControlUnit:inst|phrase[10][2] ;
; DisplayControlUnit:inst|phrase[8][6]            ; Merged with DisplayControlUnit:inst|phrase[10][2] ;
; DisplayControlUnit:inst|phrase[9][0]            ; Merged with DisplayControlUnit:inst|phrase[10][2] ;
; DisplayControlUnit:inst|phrase[9][2]            ; Merged with DisplayControlUnit:inst|phrase[10][2] ;
; DisplayControlUnit:inst|phrase[9][6]            ; Merged with DisplayControlUnit:inst|phrase[10][2] ;
; DisplayControlUnit:inst|PresentState.ReturnHome ; Lost fanout                                       ;
; DisplayControlUnit:inst|PresentState~4          ; Lost fanout                                       ;
; DisplayControlUnit:inst|PresentState~5          ; Lost fanout                                       ;
; DisplayControlUnit:inst|PresentState~6          ; Lost fanout                                       ;
; DisplayControlUnit:inst|PresentState~7          ; Lost fanout                                       ;
; DisplayControlUnit:inst|PresentPhrase~4         ; Lost fanout                                       ;
; DisplayControlUnit:inst|PresentPhrase~5         ; Lost fanout                                       ;
; Total Number of Removed Registers = 262         ;                                                   ;
+-------------------------------------------------+---------------------------------------------------+


+------------------------------------------------------+
; General Register Statistics                          ;
+----------------------------------------------+-------+
; Statistic                                    ; Value ;
+----------------------------------------------+-------+
; Total registers                              ; 14    ;
; Number of registers using Synchronous Clear  ; 0     ;
; Number of registers using Synchronous Load   ; 0     ;
; Number of registers using Asynchronous Clear ; 13    ;
; Number of registers using Asynchronous Load  ; 0     ;
; Number of registers using Clock Enable       ; 0     ;
; Number of registers using Preset             ; 0     ;
+----------------------------------------------+-------+


+----------------------------------------------------------------------+
; Parameter Settings for User Entity Instance: DisplayControlUnit:inst ;
+-------------------+-------+------------------------------------------+
; Parameter Name    ; Value ; Type                                     ;
+-------------------+-------+------------------------------------------+
; Padrao            ; 00    ; Unsigned Binary                          ;
; DefinirPrincipal  ; 01    ; Unsigned Binary                          ;
; DefinirSecundario ; 10    ; Unsigned Binary                          ;
; DefinirAmarelo    ; 11    ; Unsigned Binary                          ;
; FS1               ; 0000  ; Unsigned Binary                          ;
; FS2               ; 0001  ; Unsigned Binary                          ;
; FS3               ; 0010  ; Unsigned Binary                          ;
; FS4               ; 0011  ; Unsigned Binary                          ;
; ClearDisplay      ; 0100  ; Unsigned Binary                          ;
; DisplayControl    ; 0101  ; Unsigned Binary                          ;
; EntryMode         ; 0110  ; Unsigned Binary                          ;
; ReturnHome        ; 0111  ; Unsigned Binary                          ;
; SetAddress        ; 1000  ; Unsigned Binary                          ;
; WriteChar         ; 1001  ; Unsigned Binary                          ;
+-------------------+-------+------------------------------------------+
Note: In order to hide this table in the UI and the text report file, please set the "Show Parameter Settings in Synthesis Report" option in "Analysis and Synthesis Settings -> More Settings" to "Off".


+-----------------------------------------------------+
; Post-Synthesis Netlist Statistics for Top Partition ;
+-----------------------+-----------------------------+
; Type                  ; Count                       ;
+-----------------------+-----------------------------+
; boundary_port         ; 31                          ;
; cycloneiii_ff         ; 14                          ;
;     CLR               ; 13                          ;
;     plain             ; 1                           ;
; cycloneiii_lcell_comb ; 82                          ;
;     arith             ; 6                           ;
;         2 data inputs ; 6                           ;
;     normal            ; 76                          ;
;         0 data inputs ; 1                           ;
;         1 data inputs ; 7                           ;
;         2 data inputs ; 12                          ;
;         3 data inputs ; 22                          ;
;         4 data inputs ; 34                          ;
;                       ;                             ;
; Max LUT depth         ; 4.00                        ;
; Average LUT depth     ; 2.57                        ;
+-----------------------+-----------------------------+


+-------------------------------+
; Elapsed Time Per Partition    ;
+----------------+--------------+
; Partition Name ; Elapsed Time ;
+----------------+--------------+
; Top            ; 00:00:00     ;
+----------------+--------------+


+-------------------------------+
; Analysis & Synthesis Messages ;
+-------------------------------+
Info: *******************************************************************
Info: Running Quartus Prime Analysis & Synthesis
    Info: Version 17.0.0 Build 595 04/25/2017 SJ Lite Edition
    Info: Processing started: Sun Aug 04 21:53:37 2024
Info: Command: quartus_map --read_settings_files=on --write_settings_files=off projeto01 -c projeto01
Warning (18236): Number of processors has not been specified which may cause overloading on shared machines.  Set the global assignment NUM_PARALLEL_PROCESSORS in your QSF to an appropriate value for best performance.
Info (20030): Parallel compilation is enabled and will use 6 of the 6 processors detected
Info (12021): Found 1 design units, including 1 entities, in source file displaycontrolunit.v
    Info (12023): Found entity 1: DisplayControlUnit File: C:/Users/welly/Documents/GitHub/LT39A/projeto01/DisplayControlUnit.v Line: 1
Info (12021): Found 1 design units, including 1 entities, in source file semaphorecontrolunit.v
    Info (12023): Found entity 1: SemaphoreControlUnit File: C:/Users/welly/Documents/GitHub/LT39A/projeto01/SemaphoreControlUnit.v Line: 1
Info (12021): Found 1 design units, including 1 entities, in source file entrada.v
    Info (12023): Found entity 1: Entrada File: C:/Users/welly/Documents/GitHub/LT39A/projeto01/Entrada.v Line: 1
Info (12021): Found 1 design units, including 1 entities, in source file timermultiplexer.v
    Info (12023): Found entity 1: TimerMultiplexer File: C:/Users/welly/Documents/GitHub/LT39A/projeto01/TimerMultiplexer.v Line: 1
Info (12021): Found 1 design units, including 1 entities, in source file sistema.v
    Info (12023): Found entity 1: Sistema File: C:/Users/welly/Documents/GitHub/LT39A/projeto01/Sistema.v Line: 1
Info (12021): Found 1 design units, including 1 entities, in source file registerbank.v
    Info (12023): Found entity 1: RegisterBank File: C:/Users/welly/Documents/GitHub/LT39A/projeto01/RegisterBank.v Line: 1
Info (12021): Found 1 design units, including 1 entities, in source file register.v
    Info (12023): Found entity 1: Register File: C:/Users/welly/Documents/GitHub/LT39A/projeto01/Register.v Line: 1
Info (12021): Found 1 design units, including 1 entities, in source file concatener.v
    Info (12023): Found entity 1: Concatener File: C:/Users/welly/Documents/GitHub/LT39A/projeto01/Concatener.v Line: 1
Warning (10463): Verilog HDL Declaration warning at Timer.v(2): "ref" is SystemVerilog-2005 keyword File: C:/Users/welly/Documents/GitHub/LT39A/projeto01/Timer.v Line: 2
Info (12021): Found 1 design units, including 1 entities, in source file timer.v
    Info (12023): Found entity 1: Timer File: C:/Users/welly/Documents/GitHub/LT39A/projeto01/Timer.v Line: 1
Info (12021): Found 1 design units, including 1 entities, in source file test.bdf
    Info (12023): Found entity 1: test
Info (12127): Elaborating entity "test" for the top level hierarchy
Info (12128): Elaborating entity "DisplayControlUnit" for hierarchy "DisplayControlUnit:inst"
Warning (10230): Verilog HDL assignment warning at DisplayControlUnit.v(245): truncated value with size 32 to match size of target (7) File: C:/Users/welly/Documents/GitHub/LT39A/projeto01/DisplayControlUnit.v Line: 245
Warning (10230): Verilog HDL assignment warning at DisplayControlUnit.v(251): truncated value with size 8 to match size of target (7) File: C:/Users/welly/Documents/GitHub/LT39A/projeto01/DisplayControlUnit.v Line: 251
Warning (10240): Verilog HDL Always Construct warning at DisplayControlUnit.v(175): inferring latch(es) for variable "NextState", which holds its previous value in one or more paths through the always construct File: C:/Users/welly/Documents/GitHub/LT39A/projeto01/DisplayControlUnit.v Line: 175
Warning (10240): Verilog HDL Always Construct warning at DisplayControlUnit.v(175): inferring latch(es) for variable "char_index", which holds its previous value in one or more paths through the always construct File: C:/Users/welly/Documents/GitHub/LT39A/projeto01/DisplayControlUnit.v Line: 175
Warning (10240): Verilog HDL Always Construct warning at DisplayControlUnit.v(175): inferring latch(es) for variable "address", which holds its previous value in one or more paths through the always construct File: C:/Users/welly/Documents/GitHub/LT39A/projeto01/DisplayControlUnit.v Line: 175
Info (10041): Inferred latch for "address[0]" at DisplayControlUnit.v(175) File: C:/Users/welly/Documents/GitHub/LT39A/projeto01/DisplayControlUnit.v Line: 175
Info (10041): Inferred latch for "address[1]" at DisplayControlUnit.v(175) File: C:/Users/welly/Documents/GitHub/LT39A/projeto01/DisplayControlUnit.v Line: 175
Info (10041): Inferred latch for "address[2]" at DisplayControlUnit.v(175) File: C:/Users/welly/Documents/GitHub/LT39A/projeto01/DisplayControlUnit.v Line: 175
Info (10041): Inferred latch for "address[3]" at DisplayControlUnit.v(175) File: C:/Users/welly/Documents/GitHub/LT39A/projeto01/DisplayControlUnit.v Line: 175
Info (10041): Inferred latch for "address[4]" at DisplayControlUnit.v(175) File: C:/Users/welly/Documents/GitHub/LT39A/projeto01/DisplayControlUnit.v Line: 175
Info (10041): Inferred latch for "address[5]" at DisplayControlUnit.v(175) File: C:/Users/welly/Documents/GitHub/LT39A/projeto01/DisplayControlUnit.v Line: 175
Info (10041): Inferred latch for "address[6]" at DisplayControlUnit.v(175) File: C:/Users/welly/Documents/GitHub/LT39A/projeto01/DisplayControlUnit.v Line: 175
Info (10041): Inferred latch for "address[7]" at DisplayControlUnit.v(175) File: C:/Users/welly/Documents/GitHub/LT39A/projeto01/DisplayControlUnit.v Line: 175
Info (10041): Inferred latch for "char_index[0]" at DisplayControlUnit.v(175) File: C:/Users/welly/Documents/GitHub/LT39A/projeto01/DisplayControlUnit.v Line: 175
Info (10041): Inferred latch for "char_index[1]" at DisplayControlUnit.v(175) File: C:/Users/welly/Documents/GitHub/LT39A/projeto01/DisplayControlUnit.v Line: 175
Info (10041): Inferred latch for "char_index[2]" at DisplayControlUnit.v(175) File: C:/Users/welly/Documents/GitHub/LT39A/projeto01/DisplayControlUnit.v Line: 175
Info (10041): Inferred latch for "char_index[3]" at DisplayControlUnit.v(175) File: C:/Users/welly/Documents/GitHub/LT39A/projeto01/DisplayControlUnit.v Line: 175
Info (10041): Inferred latch for "char_index[4]" at DisplayControlUnit.v(175) File: C:/Users/welly/Documents/GitHub/LT39A/projeto01/DisplayControlUnit.v Line: 175
Info (10041): Inferred latch for "char_index[5]" at DisplayControlUnit.v(175) File: C:/Users/welly/Documents/GitHub/LT39A/projeto01/DisplayControlUnit.v Line: 175
Info (10041): Inferred latch for "char_index[6]" at DisplayControlUnit.v(175) File: C:/Users/welly/Documents/GitHub/LT39A/projeto01/DisplayControlUnit.v Line: 175
Info (10041): Inferred latch for "NextState.WriteChar" at DisplayControlUnit.v(175) File: C:/Users/welly/Documents/GitHub/LT39A/projeto01/DisplayControlUnit.v Line: 175
Info (10041): Inferred latch for "NextState.SetAddress" at DisplayControlUnit.v(175) File: C:/Users/welly/Documents/GitHub/LT39A/projeto01/DisplayControlUnit.v Line: 175
Info (10041): Inferred latch for "NextState.EntryMode" at DisplayControlUnit.v(175) File: C:/Users/welly/Documents/GitHub/LT39A/projeto01/DisplayControlUnit.v Line: 175
Info (10041): Inferred latch for "NextState.DisplayControl" at DisplayControlUnit.v(175) File: C:/Users/welly/Documents/GitHub/LT39A/projeto01/DisplayControlUnit.v Line: 175
Info (10041): Inferred latch for "NextState.ClearDisplay" at DisplayControlUnit.v(175) File: C:/Users/welly/Documents/GitHub/LT39A/projeto01/DisplayControlUnit.v Line: 175
Info (10041): Inferred latch for "NextState.FS4" at DisplayControlUnit.v(175) File: C:/Users/welly/Documents/GitHub/LT39A/projeto01/DisplayControlUnit.v Line: 175
Info (10041): Inferred latch for "NextState.FS3" at DisplayControlUnit.v(175) File: C:/Users/welly/Documents/GitHub/LT39A/projeto01/DisplayControlUnit.v Line: 175
Info (10041): Inferred latch for "NextState.FS2" at DisplayControlUnit.v(175) File: C:/Users/welly/Documents/GitHub/LT39A/projeto01/DisplayControlUnit.v Line: 175
Warning (14026): LATCH primitive "DisplayControlUnit:inst|NextState.FS2_1685" is permanently enabled File: C:/Users/welly/Documents/GitHub/LT39A/projeto01/DisplayControlUnit.v Line: 175
Warning (14026): LATCH primitive "DisplayControlUnit:inst|NextState.FS3_1672" is permanently enabled File: C:/Users/welly/Documents/GitHub/LT39A/projeto01/DisplayControlUnit.v Line: 175
Warning (14026): LATCH primitive "DisplayControlUnit:inst|NextState.FS4_1659" is permanently enabled File: C:/Users/welly/Documents/GitHub/LT39A/projeto01/DisplayControlUnit.v Line: 175
Warning (14026): LATCH primitive "DisplayControlUnit:inst|NextState.ClearDisplay_1646" is permanently enabled File: C:/Users/welly/Documents/GitHub/LT39A/projeto01/DisplayControlUnit.v Line: 175
Warning (14026): LATCH primitive "DisplayControlUnit:inst|NextState.DisplayControl_1633" is permanently enabled File: C:/Users/welly/Documents/GitHub/LT39A/projeto01/DisplayControlUnit.v Line: 175
Warning (14026): LATCH primitive "DisplayControlUnit:inst|NextState.EntryMode_1620" is permanently enabled File: C:/Users/welly/Documents/GitHub/LT39A/projeto01/DisplayControlUnit.v Line: 175
Warning (14026): LATCH primitive "DisplayControlUnit:inst|NextState.WriteChar_1597" is permanently enabled File: C:/Users/welly/Documents/GitHub/LT39A/projeto01/DisplayControlUnit.v Line: 175
Warning (14026): LATCH primitive "DisplayControlUnit:inst|NextState.WriteChar_1597" is permanently enabled File: C:/Users/welly/Documents/GitHub/LT39A/projeto01/DisplayControlUnit.v Line: 175
Warning (14026): LATCH primitive "DisplayControlUnit:inst|NextState.ClearDisplay_1646" is permanently enabled File: C:/Users/welly/Documents/GitHub/LT39A/projeto01/DisplayControlUnit.v Line: 175
Warning (14026): LATCH primitive "DisplayControlUnit:inst|NextState.DisplayControl_1633" is permanently enabled File: C:/Users/welly/Documents/GitHub/LT39A/projeto01/DisplayControlUnit.v Line: 175
Warning (14026): LATCH primitive "DisplayControlUnit:inst|NextState.EntryMode_1620" is permanently enabled File: C:/Users/welly/Documents/GitHub/LT39A/projeto01/DisplayControlUnit.v Line: 175
Warning (14026): LATCH primitive "DisplayControlUnit:inst|NextState.FS3_1672" is permanently enabled File: C:/Users/welly/Documents/GitHub/LT39A/projeto01/DisplayControlUnit.v Line: 175
Warning (14026): LATCH primitive "DisplayControlUnit:inst|NextState.FS4_1659" is permanently enabled File: C:/Users/welly/Documents/GitHub/LT39A/projeto01/DisplayControlUnit.v Line: 175
Warning (14026): LATCH primitive "DisplayControlUnit:inst|NextState.FS2_1685" is permanently enabled File: C:/Users/welly/Documents/GitHub/LT39A/projeto01/DisplayControlUnit.v Line: 175
Warning (13012): Latch DisplayControlUnit:inst|char_index[1] has unsafe behavior File: C:/Users/welly/Documents/GitHub/LT39A/projeto01/DisplayControlUnit.v Line: 175
    Warning (13013): Ports D and ENA on the latch are fed by the same signal DisplayControlUnit:inst|PresentState.WriteChar File: C:/Users/welly/Documents/GitHub/LT39A/projeto01/DisplayControlUnit.v Line: 161
Warning (13012): Latch DisplayControlUnit:inst|char_index[0] has unsafe behavior File: C:/Users/welly/Documents/GitHub/LT39A/projeto01/DisplayControlUnit.v Line: 175
    Warning (13013): Ports D and ENA on the latch are fed by the same signal DisplayControlUnit:inst|PresentState.WriteChar File: C:/Users/welly/Documents/GitHub/LT39A/projeto01/DisplayControlUnit.v Line: 161
Warning (13012): Latch DisplayControlUnit:inst|char_index[3] has unsafe behavior File: C:/Users/welly/Documents/GitHub/LT39A/projeto01/DisplayControlUnit.v Line: 175
    Warning (13013): Ports D and ENA on the latch are fed by the same signal DisplayControlUnit:inst|PresentState.WriteChar File: C:/Users/welly/Documents/GitHub/LT39A/projeto01/DisplayControlUnit.v Line: 161
Warning (13012): Latch DisplayControlUnit:inst|char_index[4] has unsafe behavior File: C:/Users/welly/Documents/GitHub/LT39A/projeto01/DisplayControlUnit.v Line: 175
    Warning (13013): Ports D and ENA on the latch are fed by the same signal DisplayControlUnit:inst|PresentState.WriteChar File: C:/Users/welly/Documents/GitHub/LT39A/projeto01/DisplayControlUnit.v Line: 161
Warning (13012): Latch DisplayControlUnit:inst|char_index[2] has unsafe behavior File: C:/Users/welly/Documents/GitHub/LT39A/projeto01/DisplayControlUnit.v Line: 175
    Warning (13013): Ports D and ENA on the latch are fed by the same signal DisplayControlUnit:inst|PresentState.WriteChar File: C:/Users/welly/Documents/GitHub/LT39A/projeto01/DisplayControlUnit.v Line: 161
Warning (13012): Latch DisplayControlUnit:inst|char_index[6] has unsafe behavior File: C:/Users/welly/Documents/GitHub/LT39A/projeto01/DisplayControlUnit.v Line: 175
    Warning (13013): Ports D and ENA on the latch are fed by the same signal DisplayControlUnit:inst|PresentState.WriteChar File: C:/Users/welly/Documents/GitHub/LT39A/projeto01/DisplayControlUnit.v Line: 161
Warning (13012): Latch DisplayControlUnit:inst|char_index[5] has unsafe behavior File: C:/Users/welly/Documents/GitHub/LT39A/projeto01/DisplayControlUnit.v Line: 175
    Warning (13013): Ports D and ENA on the latch are fed by the same signal DisplayControlUnit:inst|PresentState.WriteChar File: C:/Users/welly/Documents/GitHub/LT39A/projeto01/DisplayControlUnit.v Line: 161
Warning (13024): Output pins are stuck at VCC or GND
    Warning (13410): Pin "RW" is stuck at GND
Info (286030): Timing-Driven Synthesis is running
Info (17049): 7 registers lost all their fanouts during netlist optimizations.
Info (144001): Generated suppressed messages file C:/Users/welly/Documents/GitHub/LT39A/projeto01/output_files/projeto01.map.smsg
Info (16010): Generating hard_block partition "hard_block:auto_generated_inst"
    Info (16011): Adding 0 node(s), including 0 DDIO, 0 PLL, 0 transceiver and 0 LCELL
Info (21057): Implemented 118 device resources after synthesis - the final resource count might be different
    Info (21058): Implemented 3 input pins
    Info (21059): Implemented 28 output pins
    Info (21061): Implemented 87 logic cells
Info: Quartus Prime Analysis & Synthesis was successful. 0 errors, 37 warnings
    Info: Peak virtual memory: 4788 megabytes
    Info: Processing ended: Sun Aug 04 21:53:44 2024
    Info: Elapsed time: 00:00:07
    Info: Total CPU time (on all processors): 00:00:06


+------------------------------------------+
; Analysis & Synthesis Suppressed Messages ;
+------------------------------------------+
The suppressed messages can be found in C:/Users/welly/Documents/GitHub/LT39A/projeto01/output_files/projeto01.map.smsg.


