EDA Netlist Writer report for atv03
Thu Jun 13 17:58:39 2024
Quartus Prime Version 17.0.0 Build 595 04/25/2017 SJ Lite Edition


---------------------
; Table of Contents ;
---------------------
  1. Legal Notice
  2. EDA Netlist Writer Summary
  3. Simulation Settings
  4. Simulation Generated Files
  5. EDA Netlist Writer Messages



----------------
; Legal Notice ;
----------------
Copyright (C) 2017  Intel Corporation. All rights reserved.
Your use of Intel Corporation's design tools, logic functions 
and other software and tools, and its AMPP partner logic 
functions, and any output files from any of the foregoing 
(including device programming or simulation files), and any 
associated documentation or information are expressly subject 
to the terms and conditions of the Intel Program License 
Subscription Agreement, the Intel Quartus Prime License Agreement,
the Intel MegaCore Function License Agreement, or other 
applicable license agreement, including, without limitation, 
that your use is for the sole purpose of programming logic 
devices manufactured by Intel and sold by Intel or its 
authorized distributors.  Please refer to the applicable 
agreement for further details.



+-------------------------------------------------------------------+
; EDA Netlist Writer Summary                                        ;
+---------------------------+---------------------------------------+
; EDA Netlist Writer Status ; Successful - Thu Jun 13 17:58:39 2024 ;
; Revision Name             ; atv03                                 ;
; Top-level Entity Name     ; Arquitetura                           ;
; Family                    ; Cyclone IV E                          ;
; Simulation Files Creation ; Successful                            ;
+---------------------------+---------------------------------------+


+-------------------------------------------------------------------------------------------------------------------------------+
; Simulation Settings                                                                                                           ;
+---------------------------------------------------------------------------------------------------+---------------------------+
; Option                                                                                            ; Setting                   ;
+---------------------------------------------------------------------------------------------------+---------------------------+
; Tool Name                                                                                         ; ModelSim-Altera (Verilog) ;
; Generate functional simulation netlist                                                            ; Off                       ;
; Time scale                                                                                        ; 1 ps                      ;
; Truncate long hierarchy paths                                                                     ; Off                       ;
; Map illegal HDL characters                                                                        ; Off                       ;
; Flatten buses into individual nodes                                                               ; Off                       ;
; Maintain hierarchy                                                                                ; Off                       ;
; Bring out device-wide set/reset signals as ports                                                  ; Off                       ;
; Enable glitch filtering                                                                           ; Off                       ;
; Do not write top level VHDL entity                                                                ; Off                       ;
; Disable detection of setup and hold time violations in the input registers of bi-directional pins ; Off                       ;
; Architecture name in VHDL output netlist                                                          ; structure                 ;
; Generate third-party EDA tool command script for RTL functional simulation                        ; Off                       ;
; Generate third-party EDA tool command script for gate-level simulation                            ; Off                       ;
+---------------------------------------------------------------------------------------------------+---------------------------+


+-------------------------------------------------------------------------------------------------+
; Simulation Generated Files                                                                      ;
+-------------------------------------------------------------------------------------------------+
; Generated Files                                                                                 ;
+-------------------------------------------------------------------------------------------------+
; C:/Users/welly/Documents/GitHub/LT39A/pratica03/simulation/qsim//atv03_7_1200mv_85c_slow.vo     ;
; C:/Users/welly/Documents/GitHub/LT39A/pratica03/simulation/qsim//atv03_7_1200mv_0c_slow.vo      ;
; C:/Users/welly/Documents/GitHub/LT39A/pratica03/simulation/qsim//atv03_min_1200mv_0c_fast.vo    ;
; C:/Users/welly/Documents/GitHub/LT39A/pratica03/simulation/qsim//atv03.vo                       ;
; C:/Users/welly/Documents/GitHub/LT39A/pratica03/simulation/qsim//atv03_7_1200mv_85c_v_slow.sdo  ;
; C:/Users/welly/Documents/GitHub/LT39A/pratica03/simulation/qsim//atv03_7_1200mv_0c_v_slow.sdo   ;
; C:/Users/welly/Documents/GitHub/LT39A/pratica03/simulation/qsim//atv03_min_1200mv_0c_v_fast.sdo ;
; C:/Users/welly/Documents/GitHub/LT39A/pratica03/simulation/qsim//atv03_v.sdo                    ;
+-------------------------------------------------------------------------------------------------+


+-----------------------------+
; EDA Netlist Writer Messages ;
+-----------------------------+
Info: *******************************************************************
Info: Running Quartus Prime EDA Netlist Writer
    Info: Version 17.0.0 Build 595 04/25/2017 SJ Lite Edition
    Info: Copyright (C) 2017  Intel Corporation. All rights reserved.
    Info: Your use of Intel Corporation's design tools, logic functions 
    Info: and other software and tools, and its AMPP partner logic 
    Info: functions, and any output files from any of the foregoing 
    Info: (including device programming or simulation files), and any 
    Info: associated documentation or information are expressly subject 
    Info: to the terms and conditions of the Intel Program License 
    Info: Subscription Agreement, the Intel Quartus Prime License Agreement,
    Info: the Intel MegaCore Function License Agreement, or other 
    Info: applicable license agreement, including, without limitation, 
    Info: that your use is for the sole purpose of programming logic 
    Info: devices manufactured by Intel and sold by Intel or its 
    Info: authorized distributors.  Please refer to the applicable 
    Info: agreement for further details.
    Info: Processing started: Thu Jun 13 17:58:38 2024
Info: Command: quartus_eda --write_settings_files=off --simulation=on --functional=off --flatten_buses=off --timescale=1ps --tool=modelsim_oem --format=verilog --output_directory=C:/Users/welly/Documents/GitHub/LT39A/pratica03/simulation/qsim/ atv03 -c atv03
Warning (18236): Number of processors has not been specified which may cause overloading on shared machines.  Set the global assignment NUM_PARALLEL_PROCESSORS in your QSF to an appropriate value for best performance.
Info (204019): Generated file atv03_7_1200mv_85c_slow.vo in folder "C:/Users/welly/Documents/GitHub/LT39A/pratica03/simulation/qsim//" for EDA simulation tool
Info (204019): Generated file atv03_7_1200mv_0c_slow.vo in folder "C:/Users/welly/Documents/GitHub/LT39A/pratica03/simulation/qsim//" for EDA simulation tool
Info (204019): Generated file atv03_min_1200mv_0c_fast.vo in folder "C:/Users/welly/Documents/GitHub/LT39A/pratica03/simulation/qsim//" for EDA simulation tool
Info (204019): Generated file atv03.vo in folder "C:/Users/welly/Documents/GitHub/LT39A/pratica03/simulation/qsim//" for EDA simulation tool
Info (204019): Generated file atv03_7_1200mv_85c_v_slow.sdo in folder "C:/Users/welly/Documents/GitHub/LT39A/pratica03/simulation/qsim//" for EDA simulation tool
Info (204019): Generated file atv03_7_1200mv_0c_v_slow.sdo in folder "C:/Users/welly/Documents/GitHub/LT39A/pratica03/simulation/qsim//" for EDA simulation tool
Info (204019): Generated file atv03_min_1200mv_0c_v_fast.sdo in folder "C:/Users/welly/Documents/GitHub/LT39A/pratica03/simulation/qsim//" for EDA simulation tool
Info (204019): Generated file atv03_v.sdo in folder "C:/Users/welly/Documents/GitHub/LT39A/pratica03/simulation/qsim//" for EDA simulation tool
Info: Quartus Prime EDA Netlist Writer was successful. 0 errors, 1 warning
    Info: Peak virtual memory: 4655 megabytes
    Info: Processing ended: Thu Jun 13 17:58:39 2024
    Info: Elapsed time: 00:00:01
    Info: Total CPU time (on all processors): 00:00:00


