Analysis & Synthesis report for pratica05
Fri Aug 23 15:29:29 2024
Quartus Prime Version 17.0.0 Build 595 04/25/2017 SJ Lite Edition


---------------------
; Table of Contents ;
---------------------
  1. Legal Notice
  2. Analysis & Synthesis Summary
  3. Analysis & Synthesis Settings
  4. Parallel Compilation
  5. Analysis & Synthesis Source Files Read
  6. Analysis & Synthesis Resource Usage Summary
  7. Analysis & Synthesis Resource Utilization by Entity
  8. State Machine - |arquitetura|Saida:inst03|DisplayControlUnit:inst02|PresentState
  9. State Machine - |arquitetura|Sistema:inst01|ControlUnit:inst00|PresentState
 10. State Machine - |arquitetura|Entrada:inst00|keypadEncoder:inst02|RingCounter:inst01|ring
 11. User-Specified and Inferred Latches
 12. Registers Removed During Synthesis
 13. General Register Statistics
 14. Multiplexer Restructuring Statistics (Restructuring Performed)
 15. Parameter Settings for User Entity Instance: Entrada:inst00|ClockDivider:inst01
 16. Parameter Settings for User Entity Instance: Sistema:inst01|ControlUnit:inst00
 17. Parameter Settings for User Entity Instance: Saida:inst03|DisplayControlUnit:inst02
 18. Parameter Settings for Inferred Entity Instance: Saida:inst03|PhraseBank:inst01|Deconcatener:inst00|lpm_divide:Div0
 19. Parameter Settings for Inferred Entity Instance: Saida:inst03|PhraseBank:inst01|Deconcatener:inst00|lpm_divide:Mod0
 20. Parameter Settings for Inferred Entity Instance: Saida:inst03|PhraseBank:inst01|Deconcatener:inst00|lpm_divide:Div2
 21. Parameter Settings for Inferred Entity Instance: Saida:inst03|PhraseBank:inst01|Deconcatener:inst00|lpm_divide:Mod2
 22. Parameter Settings for Inferred Entity Instance: Saida:inst03|PhraseBank:inst01|Deconcatener:inst00|lpm_divide:Div1
 23. Parameter Settings for Inferred Entity Instance: Saida:inst03|PhraseBank:inst01|Deconcatener:inst00|lpm_divide:Mod1
 24. Port Connectivity Checks: "Sistema:inst01|RamMemory:inst02"
 25. Post-Synthesis Netlist Statistics for Top Partition
 26. Elapsed Time Per Partition
 27. Analysis & Synthesis Messages
 28. Analysis & Synthesis Suppressed Messages



----------------
; Legal Notice ;
----------------
Copyright (C) 2017  Intel Corporation. All rights reserved.
Your use of Intel Corporation's design tools, logic functions 
and other software and tools, and its AMPP partner logic 
functions, and any output files from any of the foregoing 
(including device programming or simulation files), and any 
associated documentation or information are expressly subject 
to the terms and conditions of the Intel Program License 
Subscription Agreement, the Intel Quartus Prime License Agreement,
the Intel MegaCore Function License Agreement, or other 
applicable license agreement, including, without limitation, 
that your use is for the sole purpose of programming logic 
devices manufactured by Intel and sold by Intel or its 
authorized distributors.  Please refer to the applicable 
agreement for further details.



+----------------------------------------------------------------------------------+
; Analysis & Synthesis Summary                                                     ;
+------------------------------------+---------------------------------------------+
; Analysis & Synthesis Status        ; Successful - Fri Aug 23 15:29:29 2024       ;
; Quartus Prime Version              ; 17.0.0 Build 595 04/25/2017 SJ Lite Edition ;
; Revision Name                      ; pratica05                                   ;
; Top-level Entity Name              ; arquitetura                                 ;
; Family                             ; Cyclone IV E                                ;
; Total logic elements               ; 439                                         ;
;     Total combinational functions  ; 366                                         ;
;     Dedicated logic registers      ; 204                                         ;
; Total registers                    ; 204                                         ;
; Total pins                         ; 26                                          ;
; Total virtual pins                 ; 0                                           ;
; Total memory bits                  ; 0                                           ;
; Embedded Multiplier 9-bit elements ; 0                                           ;
; Total PLLs                         ; 0                                           ;
+------------------------------------+---------------------------------------------+


+----------------------------------------------------------------------------------------------------------------------+
; Analysis & Synthesis Settings                                                                                        ;
+----------------------------------------------------------------------------+--------------------+--------------------+
; Option                                                                     ; Setting            ; Default Value      ;
+----------------------------------------------------------------------------+--------------------+--------------------+
; Device                                                                     ; EP4CE115F29C7      ;                    ;
; Top-level entity name                                                      ; arquitetura        ; pratica05          ;
; Family name                                                                ; Cyclone IV E       ; Cyclone V          ;
; Use smart compilation                                                      ; Off                ; Off                ;
; Enable parallel Assembler and TimeQuest Timing Analyzer during compilation ; On                 ; On                 ;
; Enable compact report table                                                ; Off                ; Off                ;
; Restructure Multiplexers                                                   ; Auto               ; Auto               ;
; Create Debugging Nodes for IP Cores                                        ; Off                ; Off                ;
; Preserve fewer node names                                                  ; On                 ; On                 ;
; OpenCore Plus hardware evaluation                                          ; Enable             ; Enable             ;
; Verilog Version                                                            ; Verilog_2001       ; Verilog_2001       ;
; VHDL Version                                                               ; VHDL_1993          ; VHDL_1993          ;
; State Machine Processing                                                   ; Auto               ; Auto               ;
; Safe State Machine                                                         ; Off                ; Off                ;
; Extract Verilog State Machines                                             ; On                 ; On                 ;
; Extract VHDL State Machines                                                ; On                 ; On                 ;
; Ignore Verilog initial constructs                                          ; Off                ; Off                ;
; Iteration limit for constant Verilog loops                                 ; 5000               ; 5000               ;
; Iteration limit for non-constant Verilog loops                             ; 250                ; 250                ;
; Add Pass-Through Logic to Inferred RAMs                                    ; On                 ; On                 ;
; Infer RAMs from Raw Logic                                                  ; On                 ; On                 ;
; Parallel Synthesis                                                         ; On                 ; On                 ;
; DSP Block Balancing                                                        ; Auto               ; Auto               ;
; NOT Gate Push-Back                                                         ; On                 ; On                 ;
; Power-Up Don't Care                                                        ; On                 ; On                 ;
; Remove Redundant Logic Cells                                               ; Off                ; Off                ;
; Remove Duplicate Registers                                                 ; On                 ; On                 ;
; Ignore CARRY Buffers                                                       ; Off                ; Off                ;
; Ignore CASCADE Buffers                                                     ; Off                ; Off                ;
; Ignore GLOBAL Buffers                                                      ; Off                ; Off                ;
; Ignore ROW GLOBAL Buffers                                                  ; Off                ; Off                ;
; Ignore LCELL Buffers                                                       ; Off                ; Off                ;
; Ignore SOFT Buffers                                                        ; On                 ; On                 ;
; Limit AHDL Integers to 32 Bits                                             ; Off                ; Off                ;
; Optimization Technique                                                     ; Balanced           ; Balanced           ;
; Carry Chain Length                                                         ; 70                 ; 70                 ;
; Auto Carry Chains                                                          ; On                 ; On                 ;
; Auto Open-Drain Pins                                                       ; On                 ; On                 ;
; Perform WYSIWYG Primitive Resynthesis                                      ; Off                ; Off                ;
; Auto ROM Replacement                                                       ; On                 ; On                 ;
; Auto RAM Replacement                                                       ; On                 ; On                 ;
; Auto DSP Block Replacement                                                 ; On                 ; On                 ;
; Auto Shift Register Replacement                                            ; Auto               ; Auto               ;
; Allow Shift Register Merging across Hierarchies                            ; Auto               ; Auto               ;
; Auto Clock Enable Replacement                                              ; On                 ; On                 ;
; Strict RAM Replacement                                                     ; Off                ; Off                ;
; Allow Synchronous Control Signals                                          ; On                 ; On                 ;
; Force Use of Synchronous Clear Signals                                     ; Off                ; Off                ;
; Auto RAM Block Balancing                                                   ; On                 ; On                 ;
; Auto RAM to Logic Cell Conversion                                          ; Off                ; Off                ;
; Auto Resource Sharing                                                      ; Off                ; Off                ;
; Allow Any RAM Size For Recognition                                         ; Off                ; Off                ;
; Allow Any ROM Size For Recognition                                         ; Off                ; Off                ;
; Allow Any Shift Register Size For Recognition                              ; Off                ; Off                ;
; Use LogicLock Constraints during Resource Balancing                        ; On                 ; On                 ;
; Ignore translate_off and synthesis_off directives                          ; Off                ; Off                ;
; Timing-Driven Synthesis                                                    ; On                 ; On                 ;
; Report Parameter Settings                                                  ; On                 ; On                 ;
; Report Source Assignments                                                  ; On                 ; On                 ;
; Report Connectivity Checks                                                 ; On                 ; On                 ;
; Ignore Maximum Fan-Out Assignments                                         ; Off                ; Off                ;
; Synchronization Register Chain Length                                      ; 2                  ; 2                  ;
; PowerPlay Power Optimization During Synthesis                              ; Normal compilation ; Normal compilation ;
; HDL message level                                                          ; Level2             ; Level2             ;
; Suppress Register Optimization Related Messages                            ; Off                ; Off                ;
; Number of Removed Registers Reported in Synthesis Report                   ; 5000               ; 5000               ;
; Number of Swept Nodes Reported in Synthesis Report                         ; 5000               ; 5000               ;
; Number of Inverted Registers Reported in Synthesis Report                  ; 100                ; 100                ;
; Clock MUX Protection                                                       ; On                 ; On                 ;
; Auto Gated Clock Conversion                                                ; Off                ; Off                ;
; Block Design Naming                                                        ; Auto               ; Auto               ;
; SDC constraint protection                                                  ; Off                ; Off                ;
; Synthesis Effort                                                           ; Auto               ; Auto               ;
; Shift Register Replacement - Allow Asynchronous Clear Signal               ; On                 ; On                 ;
; Pre-Mapping Resynthesis Optimization                                       ; Off                ; Off                ;
; Analysis & Synthesis Message Level                                         ; Medium             ; Medium             ;
; Disable Register Merging Across Hierarchies                                ; Auto               ; Auto               ;
; Resource Aware Inference For Block RAM                                     ; On                 ; On                 ;
+----------------------------------------------------------------------------+--------------------+--------------------+


+------------------------------------------+
; Parallel Compilation                     ;
+----------------------------+-------------+
; Processors                 ; Number      ;
+----------------------------+-------------+
; Number detected on machine ; 12          ;
; Maximum allowed            ; 6           ;
;                            ;             ;
; Average used               ; 1.00        ;
; Maximum used               ; 6           ;
;                            ;             ;
; Usage by Processor         ; % Time Used ;
;     Processor 1            ; 100.0%      ;
;     Processors 2-6         ;   0.0%      ;
+----------------------------+-------------+


+--------------------------------------------------------------------------------------------------------------------------------------------------------------------------+
; Analysis & Synthesis Source Files Read                                                                                                                                   ;
+----------------------------------+-----------------+------------------------------+----------------------------------------------------------------------------+---------+
; File Name with User-Entered Path ; Used in Netlist ; File Type                    ; File Name with Absolute Path                                               ; Library ;
+----------------------------------+-----------------+------------------------------+----------------------------------------------------------------------------+---------+
; Timer.v                          ; yes             ; User Verilog HDL File        ; C:/Users/welly/Documents/GitHub/LT39A/pratica05/Timer.v                    ;         ;
; arquitetura.v                    ; yes             ; User Verilog HDL File        ; C:/Users/welly/Documents/GitHub/LT39A/pratica05/arquitetura.v              ;         ;
; RamMemory.v                      ; yes             ; User Verilog HDL File        ; C:/Users/welly/Documents/GitHub/LT39A/pratica05/RamMemory.v                ;         ;
; Sistema.v                        ; yes             ; User Verilog HDL File        ; C:/Users/welly/Documents/GitHub/LT39A/pratica05/Sistema.v                  ;         ;
; ControlUnit.v                    ; yes             ; User Verilog HDL File        ; C:/Users/welly/Documents/GitHub/LT39A/pratica05/ControlUnit.v              ;         ;
; RomPadrao.v                      ; yes             ; User Verilog HDL File        ; C:/Users/welly/Documents/GitHub/LT39A/pratica05/RomPadrao.v                ;         ;
; Deconcatener.v                   ; yes             ; User Verilog HDL File        ; C:/Users/welly/Documents/GitHub/LT39A/pratica05/Deconcatener.v             ;         ;
; Entrada.v                        ; yes             ; User Verilog HDL File        ; C:/Users/welly/Documents/GitHub/LT39A/pratica05/Entrada.v                  ;         ;
; Saida.v                          ; yes             ; User Verilog HDL File        ; C:/Users/welly/Documents/GitHub/LT39A/pratica05/Saida.v                    ;         ;
; PhraseBank.v                     ; yes             ; User Verilog HDL File        ; C:/Users/welly/Documents/GitHub/LT39A/pratica05/PhraseBank.v               ;         ;
; DisplayControlUnit.v             ; yes             ; User Verilog HDL File        ; C:/Users/welly/Documents/GitHub/LT39A/pratica05/DisplayControlUnit.v       ;         ;
; RowEncoder.v                     ; yes             ; User Verilog HDL File        ; C:/Users/welly/Documents/GitHub/LT39A/pratica05/RowEncoder.v               ;         ;
; RowColEncoder.v                  ; yes             ; User Verilog HDL File        ; C:/Users/welly/Documents/GitHub/LT39A/pratica05/RowColEncoder.v            ;         ;
; RingCounter.v                    ; yes             ; User Verilog HDL File        ; C:/Users/welly/Documents/GitHub/LT39A/pratica05/RingCounter.v              ;         ;
; keypadEncoder.v                  ; yes             ; User Verilog HDL File        ; C:/Users/welly/Documents/GitHub/LT39A/pratica05/keypadEncoder.v            ;         ;
; ColEncoder.v                     ; yes             ; User Verilog HDL File        ; C:/Users/welly/Documents/GitHub/LT39A/pratica05/ColEncoder.v               ;         ;
; ClockDivider.v                   ; yes             ; User Verilog HDL File        ; C:/Users/welly/Documents/GitHub/LT39A/pratica05/ClockDivider.v             ;         ;
; lpm_divide.tdf                   ; yes             ; Megafunction                 ; c:/intelfpga_lite/17.0/quartus/libraries/megafunctions/lpm_divide.tdf      ;         ;
; abs_divider.inc                  ; yes             ; Megafunction                 ; c:/intelfpga_lite/17.0/quartus/libraries/megafunctions/abs_divider.inc     ;         ;
; sign_div_unsign.inc              ; yes             ; Megafunction                 ; c:/intelfpga_lite/17.0/quartus/libraries/megafunctions/sign_div_unsign.inc ;         ;
; aglobal170.inc                   ; yes             ; Megafunction                 ; c:/intelfpga_lite/17.0/quartus/libraries/megafunctions/aglobal170.inc      ;         ;
; db/lpm_divide_fhm.tdf            ; yes             ; Auto-Generated Megafunction  ; C:/Users/welly/Documents/GitHub/LT39A/pratica05/db/lpm_divide_fhm.tdf      ;         ;
; db/sign_div_unsign_7kh.tdf       ; yes             ; Auto-Generated Megafunction  ; C:/Users/welly/Documents/GitHub/LT39A/pratica05/db/sign_div_unsign_7kh.tdf ;         ;
; db/alt_u_div_24f.tdf             ; yes             ; Auto-Generated Megafunction  ; C:/Users/welly/Documents/GitHub/LT39A/pratica05/db/alt_u_div_24f.tdf       ;         ;
; db/add_sub_7pc.tdf               ; yes             ; Auto-Generated Megafunction  ; C:/Users/welly/Documents/GitHub/LT39A/pratica05/db/add_sub_7pc.tdf         ;         ;
; db/add_sub_8pc.tdf               ; yes             ; Auto-Generated Megafunction  ; C:/Users/welly/Documents/GitHub/LT39A/pratica05/db/add_sub_8pc.tdf         ;         ;
; db/lpm_divide_i9m.tdf            ; yes             ; Auto-Generated Megafunction  ; C:/Users/welly/Documents/GitHub/LT39A/pratica05/db/lpm_divide_i9m.tdf      ;         ;
+----------------------------------+-----------------+------------------------------+----------------------------------------------------------------------------+---------+


+-----------------------------------------------------------+
; Analysis & Synthesis Resource Usage Summary               ;
+---------------------------------------------+-------------+
; Resource                                    ; Usage       ;
+---------------------------------------------+-------------+
; Estimated Total logic elements              ; 439         ;
;                                             ;             ;
; Total combinational functions               ; 366         ;
; Logic element usage by number of LUT inputs ;             ;
;     -- 4 input functions                    ; 143         ;
;     -- 3 input functions                    ; 77          ;
;     -- <=2 input functions                  ; 146         ;
;                                             ;             ;
; Logic elements by mode                      ;             ;
;     -- normal mode                          ; 247         ;
;     -- arithmetic mode                      ; 119         ;
;                                             ;             ;
; Total registers                             ; 204         ;
;     -- Dedicated logic registers            ; 204         ;
;     -- I/O registers                        ; 0           ;
;                                             ;             ;
; I/O pins                                    ; 26          ;
;                                             ;             ;
; Embedded Multiplier 9-bit elements          ; 0           ;
;                                             ;             ;
; Maximum fan-out node                        ; clock~input ;
; Maximum fan-out                             ; 169         ;
; Total fan-out                               ; 1638        ;
; Average fan-out                             ; 2.63        ;
+---------------------------------------------+-------------+


+-----------------------------------------------------------------------------------------------------------------------------------------------------------------------------------------------------------------------------------------------------------------------------------------------------------------------------------------------------------------------------------+
; Analysis & Synthesis Resource Utilization by Entity                                                                                                                                                                                                                                                                                                                               ;
+-------------------------------------------------+---------------------+---------------------------+-------------+--------------+---------+-----------+------+--------------+-----------------------------------------------------------------------------------------------------------------------------------------------------------------+---------------------+--------------+
; Compilation Hierarchy Node                      ; Combinational ALUTs ; Dedicated Logic Registers ; Memory Bits ; DSP Elements ; DSP 9x9 ; DSP 18x18 ; Pins ; Virtual Pins ; Full Hierarchy Name                                                                                                                                             ; Entity Name         ; Library Name ;
+-------------------------------------------------+---------------------+---------------------------+-------------+--------------+---------+-----------+------+--------------+-----------------------------------------------------------------------------------------------------------------------------------------------------------------+---------------------+--------------+
; |arquitetura                                    ; 366 (0)             ; 204 (0)                   ; 0           ; 0            ; 0       ; 0         ; 26   ; 0            ; |arquitetura                                                                                                                                                    ; arquitetura         ; work         ;
;    |Entrada:inst00|                             ; 164 (0)             ; 103 (0)                   ; 0           ; 0            ; 0       ; 0         ; 0    ; 0            ; |arquitetura|Entrada:inst00                                                                                                                                     ; Entrada             ; work         ;
;       |ClockDivider:inst01|                     ; 152 (152)           ; 94 (94)                   ; 0           ; 0            ; 0       ; 0         ; 0    ; 0            ; |arquitetura|Entrada:inst00|ClockDivider:inst01                                                                                                                 ; ClockDivider        ; work         ;
;       |keypadEncoder:inst02|                    ; 12 (2)              ; 9 (5)                     ; 0           ; 0            ; 0       ; 0         ; 0    ; 0            ; |arquitetura|Entrada:inst00|keypadEncoder:inst02                                                                                                                ; keypadEncoder       ; work         ;
;          |ColEncoder:inst03|                    ; 2 (2)               ; 0 (0)                     ; 0           ; 0            ; 0       ; 0         ; 0    ; 0            ; |arquitetura|Entrada:inst00|keypadEncoder:inst02|ColEncoder:inst03                                                                                              ; ColEncoder          ; work         ;
;          |RingCounter:inst01|                   ; 2 (2)               ; 4 (4)                     ; 0           ; 0            ; 0       ; 0         ; 0    ; 0            ; |arquitetura|Entrada:inst00|keypadEncoder:inst02|RingCounter:inst01                                                                                             ; RingCounter         ; work         ;
;          |RowColEncoder:inst04|                 ; 4 (4)               ; 0 (0)                     ; 0           ; 0            ; 0       ; 0         ; 0    ; 0            ; |arquitetura|Entrada:inst00|keypadEncoder:inst02|RowColEncoder:inst04                                                                                           ; RowColEncoder       ; work         ;
;          |RowEncoder:inst02|                    ; 2 (2)               ; 0 (0)                     ; 0           ; 0            ; 0       ; 0         ; 0    ; 0            ; |arquitetura|Entrada:inst00|keypadEncoder:inst02|RowEncoder:inst02                                                                                              ; RowEncoder          ; work         ;
;    |Saida:inst03|                               ; 114 (0)             ; 22 (0)                    ; 0           ; 0            ; 0       ; 0         ; 0    ; 0            ; |arquitetura|Saida:inst03                                                                                                                                       ; Saida               ; work         ;
;       |DisplayControlUnit:inst02|               ; 40 (40)             ; 15 (15)                   ; 0           ; 0            ; 0       ; 0         ; 0    ; 0            ; |arquitetura|Saida:inst03|DisplayControlUnit:inst02                                                                                                             ; DisplayControlUnit  ; work         ;
;       |PhraseBank:inst01|                       ; 74 (35)             ; 7 (0)                     ; 0           ; 0            ; 0       ; 0         ; 0    ; 0            ; |arquitetura|Saida:inst03|PhraseBank:inst01                                                                                                                     ; PhraseBank          ; work         ;
;          |Deconcatener:inst00|                  ; 24 (0)              ; 0 (0)                     ; 0           ; 0            ; 0       ; 0         ; 0    ; 0            ; |arquitetura|Saida:inst03|PhraseBank:inst01|Deconcatener:inst00                                                                                                 ; Deconcatener        ; work         ;
;             |lpm_divide:Div0|                   ; 4 (0)               ; 0 (0)                     ; 0           ; 0            ; 0       ; 0         ; 0    ; 0            ; |arquitetura|Saida:inst03|PhraseBank:inst01|Deconcatener:inst00|lpm_divide:Div0                                                                                 ; lpm_divide          ; work         ;
;                |lpm_divide_fhm:auto_generated|  ; 4 (0)               ; 0 (0)                     ; 0           ; 0            ; 0       ; 0         ; 0    ; 0            ; |arquitetura|Saida:inst03|PhraseBank:inst01|Deconcatener:inst00|lpm_divide:Div0|lpm_divide_fhm:auto_generated                                                   ; lpm_divide_fhm      ; work         ;
;                   |sign_div_unsign_7kh:divider| ; 4 (0)               ; 0 (0)                     ; 0           ; 0            ; 0       ; 0         ; 0    ; 0            ; |arquitetura|Saida:inst03|PhraseBank:inst01|Deconcatener:inst00|lpm_divide:Div0|lpm_divide_fhm:auto_generated|sign_div_unsign_7kh:divider                       ; sign_div_unsign_7kh ; work         ;
;                      |alt_u_div_24f:divider|    ; 4 (4)               ; 0 (0)                     ; 0           ; 0            ; 0       ; 0         ; 0    ; 0            ; |arquitetura|Saida:inst03|PhraseBank:inst01|Deconcatener:inst00|lpm_divide:Div0|lpm_divide_fhm:auto_generated|sign_div_unsign_7kh:divider|alt_u_div_24f:divider ; alt_u_div_24f       ; work         ;
;             |lpm_divide:Div1|                   ; 4 (0)               ; 0 (0)                     ; 0           ; 0            ; 0       ; 0         ; 0    ; 0            ; |arquitetura|Saida:inst03|PhraseBank:inst01|Deconcatener:inst00|lpm_divide:Div1                                                                                 ; lpm_divide          ; work         ;
;                |lpm_divide_fhm:auto_generated|  ; 4 (0)               ; 0 (0)                     ; 0           ; 0            ; 0       ; 0         ; 0    ; 0            ; |arquitetura|Saida:inst03|PhraseBank:inst01|Deconcatener:inst00|lpm_divide:Div1|lpm_divide_fhm:auto_generated                                                   ; lpm_divide_fhm      ; work         ;
;                   |sign_div_unsign_7kh:divider| ; 4 (0)               ; 0 (0)                     ; 0           ; 0            ; 0       ; 0         ; 0    ; 0            ; |arquitetura|Saida:inst03|PhraseBank:inst01|Deconcatener:inst00|lpm_divide:Div1|lpm_divide_fhm:auto_generated|sign_div_unsign_7kh:divider                       ; sign_div_unsign_7kh ; work         ;
;                      |alt_u_div_24f:divider|    ; 4 (4)               ; 0 (0)                     ; 0           ; 0            ; 0       ; 0         ; 0    ; 0            ; |arquitetura|Saida:inst03|PhraseBank:inst01|Deconcatener:inst00|lpm_divide:Div1|lpm_divide_fhm:auto_generated|sign_div_unsign_7kh:divider|alt_u_div_24f:divider ; alt_u_div_24f       ; work         ;
;             |lpm_divide:Div2|                   ; 4 (0)               ; 0 (0)                     ; 0           ; 0            ; 0       ; 0         ; 0    ; 0            ; |arquitetura|Saida:inst03|PhraseBank:inst01|Deconcatener:inst00|lpm_divide:Div2                                                                                 ; lpm_divide          ; work         ;
;                |lpm_divide_fhm:auto_generated|  ; 4 (0)               ; 0 (0)                     ; 0           ; 0            ; 0       ; 0         ; 0    ; 0            ; |arquitetura|Saida:inst03|PhraseBank:inst01|Deconcatener:inst00|lpm_divide:Div2|lpm_divide_fhm:auto_generated                                                   ; lpm_divide_fhm      ; work         ;
;                   |sign_div_unsign_7kh:divider| ; 4 (0)               ; 0 (0)                     ; 0           ; 0            ; 0       ; 0         ; 0    ; 0            ; |arquitetura|Saida:inst03|PhraseBank:inst01|Deconcatener:inst00|lpm_divide:Div2|lpm_divide_fhm:auto_generated|sign_div_unsign_7kh:divider                       ; sign_div_unsign_7kh ; work         ;
;                      |alt_u_div_24f:divider|    ; 4 (4)               ; 0 (0)                     ; 0           ; 0            ; 0       ; 0         ; 0    ; 0            ; |arquitetura|Saida:inst03|PhraseBank:inst01|Deconcatener:inst00|lpm_divide:Div2|lpm_divide_fhm:auto_generated|sign_div_unsign_7kh:divider|alt_u_div_24f:divider ; alt_u_div_24f       ; work         ;
;             |lpm_divide:Mod0|                   ; 4 (0)               ; 0 (0)                     ; 0           ; 0            ; 0       ; 0         ; 0    ; 0            ; |arquitetura|Saida:inst03|PhraseBank:inst01|Deconcatener:inst00|lpm_divide:Mod0                                                                                 ; lpm_divide          ; work         ;
;                |lpm_divide_i9m:auto_generated|  ; 4 (0)               ; 0 (0)                     ; 0           ; 0            ; 0       ; 0         ; 0    ; 0            ; |arquitetura|Saida:inst03|PhraseBank:inst01|Deconcatener:inst00|lpm_divide:Mod0|lpm_divide_i9m:auto_generated                                                   ; lpm_divide_i9m      ; work         ;
;                   |sign_div_unsign_7kh:divider| ; 4 (0)               ; 0 (0)                     ; 0           ; 0            ; 0       ; 0         ; 0    ; 0            ; |arquitetura|Saida:inst03|PhraseBank:inst01|Deconcatener:inst00|lpm_divide:Mod0|lpm_divide_i9m:auto_generated|sign_div_unsign_7kh:divider                       ; sign_div_unsign_7kh ; work         ;
;                      |alt_u_div_24f:divider|    ; 4 (4)               ; 0 (0)                     ; 0           ; 0            ; 0       ; 0         ; 0    ; 0            ; |arquitetura|Saida:inst03|PhraseBank:inst01|Deconcatener:inst00|lpm_divide:Mod0|lpm_divide_i9m:auto_generated|sign_div_unsign_7kh:divider|alt_u_div_24f:divider ; alt_u_div_24f       ; work         ;
;             |lpm_divide:Mod1|                   ; 4 (0)               ; 0 (0)                     ; 0           ; 0            ; 0       ; 0         ; 0    ; 0            ; |arquitetura|Saida:inst03|PhraseBank:inst01|Deconcatener:inst00|lpm_divide:Mod1                                                                                 ; lpm_divide          ; work         ;
;                |lpm_divide_i9m:auto_generated|  ; 4 (0)               ; 0 (0)                     ; 0           ; 0            ; 0       ; 0         ; 0    ; 0            ; |arquitetura|Saida:inst03|PhraseBank:inst01|Deconcatener:inst00|lpm_divide:Mod1|lpm_divide_i9m:auto_generated                                                   ; lpm_divide_i9m      ; work         ;
;                   |sign_div_unsign_7kh:divider| ; 4 (0)               ; 0 (0)                     ; 0           ; 0            ; 0       ; 0         ; 0    ; 0            ; |arquitetura|Saida:inst03|PhraseBank:inst01|Deconcatener:inst00|lpm_divide:Mod1|lpm_divide_i9m:auto_generated|sign_div_unsign_7kh:divider                       ; sign_div_unsign_7kh ; work         ;
;                      |alt_u_div_24f:divider|    ; 4 (4)               ; 0 (0)                     ; 0           ; 0            ; 0       ; 0         ; 0    ; 0            ; |arquitetura|Saida:inst03|PhraseBank:inst01|Deconcatener:inst00|lpm_divide:Mod1|lpm_divide_i9m:auto_generated|sign_div_unsign_7kh:divider|alt_u_div_24f:divider ; alt_u_div_24f       ; work         ;
;             |lpm_divide:Mod2|                   ; 4 (0)               ; 0 (0)                     ; 0           ; 0            ; 0       ; 0         ; 0    ; 0            ; |arquitetura|Saida:inst03|PhraseBank:inst01|Deconcatener:inst00|lpm_divide:Mod2                                                                                 ; lpm_divide          ; work         ;
;                |lpm_divide_i9m:auto_generated|  ; 4 (0)               ; 0 (0)                     ; 0           ; 0            ; 0       ; 0         ; 0    ; 0            ; |arquitetura|Saida:inst03|PhraseBank:inst01|Deconcatener:inst00|lpm_divide:Mod2|lpm_divide_i9m:auto_generated                                                   ; lpm_divide_i9m      ; work         ;
;                   |sign_div_unsign_7kh:divider| ; 4 (0)               ; 0 (0)                     ; 0           ; 0            ; 0       ; 0         ; 0    ; 0            ; |arquitetura|Saida:inst03|PhraseBank:inst01|Deconcatener:inst00|lpm_divide:Mod2|lpm_divide_i9m:auto_generated|sign_div_unsign_7kh:divider                       ; sign_div_unsign_7kh ; work         ;
;                      |alt_u_div_24f:divider|    ; 4 (4)               ; 0 (0)                     ; 0           ; 0            ; 0       ; 0         ; 0    ; 0            ; |arquitetura|Saida:inst03|PhraseBank:inst01|Deconcatener:inst00|lpm_divide:Mod2|lpm_divide_i9m:auto_generated|sign_div_unsign_7kh:divider|alt_u_div_24f:divider ; alt_u_div_24f       ; work         ;
;          |RomPadrao:inst01|                     ; 15 (15)             ; 7 (7)                     ; 0           ; 0            ; 0       ; 0         ; 0    ; 0            ; |arquitetura|Saida:inst03|PhraseBank:inst01|RomPadrao:inst01                                                                                                    ; RomPadrao           ; work         ;
;    |Sistema:inst01|                             ; 88 (5)              ; 79 (0)                    ; 0           ; 0            ; 0       ; 0         ; 0    ; 0            ; |arquitetura|Sistema:inst01                                                                                                                                     ; Sistema             ; work         ;
;       |ControlUnit:inst00|                      ; 3 (3)               ; 3 (3)                     ; 0           ; 0            ; 0       ; 0         ; 0    ; 0            ; |arquitetura|Sistema:inst01|ControlUnit:inst00                                                                                                                  ; ControlUnit         ; work         ;
;       |RamMemory:inst02|                        ; 70 (70)             ; 68 (68)                   ; 0           ; 0            ; 0       ; 0         ; 0    ; 0            ; |arquitetura|Sistema:inst01|RamMemory:inst02                                                                                                                    ; RamMemory           ; work         ;
;       |Timer:inst01|                            ; 10 (10)             ; 8 (8)                     ; 0           ; 0            ; 0       ; 0         ; 0    ; 0            ; |arquitetura|Sistema:inst01|Timer:inst01                                                                                                                        ; Timer               ; work         ;
+-------------------------------------------------+---------------------+---------------------------+-------------+--------------+---------+-----------+------+--------------+-----------------------------------------------------------------------------------------------------------------------------------------------------------------+---------------------+--------------+
Note: For table entries with two numbers listed, the numbers in parentheses indicate the number of resources of the given type used by the specific entity alone. The numbers listed outside of parentheses indicate the total resources of the given type used by the specific entity and all of its sub-entities in the hierarchy.


Encoding Type:  One-Hot
+-------------------------------------------------------------------------------------------------------------------------------------------------------------------------------------------------------------------------------------------------------------------------+
; State Machine - |arquitetura|Saida:inst03|DisplayControlUnit:inst02|PresentState                                                                                                                                                                                        ;
+-----------------------------+------------------------+-------------------------+-------------------------+------------------------+-----------------------------+---------------------------+------------------+------------------+------------------+------------------+
; Name                        ; PresentState.WriteChar ; PresentState.SetAddress ; PresentState.ReturnHome ; PresentState.EntryMode ; PresentState.DisplayControl ; PresentState.ClearDisplay ; PresentState.FS4 ; PresentState.FS3 ; PresentState.FS2 ; PresentState.FS1 ;
+-----------------------------+------------------------+-------------------------+-------------------------+------------------------+-----------------------------+---------------------------+------------------+------------------+------------------+------------------+
; PresentState.FS1            ; 0                      ; 0                       ; 0                       ; 0                      ; 0                           ; 0                         ; 0                ; 0                ; 0                ; 0                ;
; PresentState.FS2            ; 0                      ; 0                       ; 0                       ; 0                      ; 0                           ; 0                         ; 0                ; 0                ; 1                ; 1                ;
; PresentState.FS3            ; 0                      ; 0                       ; 0                       ; 0                      ; 0                           ; 0                         ; 0                ; 1                ; 0                ; 1                ;
; PresentState.FS4            ; 0                      ; 0                       ; 0                       ; 0                      ; 0                           ; 0                         ; 1                ; 0                ; 0                ; 1                ;
; PresentState.ClearDisplay   ; 0                      ; 0                       ; 0                       ; 0                      ; 0                           ; 1                         ; 0                ; 0                ; 0                ; 1                ;
; PresentState.DisplayControl ; 0                      ; 0                       ; 0                       ; 0                      ; 1                           ; 0                         ; 0                ; 0                ; 0                ; 1                ;
; PresentState.EntryMode      ; 0                      ; 0                       ; 0                       ; 1                      ; 0                           ; 0                         ; 0                ; 0                ; 0                ; 1                ;
; PresentState.ReturnHome     ; 0                      ; 0                       ; 1                       ; 0                      ; 0                           ; 0                         ; 0                ; 0                ; 0                ; 1                ;
; PresentState.SetAddress     ; 0                      ; 1                       ; 0                       ; 0                      ; 0                           ; 0                         ; 0                ; 0                ; 0                ; 1                ;
; PresentState.WriteChar      ; 1                      ; 0                       ; 0                       ; 0                      ; 0                           ; 0                         ; 0                ; 0                ; 0                ; 1                ;
+-----------------------------+------------------------+-------------------------+-------------------------+------------------------+-----------------------------+---------------------------+------------------+------------------+------------------+------------------+


Encoding Type:  One-Hot
+---------------------------------------------------------------------------------+
; State Machine - |arquitetura|Sistema:inst01|ControlUnit:inst00|PresentState     ;
+--------------------+-------------------+-------------------+--------------------+
; Name               ; PresentState.Idle ; PresentState.Read ; PresentState.Write ;
+--------------------+-------------------+-------------------+--------------------+
; PresentState.Idle  ; 0                 ; 0                 ; 0                  ;
; PresentState.Write ; 1                 ; 0                 ; 1                  ;
; PresentState.Read  ; 1                 ; 1                 ; 0                  ;
+--------------------+-------------------+-------------------+--------------------+


Encoding Type:  One-Hot
+------------------------------------------------------------------------------------------+
; State Machine - |arquitetura|Entrada:inst00|keypadEncoder:inst02|RingCounter:inst01|ring ;
+-----------+-----------+-----------+-----------+------------------------------------------+
; Name      ; ring.0111 ; ring.1011 ; ring.1101 ; ring.1110                                ;
+-----------+-----------+-----------+-----------+------------------------------------------+
; ring.1110 ; 0         ; 0         ; 0         ; 0                                        ;
; ring.1011 ; 0         ; 1         ; 0         ; 1                                        ;
; ring.1101 ; 0         ; 0         ; 1         ; 1                                        ;
; ring.0111 ; 1         ; 0         ; 0         ; 1                                        ;
+-----------+-----------+-----------+-----------+------------------------------------------+


+-------------------------------------------------------------------------------------------------------+
; User-Specified and Inferred Latches                                                                   ;
+----------------------------------------------------+-------------------------+------------------------+
; Latch Name                                         ; Latch Enable Signal     ; Free of Timing Hazards ;
+----------------------------------------------------+-------------------------+------------------------+
; Sistema:inst01|DataOut[0]                          ; Sistema:inst01|Decoder0 ; yes                    ;
; Sistema:inst01|DataOut[1]                          ; Sistema:inst01|Decoder0 ; yes                    ;
; Sistema:inst01|DataOut[2]                          ; Sistema:inst01|Decoder0 ; yes                    ;
; Sistema:inst01|DataOut[3]                          ; Sistema:inst01|Decoder0 ; yes                    ;
; Number of user-specified and inferred latches = 4  ;                         ;                        ;
+----------------------------------------------------+-------------------------+------------------------+
Note: All latches listed above may not be present at the end of synthesis due to various synthesis optimizations.


+-----------------------------------------------------------------------------------------------------------------------------+
; Registers Removed During Synthesis                                                                                          ;
+------------------------------------------------------------+----------------------------------------------------------------+
; Register name                                              ; Reason for Removal                                             ;
+------------------------------------------------------------+----------------------------------------------------------------+
; Saida:inst03|PhraseBank:inst01|RomPadrao:inst01|dataOut[7] ; Stuck at GND due to stuck port data_in                         ;
; Saida:inst03|DisplayControlUnit:inst02|PresentState~4      ; Lost fanout                                                    ;
; Saida:inst03|DisplayControlUnit:inst02|PresentState~5      ; Lost fanout                                                    ;
; Saida:inst03|DisplayControlUnit:inst02|PresentState~6      ; Lost fanout                                                    ;
; Saida:inst03|DisplayControlUnit:inst02|PresentState~7      ; Lost fanout                                                    ;
; Entrada:inst00|ClockDivider:inst01|counter20Hz[0]          ; Merged with Entrada:inst00|ClockDivider:inst01|counter500Hz[0] ;
; Entrada:inst00|ClockDivider:inst01|counter1Hz[0]           ; Merged with Entrada:inst00|ClockDivider:inst01|counter500Hz[0] ;
; Entrada:inst00|ClockDivider:inst01|counter1Hz[1]           ; Merged with Entrada:inst00|ClockDivider:inst01|counter20Hz[1]  ;
; Entrada:inst00|ClockDivider:inst01|counter1Hz[2]           ; Merged with Entrada:inst00|ClockDivider:inst01|counter20Hz[2]  ;
; Entrada:inst00|ClockDivider:inst01|counter1Hz[3]           ; Merged with Entrada:inst00|ClockDivider:inst01|counter20Hz[3]  ;
; Total Number of Removed Registers = 10                     ;                                                                ;
+------------------------------------------------------------+----------------------------------------------------------------+


+------------------------------------------------------+
; General Register Statistics                          ;
+----------------------------------------------+-------+
; Statistic                                    ; Value ;
+----------------------------------------------+-------+
; Total registers                              ; 204   ;
; Number of registers using Synchronous Clear  ; 7     ;
; Number of registers using Synchronous Load   ; 1     ;
; Number of registers using Asynchronous Clear ; 35    ;
; Number of registers using Asynchronous Load  ; 0     ;
; Number of registers using Clock Enable       ; 75    ;
; Number of registers using Preset             ; 0     ;
+----------------------------------------------+-------+


+---------------------------------------------------------------------------------------------------------------------------------------------------------------------------------+
; Multiplexer Restructuring Statistics (Restructuring Performed)                                                                                                                  ;
+--------------------+-----------+---------------+----------------------+------------------------+------------+-------------------------------------------------------------------+
; Multiplexer Inputs ; Bus Width ; Baseline Area ; Area if Restructured ; Saving if Restructured ; Registered ; Example Multiplexer Output                                        ;
+--------------------+-----------+---------------+----------------------+------------------------+------------+-------------------------------------------------------------------+
; 3:1                ; 5 bits    ; 10 LEs        ; 5 LEs                ; 5 LEs                  ; Yes        ; |arquitetura|Saida:inst03|DisplayControlUnit:inst02|char_index[0] ;
; 4:1                ; 5 bits    ; 10 LEs        ; 10 LEs               ; 0 LEs                  ; No         ; |arquitetura|Saida:inst03|PhraseBank:inst01|Phrase[4]             ;
; 6:1                ; 4 bits    ; 16 LEs        ; 16 LEs               ; 0 LEs                  ; No         ; |arquitetura|Saida:inst03|PhraseBank:inst01|Numbers.raddr_a[0]    ;
+--------------------+-----------+---------------+----------------------+------------------------+------------+-------------------------------------------------------------------+


+---------------------------------------------------------------------------------+
; Parameter Settings for User Entity Instance: Entrada:inst00|ClockDivider:inst01 ;
+----------------+----------+-----------------------------------------------------+
; Parameter Name ; Value    ; Type                                                ;
+----------------+----------+-----------------------------------------------------+
; CLOCK_FREQ     ; 50000000 ; Signed Integer                                      ;
+----------------+----------+-----------------------------------------------------+
Note: In order to hide this table in the UI and the text report file, please set the "Show Parameter Settings in Synthesis Report" option in "Analysis and Synthesis Settings -> More Settings" to "Off".


+--------------------------------------------------------------------------------+
; Parameter Settings for User Entity Instance: Sistema:inst01|ControlUnit:inst00 ;
+----------------+-------+-------------------------------------------------------+
; Parameter Name ; Value ; Type                                                  ;
+----------------+-------+-------------------------------------------------------+
; Idle           ; 00    ; Unsigned Binary                                       ;
; Write          ; 01    ; Unsigned Binary                                       ;
; Read           ; 10    ; Unsigned Binary                                       ;
+----------------+-------+-------------------------------------------------------+
Note: In order to hide this table in the UI and the text report file, please set the "Show Parameter Settings in Synthesis Report" option in "Analysis and Synthesis Settings -> More Settings" to "Off".


+-------------------------------------------------------------------------------------+
; Parameter Settings for User Entity Instance: Saida:inst03|DisplayControlUnit:inst02 ;
+----------------+-------+------------------------------------------------------------+
; Parameter Name ; Value ; Type                                                       ;
+----------------+-------+------------------------------------------------------------+
; FS1            ; 0000  ; Unsigned Binary                                            ;
; FS2            ; 0001  ; Unsigned Binary                                            ;
; FS3            ; 0010  ; Unsigned Binary                                            ;
; FS4            ; 0011  ; Unsigned Binary                                            ;
; ClearDisplay   ; 0100  ; Unsigned Binary                                            ;
; DisplayControl ; 0101  ; Unsigned Binary                                            ;
; EntryMode      ; 0110  ; Unsigned Binary                                            ;
; ReturnHome     ; 0111  ; Unsigned Binary                                            ;
; SetAddress     ; 1000  ; Unsigned Binary                                            ;
; WriteChar      ; 1001  ; Unsigned Binary                                            ;
+----------------+-------+------------------------------------------------------------+
Note: In order to hide this table in the UI and the text report file, please set the "Show Parameter Settings in Synthesis Report" option in "Analysis and Synthesis Settings -> More Settings" to "Off".


+---------------------------------------------------------------------------------------------------------------------+
; Parameter Settings for Inferred Entity Instance: Saida:inst03|PhraseBank:inst01|Deconcatener:inst00|lpm_divide:Div0 ;
+------------------------+----------------+---------------------------------------------------------------------------+
; Parameter Name         ; Value          ; Type                                                                      ;
+------------------------+----------------+---------------------------------------------------------------------------+
; LPM_WIDTHN             ; 4              ; Untyped                                                                   ;
; LPM_WIDTHD             ; 4              ; Untyped                                                                   ;
; LPM_NREPRESENTATION    ; UNSIGNED       ; Untyped                                                                   ;
; LPM_DREPRESENTATION    ; UNSIGNED       ; Untyped                                                                   ;
; LPM_PIPELINE           ; 0              ; Untyped                                                                   ;
; LPM_REMAINDERPOSITIVE  ; TRUE           ; Untyped                                                                   ;
; MAXIMIZE_SPEED         ; 5              ; Untyped                                                                   ;
; CBXI_PARAMETER         ; lpm_divide_fhm ; Untyped                                                                   ;
; CARRY_CHAIN            ; MANUAL         ; Untyped                                                                   ;
; OPTIMIZE_FOR_SPEED     ; 5              ; Untyped                                                                   ;
; AUTO_CARRY_CHAINS      ; ON             ; AUTO_CARRY                                                                ;
; IGNORE_CARRY_BUFFERS   ; OFF            ; IGNORE_CARRY                                                              ;
; AUTO_CASCADE_CHAINS    ; ON             ; AUTO_CASCADE                                                              ;
; IGNORE_CASCADE_BUFFERS ; OFF            ; IGNORE_CASCADE                                                            ;
+------------------------+----------------+---------------------------------------------------------------------------+
Note: In order to hide this table in the UI and the text report file, please set the "Show Parameter Settings in Synthesis Report" option in "Analysis and Synthesis Settings -> More Settings" to "Off".


+---------------------------------------------------------------------------------------------------------------------+
; Parameter Settings for Inferred Entity Instance: Saida:inst03|PhraseBank:inst01|Deconcatener:inst00|lpm_divide:Mod0 ;
+------------------------+----------------+---------------------------------------------------------------------------+
; Parameter Name         ; Value          ; Type                                                                      ;
+------------------------+----------------+---------------------------------------------------------------------------+
; LPM_WIDTHN             ; 4              ; Untyped                                                                   ;
; LPM_WIDTHD             ; 4              ; Untyped                                                                   ;
; LPM_NREPRESENTATION    ; UNSIGNED       ; Untyped                                                                   ;
; LPM_DREPRESENTATION    ; UNSIGNED       ; Untyped                                                                   ;
; LPM_PIPELINE           ; 0              ; Untyped                                                                   ;
; LPM_REMAINDERPOSITIVE  ; TRUE           ; Untyped                                                                   ;
; MAXIMIZE_SPEED         ; 5              ; Untyped                                                                   ;
; CBXI_PARAMETER         ; lpm_divide_i9m ; Untyped                                                                   ;
; CARRY_CHAIN            ; MANUAL         ; Untyped                                                                   ;
; OPTIMIZE_FOR_SPEED     ; 5              ; Untyped                                                                   ;
; AUTO_CARRY_CHAINS      ; ON             ; AUTO_CARRY                                                                ;
; IGNORE_CARRY_BUFFERS   ; OFF            ; IGNORE_CARRY                                                              ;
; AUTO_CASCADE_CHAINS    ; ON             ; AUTO_CASCADE                                                              ;
; IGNORE_CASCADE_BUFFERS ; OFF            ; IGNORE_CASCADE                                                            ;
+------------------------+----------------+---------------------------------------------------------------------------+
Note: In order to hide this table in the UI and the text report file, please set the "Show Parameter Settings in Synthesis Report" option in "Analysis and Synthesis Settings -> More Settings" to "Off".


+---------------------------------------------------------------------------------------------------------------------+
; Parameter Settings for Inferred Entity Instance: Saida:inst03|PhraseBank:inst01|Deconcatener:inst00|lpm_divide:Div2 ;
+------------------------+----------------+---------------------------------------------------------------------------+
; Parameter Name         ; Value          ; Type                                                                      ;
+------------------------+----------------+---------------------------------------------------------------------------+
; LPM_WIDTHN             ; 4              ; Untyped                                                                   ;
; LPM_WIDTHD             ; 4              ; Untyped                                                                   ;
; LPM_NREPRESENTATION    ; UNSIGNED       ; Untyped                                                                   ;
; LPM_DREPRESENTATION    ; UNSIGNED       ; Untyped                                                                   ;
; LPM_PIPELINE           ; 0              ; Untyped                                                                   ;
; LPM_REMAINDERPOSITIVE  ; TRUE           ; Untyped                                                                   ;
; MAXIMIZE_SPEED         ; 5              ; Untyped                                                                   ;
; CBXI_PARAMETER         ; lpm_divide_fhm ; Untyped                                                                   ;
; CARRY_CHAIN            ; MANUAL         ; Untyped                                                                   ;
; OPTIMIZE_FOR_SPEED     ; 5              ; Untyped                                                                   ;
; AUTO_CARRY_CHAINS      ; ON             ; AUTO_CARRY                                                                ;
; IGNORE_CARRY_BUFFERS   ; OFF            ; IGNORE_CARRY                                                              ;
; AUTO_CASCADE_CHAINS    ; ON             ; AUTO_CASCADE                                                              ;
; IGNORE_CASCADE_BUFFERS ; OFF            ; IGNORE_CASCADE                                                            ;
+------------------------+----------------+---------------------------------------------------------------------------+
Note: In order to hide this table in the UI and the text report file, please set the "Show Parameter Settings in Synthesis Report" option in "Analysis and Synthesis Settings -> More Settings" to "Off".


+---------------------------------------------------------------------------------------------------------------------+
; Parameter Settings for Inferred Entity Instance: Saida:inst03|PhraseBank:inst01|Deconcatener:inst00|lpm_divide:Mod2 ;
+------------------------+----------------+---------------------------------------------------------------------------+
; Parameter Name         ; Value          ; Type                                                                      ;
+------------------------+----------------+---------------------------------------------------------------------------+
; LPM_WIDTHN             ; 4              ; Untyped                                                                   ;
; LPM_WIDTHD             ; 4              ; Untyped                                                                   ;
; LPM_NREPRESENTATION    ; UNSIGNED       ; Untyped                                                                   ;
; LPM_DREPRESENTATION    ; UNSIGNED       ; Untyped                                                                   ;
; LPM_PIPELINE           ; 0              ; Untyped                                                                   ;
; LPM_REMAINDERPOSITIVE  ; TRUE           ; Untyped                                                                   ;
; MAXIMIZE_SPEED         ; 5              ; Untyped                                                                   ;
; CBXI_PARAMETER         ; lpm_divide_i9m ; Untyped                                                                   ;
; CARRY_CHAIN            ; MANUAL         ; Untyped                                                                   ;
; OPTIMIZE_FOR_SPEED     ; 5              ; Untyped                                                                   ;
; AUTO_CARRY_CHAINS      ; ON             ; AUTO_CARRY                                                                ;
; IGNORE_CARRY_BUFFERS   ; OFF            ; IGNORE_CARRY                                                              ;
; AUTO_CASCADE_CHAINS    ; ON             ; AUTO_CASCADE                                                              ;
; IGNORE_CASCADE_BUFFERS ; OFF            ; IGNORE_CASCADE                                                            ;
+------------------------+----------------+---------------------------------------------------------------------------+
Note: In order to hide this table in the UI and the text report file, please set the "Show Parameter Settings in Synthesis Report" option in "Analysis and Synthesis Settings -> More Settings" to "Off".


+---------------------------------------------------------------------------------------------------------------------+
; Parameter Settings for Inferred Entity Instance: Saida:inst03|PhraseBank:inst01|Deconcatener:inst00|lpm_divide:Div1 ;
+------------------------+----------------+---------------------------------------------------------------------------+
; Parameter Name         ; Value          ; Type                                                                      ;
+------------------------+----------------+---------------------------------------------------------------------------+
; LPM_WIDTHN             ; 4              ; Untyped                                                                   ;
; LPM_WIDTHD             ; 4              ; Untyped                                                                   ;
; LPM_NREPRESENTATION    ; UNSIGNED       ; Untyped                                                                   ;
; LPM_DREPRESENTATION    ; UNSIGNED       ; Untyped                                                                   ;
; LPM_PIPELINE           ; 0              ; Untyped                                                                   ;
; LPM_REMAINDERPOSITIVE  ; TRUE           ; Untyped                                                                   ;
; MAXIMIZE_SPEED         ; 5              ; Untyped                                                                   ;
; CBXI_PARAMETER         ; lpm_divide_fhm ; Untyped                                                                   ;
; CARRY_CHAIN            ; MANUAL         ; Untyped                                                                   ;
; OPTIMIZE_FOR_SPEED     ; 5              ; Untyped                                                                   ;
; AUTO_CARRY_CHAINS      ; ON             ; AUTO_CARRY                                                                ;
; IGNORE_CARRY_BUFFERS   ; OFF            ; IGNORE_CARRY                                                              ;
; AUTO_CASCADE_CHAINS    ; ON             ; AUTO_CASCADE                                                              ;
; IGNORE_CASCADE_BUFFERS ; OFF            ; IGNORE_CASCADE                                                            ;
+------------------------+----------------+---------------------------------------------------------------------------+
Note: In order to hide this table in the UI and the text report file, please set the "Show Parameter Settings in Synthesis Report" option in "Analysis and Synthesis Settings -> More Settings" to "Off".


+---------------------------------------------------------------------------------------------------------------------+
; Parameter Settings for Inferred Entity Instance: Saida:inst03|PhraseBank:inst01|Deconcatener:inst00|lpm_divide:Mod1 ;
+------------------------+----------------+---------------------------------------------------------------------------+
; Parameter Name         ; Value          ; Type                                                                      ;
+------------------------+----------------+---------------------------------------------------------------------------+
; LPM_WIDTHN             ; 4              ; Untyped                                                                   ;
; LPM_WIDTHD             ; 4              ; Untyped                                                                   ;
; LPM_NREPRESENTATION    ; UNSIGNED       ; Untyped                                                                   ;
; LPM_DREPRESENTATION    ; UNSIGNED       ; Untyped                                                                   ;
; LPM_PIPELINE           ; 0              ; Untyped                                                                   ;
; LPM_REMAINDERPOSITIVE  ; TRUE           ; Untyped                                                                   ;
; MAXIMIZE_SPEED         ; 5              ; Untyped                                                                   ;
; CBXI_PARAMETER         ; lpm_divide_i9m ; Untyped                                                                   ;
; CARRY_CHAIN            ; MANUAL         ; Untyped                                                                   ;
; OPTIMIZE_FOR_SPEED     ; 5              ; Untyped                                                                   ;
; AUTO_CARRY_CHAINS      ; ON             ; AUTO_CARRY                                                                ;
; IGNORE_CARRY_BUFFERS   ; OFF            ; IGNORE_CARRY                                                              ;
; AUTO_CASCADE_CHAINS    ; ON             ; AUTO_CASCADE                                                              ;
; IGNORE_CASCADE_BUFFERS ; OFF            ; IGNORE_CASCADE                                                            ;
+------------------------+----------------+---------------------------------------------------------------------------+
Note: In order to hide this table in the UI and the text report file, please set the "Show Parameter Settings in Synthesis Report" option in "Analysis and Synthesis Settings -> More Settings" to "Off".


+-------------------------------------------------------------------------------------------------------------------------------------------------------------------------------+
; Port Connectivity Checks: "Sistema:inst01|RamMemory:inst02"                                                                                                                   ;
+---------+-------+----------+--------------------------------------------------------------------------------------------------------------------------------------------------+
; Port    ; Type  ; Severity ; Details                                                                                                                                          ;
+---------+-------+----------+--------------------------------------------------------------------------------------------------------------------------------------------------+
; address ; Input ; Warning  ; Input port expression (4 bits) is smaller than the input port (10 bits) it drives.  Extra input bit(s) "address[9..4]" will be connected to GND. ;
+---------+-------+----------+--------------------------------------------------------------------------------------------------------------------------------------------------+


+-----------------------------------------------------+
; Post-Synthesis Netlist Statistics for Top Partition ;
+-----------------------+-----------------------------+
; Type                  ; Count                       ;
+-----------------------+-----------------------------+
; boundary_port         ; 26                          ;
; cycloneiii_ff         ; 204                         ;
;     CLR               ; 21                          ;
;     CLR SCLR          ; 7                           ;
;     ENA               ; 68                          ;
;     ENA CLR           ; 7                           ;
;     SLD               ; 1                           ;
;     plain             ; 100                         ;
; cycloneiii_lcell_comb ; 372                         ;
;     arith             ; 119                         ;
;         2 data inputs ; 117                         ;
;         3 data inputs ; 2                           ;
;     normal            ; 253                         ;
;         0 data inputs ; 8                           ;
;         1 data inputs ; 15                          ;
;         2 data inputs ; 12                          ;
;         3 data inputs ; 75                          ;
;         4 data inputs ; 143                         ;
;                       ;                             ;
; Max LUT depth         ; 6.00                        ;
; Average LUT depth     ; 3.30                        ;
+-----------------------+-----------------------------+


+-------------------------------+
; Elapsed Time Per Partition    ;
+----------------+--------------+
; Partition Name ; Elapsed Time ;
+----------------+--------------+
; Top            ; 00:00:01     ;
+----------------+--------------+


+-------------------------------+
; Analysis & Synthesis Messages ;
+-------------------------------+
Info: *******************************************************************
Info: Running Quartus Prime Analysis & Synthesis
    Info: Version 17.0.0 Build 595 04/25/2017 SJ Lite Edition
    Info: Processing started: Fri Aug 23 15:29:21 2024
Info: Command: quartus_map --read_settings_files=on --write_settings_files=off pratica05 -c pratica05
Warning (18236): Number of processors has not been specified which may cause overloading on shared machines.  Set the global assignment NUM_PARALLEL_PROCESSORS in your QSF to an appropriate value for best performance.
Info (20030): Parallel compilation is enabled and will use 6 of the 6 processors detected
Info (12021): Found 1 design units, including 1 entities, in source file timer.v
    Info (12023): Found entity 1: Timer File: C:/Users/welly/Documents/GitHub/LT39A/pratica05/Timer.v Line: 1
Info (12021): Found 1 design units, including 1 entities, in source file arquitetura.v
    Info (12023): Found entity 1: arquitetura File: C:/Users/welly/Documents/GitHub/LT39A/pratica05/arquitetura.v Line: 1
Info (12021): Found 1 design units, including 1 entities, in source file rammemory.v
    Info (12023): Found entity 1: RamMemory File: C:/Users/welly/Documents/GitHub/LT39A/pratica05/RamMemory.v Line: 1
Info (12021): Found 1 design units, including 1 entities, in source file sistema.v
    Info (12023): Found entity 1: Sistema File: C:/Users/welly/Documents/GitHub/LT39A/pratica05/Sistema.v Line: 1
Info (12021): Found 1 design units, including 1 entities, in source file controlunit.v
    Info (12023): Found entity 1: ControlUnit File: C:/Users/welly/Documents/GitHub/LT39A/pratica05/ControlUnit.v Line: 1
Info (12021): Found 1 design units, including 1 entities, in source file rompadrao.v
    Info (12023): Found entity 1: RomPadrao File: C:/Users/welly/Documents/GitHub/LT39A/pratica05/RomPadrao.v Line: 1
Info (12021): Found 1 design units, including 1 entities, in source file deconcatener.v
    Info (12023): Found entity 1: Deconcatener File: C:/Users/welly/Documents/GitHub/LT39A/pratica05/Deconcatener.v Line: 1
Info (12021): Found 1 design units, including 1 entities, in source file entrada.v
    Info (12023): Found entity 1: Entrada File: C:/Users/welly/Documents/GitHub/LT39A/pratica05/Entrada.v Line: 1
Info (12021): Found 1 design units, including 1 entities, in source file saida.v
    Info (12023): Found entity 1: Saida File: C:/Users/welly/Documents/GitHub/LT39A/pratica05/Saida.v Line: 1
Info (12021): Found 1 design units, including 1 entities, in source file phrasebank.v
    Info (12023): Found entity 1: PhraseBank File: C:/Users/welly/Documents/GitHub/LT39A/pratica05/PhraseBank.v Line: 1
Info (12021): Found 1 design units, including 1 entities, in source file displaycontrolunit.v
    Info (12023): Found entity 1: DisplayControlUnit File: C:/Users/welly/Documents/GitHub/LT39A/pratica05/DisplayControlUnit.v Line: 1
Info (12021): Found 1 design units, including 1 entities, in source file rowencoder.v
    Info (12023): Found entity 1: RowEncoder File: C:/Users/welly/Documents/GitHub/LT39A/pratica05/RowEncoder.v Line: 1
Info (12021): Found 1 design units, including 1 entities, in source file rowcolencoder.v
    Info (12023): Found entity 1: RowColEncoder File: C:/Users/welly/Documents/GitHub/LT39A/pratica05/RowColEncoder.v Line: 1
Info (12021): Found 1 design units, including 1 entities, in source file ringcounter.v
    Info (12023): Found entity 1: RingCounter File: C:/Users/welly/Documents/GitHub/LT39A/pratica05/RingCounter.v Line: 1
Info (12021): Found 1 design units, including 1 entities, in source file keypadencoder.v
    Info (12023): Found entity 1: keypadEncoder File: C:/Users/welly/Documents/GitHub/LT39A/pratica05/keypadEncoder.v Line: 1
Info (12021): Found 1 design units, including 1 entities, in source file colencoder.v
    Info (12023): Found entity 1: ColEncoder File: C:/Users/welly/Documents/GitHub/LT39A/pratica05/ColEncoder.v Line: 1
Info (12021): Found 1 design units, including 1 entities, in source file clockdivider.v
    Info (12023): Found entity 1: ClockDivider File: C:/Users/welly/Documents/GitHub/LT39A/pratica05/ClockDivider.v Line: 1
Info (12127): Elaborating entity "arquitetura" for the top level hierarchy
Info (12128): Elaborating entity "Entrada" for hierarchy "Entrada:inst00" File: C:/Users/welly/Documents/GitHub/LT39A/pratica05/arquitetura.v Line: 16
Info (12128): Elaborating entity "ClockDivider" for hierarchy "Entrada:inst00|ClockDivider:inst01" File: C:/Users/welly/Documents/GitHub/LT39A/pratica05/Entrada.v Line: 17
Info (12128): Elaborating entity "keypadEncoder" for hierarchy "Entrada:inst00|keypadEncoder:inst02" File: C:/Users/welly/Documents/GitHub/LT39A/pratica05/Entrada.v Line: 19
Info (12128): Elaborating entity "RingCounter" for hierarchy "Entrada:inst00|keypadEncoder:inst02|RingCounter:inst01" File: C:/Users/welly/Documents/GitHub/LT39A/pratica05/keypadEncoder.v Line: 15
Critical Warning (10237): Verilog HDL warning at RingCounter.v(22): can't infer register for assignment in edge-triggered always construct because the clock isn't obvious. Generated combinational logic instead File: C:/Users/welly/Documents/GitHub/LT39A/pratica05/RingCounter.v Line: 22
Info (12128): Elaborating entity "RowEncoder" for hierarchy "Entrada:inst00|keypadEncoder:inst02|RowEncoder:inst02" File: C:/Users/welly/Documents/GitHub/LT39A/pratica05/keypadEncoder.v Line: 16
Info (12128): Elaborating entity "ColEncoder" for hierarchy "Entrada:inst00|keypadEncoder:inst02|ColEncoder:inst03" File: C:/Users/welly/Documents/GitHub/LT39A/pratica05/keypadEncoder.v Line: 17
Info (12128): Elaborating entity "RowColEncoder" for hierarchy "Entrada:inst00|keypadEncoder:inst02|RowColEncoder:inst04" File: C:/Users/welly/Documents/GitHub/LT39A/pratica05/keypadEncoder.v Line: 18
Info (12128): Elaborating entity "Sistema" for hierarchy "Sistema:inst01" File: C:/Users/welly/Documents/GitHub/LT39A/pratica05/arquitetura.v Line: 20
Warning (10240): Verilog HDL Always Construct warning at Sistema.v(27): inferring latch(es) for variable "DataOut", which holds its previous value in one or more paths through the always construct File: C:/Users/welly/Documents/GitHub/LT39A/pratica05/Sistema.v Line: 27
Info (10041): Inferred latch for "DataOut[0]" at Sistema.v(27) File: C:/Users/welly/Documents/GitHub/LT39A/pratica05/Sistema.v Line: 27
Info (10041): Inferred latch for "DataOut[1]" at Sistema.v(27) File: C:/Users/welly/Documents/GitHub/LT39A/pratica05/Sistema.v Line: 27
Info (10041): Inferred latch for "DataOut[2]" at Sistema.v(27) File: C:/Users/welly/Documents/GitHub/LT39A/pratica05/Sistema.v Line: 27
Info (10041): Inferred latch for "DataOut[3]" at Sistema.v(27) File: C:/Users/welly/Documents/GitHub/LT39A/pratica05/Sistema.v Line: 27
Info (12128): Elaborating entity "ControlUnit" for hierarchy "Sistema:inst01|ControlUnit:inst00" File: C:/Users/welly/Documents/GitHub/LT39A/pratica05/Sistema.v Line: 17
Info (12128): Elaborating entity "Timer" for hierarchy "Sistema:inst01|Timer:inst01" File: C:/Users/welly/Documents/GitHub/LT39A/pratica05/Sistema.v Line: 19
Warning (10230): Verilog HDL assignment warning at timer.v(12): truncated value with size 8 to match size of target (7) File: C:/Users/welly/Documents/GitHub/LT39A/pratica05/timer.v Line: 12
Warning (10230): Verilog HDL assignment warning at timer.v(17): truncated value with size 8 to match size of target (7) File: C:/Users/welly/Documents/GitHub/LT39A/pratica05/timer.v Line: 17
Warning (10230): Verilog HDL assignment warning at timer.v(20): truncated value with size 8 to match size of target (7) File: C:/Users/welly/Documents/GitHub/LT39A/pratica05/timer.v Line: 20
Info (12128): Elaborating entity "RamMemory" for hierarchy "Sistema:inst01|RamMemory:inst02" File: C:/Users/welly/Documents/GitHub/LT39A/pratica05/Sistema.v Line: 24
Info (12128): Elaborating entity "Saida" for hierarchy "Saida:inst03" File: C:/Users/welly/Documents/GitHub/LT39A/pratica05/arquitetura.v Line: 22
Info (12128): Elaborating entity "PhraseBank" for hierarchy "Saida:inst03|PhraseBank:inst01" File: C:/Users/welly/Documents/GitHub/LT39A/pratica05/Saida.v Line: 18
Warning (10030): Net "Numbers.data_a" at PhraseBank.v(17) has no driver or initial value, using a default initial value '0' File: C:/Users/welly/Documents/GitHub/LT39A/pratica05/PhraseBank.v Line: 17
Warning (10030): Net "Numbers.waddr_a" at PhraseBank.v(17) has no driver or initial value, using a default initial value '0' File: C:/Users/welly/Documents/GitHub/LT39A/pratica05/PhraseBank.v Line: 17
Warning (10030): Net "RomState.data_a" at PhraseBank.v(31) has no driver or initial value, using a default initial value '0' File: C:/Users/welly/Documents/GitHub/LT39A/pratica05/PhraseBank.v Line: 31
Warning (10030): Net "RomState.waddr_a" at PhraseBank.v(31) has no driver or initial value, using a default initial value '0' File: C:/Users/welly/Documents/GitHub/LT39A/pratica05/PhraseBank.v Line: 31
Warning (10030): Net "Numbers.we_a" at PhraseBank.v(17) has no driver or initial value, using a default initial value '0' File: C:/Users/welly/Documents/GitHub/LT39A/pratica05/PhraseBank.v Line: 17
Warning (10030): Net "RomState.we_a" at PhraseBank.v(31) has no driver or initial value, using a default initial value '0' File: C:/Users/welly/Documents/GitHub/LT39A/pratica05/PhraseBank.v Line: 31
Info (12128): Elaborating entity "Deconcatener" for hierarchy "Saida:inst03|PhraseBank:inst01|Deconcatener:inst00" File: C:/Users/welly/Documents/GitHub/LT39A/pratica05/PhraseBank.v Line: 14
Warning (10230): Verilog HDL assignment warning at Deconcatener.v(7): truncated value with size 32 to match size of target (4) File: C:/Users/welly/Documents/GitHub/LT39A/pratica05/Deconcatener.v Line: 7
Warning (10230): Verilog HDL assignment warning at Deconcatener.v(8): truncated value with size 32 to match size of target (4) File: C:/Users/welly/Documents/GitHub/LT39A/pratica05/Deconcatener.v Line: 8
Warning (10230): Verilog HDL assignment warning at Deconcatener.v(10): truncated value with size 32 to match size of target (4) File: C:/Users/welly/Documents/GitHub/LT39A/pratica05/Deconcatener.v Line: 10
Warning (10230): Verilog HDL assignment warning at Deconcatener.v(11): truncated value with size 32 to match size of target (4) File: C:/Users/welly/Documents/GitHub/LT39A/pratica05/Deconcatener.v Line: 11
Warning (10230): Verilog HDL assignment warning at Deconcatener.v(13): truncated value with size 32 to match size of target (4) File: C:/Users/welly/Documents/GitHub/LT39A/pratica05/Deconcatener.v Line: 13
Warning (10230): Verilog HDL assignment warning at Deconcatener.v(14): truncated value with size 32 to match size of target (4) File: C:/Users/welly/Documents/GitHub/LT39A/pratica05/Deconcatener.v Line: 14
Info (12128): Elaborating entity "RomPadrao" for hierarchy "Saida:inst03|PhraseBank:inst01|RomPadrao:inst01" File: C:/Users/welly/Documents/GitHub/LT39A/pratica05/PhraseBank.v Line: 15
Warning (10030): Net "phrase.data_a" at RomPadrao.v(8) has no driver or initial value, using a default initial value '0' File: C:/Users/welly/Documents/GitHub/LT39A/pratica05/RomPadrao.v Line: 8
Warning (10030): Net "phrase.waddr_a" at RomPadrao.v(8) has no driver or initial value, using a default initial value '0' File: C:/Users/welly/Documents/GitHub/LT39A/pratica05/RomPadrao.v Line: 8
Warning (10030): Net "phrase.we_a" at RomPadrao.v(8) has no driver or initial value, using a default initial value '0' File: C:/Users/welly/Documents/GitHub/LT39A/pratica05/RomPadrao.v Line: 8
Info (12128): Elaborating entity "DisplayControlUnit" for hierarchy "Saida:inst03|DisplayControlUnit:inst02" File: C:/Users/welly/Documents/GitHub/LT39A/pratica05/Saida.v Line: 20
Warning (13046): Tri-state node(s) do not directly drive top-level pin(s)
    Warning (13049): Converted tri-state buffer "Sistema:inst01|MemoryClock" feeding internal logic into a wire File: C:/Users/welly/Documents/GitHub/LT39A/pratica05/Sistema.v Line: 21
Info (276014): Found 4 instances of uninferred RAM logic
    Info (276004): RAM logic "Saida:inst03|PhraseBank:inst01|Numbers" is uninferred due to inappropriate RAM size File: C:/Users/welly/Documents/GitHub/LT39A/pratica05/PhraseBank.v Line: 17
    Info (276004): RAM logic "Saida:inst03|PhraseBank:inst01|RomState" is uninferred due to inappropriate RAM size File: C:/Users/welly/Documents/GitHub/LT39A/pratica05/PhraseBank.v Line: 31
    Info (276004): RAM logic "Saida:inst03|PhraseBank:inst01|RomPadrao:inst01|phrase" is uninferred due to inappropriate RAM size File: C:/Users/welly/Documents/GitHub/LT39A/pratica05/RomPadrao.v Line: 8
    Info (276004): RAM logic "Sistema:inst01|RamMemory:inst02|RamBlock" is uninferred due to inappropriate RAM size File: C:/Users/welly/Documents/GitHub/LT39A/pratica05/RamMemory.v Line: 10
Critical Warning (127005): Memory depth (16) in the design file differs from memory depth (10) in the Memory Initialization File "C:/Users/welly/Documents/GitHub/LT39A/pratica05/db/pratica05.ram0_PhraseBank_af041c1.hdl.mif" -- setting initial value for remaining addresses to 0
Critical Warning (127005): Memory depth (4) in the design file differs from memory depth (3) in the Memory Initialization File "C:/Users/welly/Documents/GitHub/LT39A/pratica05/db/pratica05.ram1_PhraseBank_af041c1.hdl.mif" -- setting initial value for remaining addresses to 0
Info (278001): Inferred 6 megafunctions from design logic
    Info (278004): Inferred divider/modulo megafunction ("lpm_divide") from the following logic: "Saida:inst03|PhraseBank:inst01|Deconcatener:inst00|Div0" File: C:/Users/welly/Documents/GitHub/LT39A/pratica05/Deconcatener.v Line: 8
    Info (278004): Inferred divider/modulo megafunction ("lpm_divide") from the following logic: "Saida:inst03|PhraseBank:inst01|Deconcatener:inst00|Mod0" File: C:/Users/welly/Documents/GitHub/LT39A/pratica05/Deconcatener.v Line: 7
    Info (278004): Inferred divider/modulo megafunction ("lpm_divide") from the following logic: "Saida:inst03|PhraseBank:inst01|Deconcatener:inst00|Div2" File: C:/Users/welly/Documents/GitHub/LT39A/pratica05/Deconcatener.v Line: 14
    Info (278004): Inferred divider/modulo megafunction ("lpm_divide") from the following logic: "Saida:inst03|PhraseBank:inst01|Deconcatener:inst00|Mod2" File: C:/Users/welly/Documents/GitHub/LT39A/pratica05/Deconcatener.v Line: 13
    Info (278004): Inferred divider/modulo megafunction ("lpm_divide") from the following logic: "Saida:inst03|PhraseBank:inst01|Deconcatener:inst00|Div1" File: C:/Users/welly/Documents/GitHub/LT39A/pratica05/Deconcatener.v Line: 11
    Info (278004): Inferred divider/modulo megafunction ("lpm_divide") from the following logic: "Saida:inst03|PhraseBank:inst01|Deconcatener:inst00|Mod1" File: C:/Users/welly/Documents/GitHub/LT39A/pratica05/Deconcatener.v Line: 10
Info (12130): Elaborated megafunction instantiation "Saida:inst03|PhraseBank:inst01|Deconcatener:inst00|lpm_divide:Div0" File: C:/Users/welly/Documents/GitHub/LT39A/pratica05/Deconcatener.v Line: 8
Info (12133): Instantiated megafunction "Saida:inst03|PhraseBank:inst01|Deconcatener:inst00|lpm_divide:Div0" with the following parameter: File: C:/Users/welly/Documents/GitHub/LT39A/pratica05/Deconcatener.v Line: 8
    Info (12134): Parameter "LPM_WIDTHN" = "4"
    Info (12134): Parameter "LPM_WIDTHD" = "4"
    Info (12134): Parameter "LPM_NREPRESENTATION" = "UNSIGNED"
    Info (12134): Parameter "LPM_DREPRESENTATION" = "UNSIGNED"
Info (12021): Found 1 design units, including 1 entities, in source file db/lpm_divide_fhm.tdf
    Info (12023): Found entity 1: lpm_divide_fhm File: C:/Users/welly/Documents/GitHub/LT39A/pratica05/db/lpm_divide_fhm.tdf Line: 25
Info (12021): Found 1 design units, including 1 entities, in source file db/sign_div_unsign_7kh.tdf
    Info (12023): Found entity 1: sign_div_unsign_7kh File: C:/Users/welly/Documents/GitHub/LT39A/pratica05/db/sign_div_unsign_7kh.tdf Line: 25
Info (12021): Found 1 design units, including 1 entities, in source file db/alt_u_div_24f.tdf
    Info (12023): Found entity 1: alt_u_div_24f File: C:/Users/welly/Documents/GitHub/LT39A/pratica05/db/alt_u_div_24f.tdf Line: 27
Info (12021): Found 1 design units, including 1 entities, in source file db/add_sub_7pc.tdf
    Info (12023): Found entity 1: add_sub_7pc File: C:/Users/welly/Documents/GitHub/LT39A/pratica05/db/add_sub_7pc.tdf Line: 23
Info (12021): Found 1 design units, including 1 entities, in source file db/add_sub_8pc.tdf
    Info (12023): Found entity 1: add_sub_8pc File: C:/Users/welly/Documents/GitHub/LT39A/pratica05/db/add_sub_8pc.tdf Line: 23
Info (12130): Elaborated megafunction instantiation "Saida:inst03|PhraseBank:inst01|Deconcatener:inst00|lpm_divide:Mod0" File: C:/Users/welly/Documents/GitHub/LT39A/pratica05/Deconcatener.v Line: 7
Info (12133): Instantiated megafunction "Saida:inst03|PhraseBank:inst01|Deconcatener:inst00|lpm_divide:Mod0" with the following parameter: File: C:/Users/welly/Documents/GitHub/LT39A/pratica05/Deconcatener.v Line: 7
    Info (12134): Parameter "LPM_WIDTHN" = "4"
    Info (12134): Parameter "LPM_WIDTHD" = "4"
    Info (12134): Parameter "LPM_NREPRESENTATION" = "UNSIGNED"
    Info (12134): Parameter "LPM_DREPRESENTATION" = "UNSIGNED"
Info (12021): Found 1 design units, including 1 entities, in source file db/lpm_divide_i9m.tdf
    Info (12023): Found entity 1: lpm_divide_i9m File: C:/Users/welly/Documents/GitHub/LT39A/pratica05/db/lpm_divide_i9m.tdf Line: 25
Warning (12241): 1 hierarchies have connectivity warnings - see the Connectivity Checks report folder
Warning (13024): Output pins are stuck at VCC or GND
    Warning (13410): Pin "RW" is stuck at GND File: C:/Users/welly/Documents/GitHub/LT39A/pratica05/arquitetura.v Line: 8
    Warning (13410): Pin "LCD_Blon" is stuck at VCC File: C:/Users/welly/Documents/GitHub/LT39A/pratica05/arquitetura.v Line: 11
    Warning (13410): Pin "LCD_On" is stuck at VCC File: C:/Users/welly/Documents/GitHub/LT39A/pratica05/arquitetura.v Line: 12
Info (286030): Timing-Driven Synthesis is running
Info (17049): 4 registers lost all their fanouts during netlist optimizations.
Info (144001): Generated suppressed messages file C:/Users/welly/Documents/GitHub/LT39A/pratica05/output_files/pratica05.map.smsg
Info (16010): Generating hard_block partition "hard_block:auto_generated_inst"
    Info (16011): Adding 0 node(s), including 0 DDIO, 0 PLL, 0 transceiver and 0 LCELL
Info (21057): Implemented 466 device resources after synthesis - the final resource count might be different
    Info (21058): Implemented 9 input pins
    Info (21059): Implemented 17 output pins
    Info (21061): Implemented 440 logic cells
Info: Quartus Prime Analysis & Synthesis was successful. 0 errors, 30 warnings
    Info: Peak virtual memory: 4795 megabytes
    Info: Processing ended: Fri Aug 23 15:29:29 2024
    Info: Elapsed time: 00:00:08
    Info: Total CPU time (on all processors): 00:00:05


+------------------------------------------+
; Analysis & Synthesis Suppressed Messages ;
+------------------------------------------+
The suppressed messages can be found in C:/Users/welly/Documents/GitHub/LT39A/pratica05/output_files/pratica05.map.smsg.


